{
"contracts/ASE.sol":{"l":{"27":12,"32":12,"37":12,"41":12},"path":"/Users/cyotee/Development/github-mimir-solutions/daosys/contracts/ASE.sol","s":{"1":12,"2":12,"3":12,"4":12},"b":{},"f":{"1":12,"2":12},"fnMap":{"1":{"name":"constructor","line":26,"loc":{"start":{"line":26,"column":2},"end":{"line":28,"column":2}}},"2":{"name":"_deploy","line":30,"loc":{"start":{"line":30,"column":2},"end":{"line":43,"column":2}}}},"statementMap":{"1":{"start":{"line":27,"column":4},"end":{"line":27,"column":12}},"2":{"start":{"line":32,"column":4},"end":{"line":32,"column":917}},"3":{"start":{"line":37,"column":4},"end":{"line":37,"column":1030}},"4":{"start":{"line":41,"column":4},"end":{"line":41,"column":77}}},"branchMap":{}},
"contracts/ASEContext.sol":{"l":{},"path":"/Users/cyotee/Development/github-mimir-solutions/daosys/contracts/ASEContext.sol","s":{},"b":{},"f":{},"fnMap":{},"statementMap":{},"branchMap":{}},
"contracts/Context.sol":{"l":{"28":286,"34":260,"35":260,"36":260,"43":0,"53":187,"54":187,"55":187,"59":160,"66":135,"67":135,"68":135,"72":117},"path":"/Users/cyotee/Development/github-mimir-solutions/daosys/contracts/Context.sol","s":{"1":286,"2":260,"3":260,"4":260,"5":0,"6":187,"7":187,"8":187,"9":160,"10":135,"11":135,"12":135,"13":117},"b":{"1":[187,0],"2":[135,0]},"f":{"1":286,"2":0,"3":187,"4":135},"fnMap":{"1":{"name":"deployContext","line":25,"loc":{"start":{"line":25,"column":2},"end":{"line":38,"column":2}}},"2":{"name":"calculateContextAddress","line":40,"loc":{"start":{"line":40,"column":2},"end":{"line":48,"column":2}}},"3":{"name":"getInstance","line":50,"loc":{"start":{"line":50,"column":2},"end":{"line":61,"column":2}}},"4":{"name":"getMock","line":63,"loc":{"start":{"line":63,"column":2},"end":{"line":74,"column":2}}}},"statementMap":{"1":{"start":{"line":28,"column":4},"end":{"line":28,"column":982}},"2":{"start":{"line":34,"column":4},"end":{"line":34,"column":74}},"3":{"start":{"line":35,"column":4},"end":{"line":35,"column":59}},"4":{"start":{"line":36,"column":4},"end":{"line":36,"column":67}},"5":{"start":{"line":43,"column":4},"end":{"line":43,"column":1410}},"6":{"start":{"line":53,"column":4},"end":{"line":53,"column":50}},"7":{"start":{"line":54,"column":4},"end":{"line":54,"column":1673}},"8":{"start":{"line":55,"column":6},"end":{"line":55,"column":1711}},"9":{"start":{"line":59,"column":6},"end":{"line":59,"column":52}},"10":{"start":{"line":66,"column":4},"end":{"line":66,"column":42}},"11":{"start":{"line":67,"column":4},"end":{"line":67,"column":2069}},"12":{"start":{"line":68,"column":6},"end":{"line":68,"column":2103}},"13":{"start":{"line":72,"column":6},"end":{"line":72,"column":44}}},"branchMap":{"1":{"line":54,"type":"if","locations":[{"start":{"line":54,"column":4},"end":{"line":54,"column":4}},{"start":{"line":54,"column":4},"end":{"line":54,"column":4}}]},"2":{"line":67,"type":"if","locations":[{"start":{"line":67,"column":4},"end":{"line":67,"column":4}},{"start":{"line":67,"column":4},"end":{"line":67,"column":4}}]}}},
"contracts/evm/casting/type/interfaces/ITypeCasting.sol":{"l":{},"path":"/Users/cyotee/Development/github-mimir-solutions/daosys/contracts/evm/casting/type/interfaces/ITypeCasting.sol","s":{},"b":{},"f":{},"fnMap":{},"statementMap":{},"branchMap":{}},
"contracts/evm/casting/type/logic/TypeCastingLogic.sol":{"l":{"13":10},"path":"/Users/cyotee/Development/github-mimir-solutions/daosys/contracts/evm/casting/type/logic/TypeCastingLogic.sol","s":{"1":10},"b":{},"f":{"1":10},"fnMap":{"1":{"name":"_bytes4ToBytes32","line":10,"loc":{"start":{"line":10,"column":2},"end":{"line":14,"column":2}}}},"statementMap":{"1":{"start":{"line":13,"column":4},"end":{"line":13,"column":55}}},"branchMap":{}},
"contracts/evm/casting/type/mocks/TypeCastingMock.sol":{"l":{"20":10},"path":"/Users/cyotee/Development/github-mimir-solutions/daosys/contracts/evm/casting/type/mocks/TypeCastingMock.sol","s":{"1":10},"b":{},"f":{"1":10},"fnMap":{"1":{"name":"bytes4ToBytes32","line":17,"loc":{"start":{"line":17,"column":2},"end":{"line":21,"column":2}}}},"statementMap":{"1":{"start":{"line":20,"column":4},"end":{"line":20,"column":55}}},"branchMap":{}},
"contracts/evm/casting/type/TypeCasting.sol":{"l":{},"path":"/Users/cyotee/Development/github-mimir-solutions/daosys/contracts/evm/casting/type/TypeCasting.sol","s":{},"b":{},"f":{},"fnMap":{},"statementMap":{},"branchMap":{}},
"contracts/evm/casting/type/utils/TypeCastingUtils.sol":{"l":{"9":10},"path":"/Users/cyotee/Development/github-mimir-solutions/daosys/contracts/evm/casting/type/utils/TypeCastingUtils.sol","s":{"1":10},"b":{},"f":{"1":10},"fnMap":{"1":{"name":"_bytes4ToBytes32","line":6,"loc":{"start":{"line":6,"column":2},"end":{"line":10,"column":2}}}},"statementMap":{"1":{"start":{"line":9,"column":4},"end":{"line":9,"column":29}}},"branchMap":{}},
"contracts/evm/create/utils/CreateUtils.sol":{"l":{"15":20,"21":20},"path":"/Users/cyotee/Development/github-mimir-solutions/daosys/contracts/evm/create/utils/CreateUtils.sol","s":{"1":20},"b":{"1":[16,4]},"f":{"1":20},"fnMap":{"1":{"name":"_deploy","line":14,"loc":{"start":{"line":14,"column":2},"end":{"line":22,"column":2}}}},"statementMap":{"1":{"start":{"line":21,"column":4},"end":{"line":21,"column":77}}},"branchMap":{"1":{"line":21,"type":"if","locations":[{"start":{"line":21,"column":4},"end":{"line":21,"column":4}},{"start":{"line":21,"column":4},"end":{"line":21,"column":4}}]}}},
"contracts/evm/create/utils/mocks/CreateUtilsMock.sol":{"l":{"16":16},"path":"/Users/cyotee/Development/github-mimir-solutions/daosys/contracts/evm/create/utils/mocks/CreateUtilsMock.sol","s":{"1":16},"b":{},"f":{"1":16},"fnMap":{"1":{"name":"deploy","line":15,"loc":{"start":{"line":15,"column":2},"end":{"line":17,"column":2}}}},"statementMap":{"1":{"start":{"line":16,"column":4},"end":{"line":16,"column":56}}},"branchMap":{}},
"contracts/evm/create2/utils/Create2Utils.sol":{"l":{"21":7,"46":1,"57":716,"62":716},"path":"/Users/cyotee/Development/github-mimir-solutions/daosys/contracts/evm/create2/utils/Create2Utils.sol","s":{"1":7,"2":1,"3":716},"b":{"1":[626,90]},"f":{"1":7,"2":1,"3":716},"fnMap":{"1":{"name":"_calculateDeploymentAddress","line":16,"loc":{"start":{"line":16,"column":2},"end":{"line":35,"column":2}}},"2":{"name":"_calculateInitCodeHash","line":43,"loc":{"start":{"line":43,"column":2},"end":{"line":47,"column":2}}},"3":{"name":"_deployWithSalt","line":56,"loc":{"start":{"line":56,"column":2},"end":{"line":63,"column":2}}}},"statementMap":{"1":{"start":{"line":21,"column":4},"end":{"line":21,"column":974}},"2":{"start":{"line":46,"column":4},"end":{"line":46,"column":45}},"3":{"start":{"line":62,"column":4},"end":{"line":62,"column":71}}},"branchMap":{"1":{"line":62,"type":"if","locations":[{"start":{"line":62,"column":4},"end":{"line":62,"column":4}},{"start":{"line":62,"column":4},"end":{"line":62,"column":4}}]}}},
"contracts/evm/create2/utils/mocks/Create2UtilsMock.sol":{"l":{"21":6,"31":1,"42":65},"path":"/Users/cyotee/Development/github-mimir-solutions/daosys/contracts/evm/create2/utils/mocks/Create2UtilsMock.sol","s":{"1":6,"2":1,"3":65},"b":{},"f":{"1":6,"2":1,"3":65},"fnMap":{"1":{"name":"calculateDeploymentAddress","line":16,"loc":{"start":{"line":16,"column":2},"end":{"line":26,"column":2}}},"2":{"name":"calculateInitCodeHash","line":28,"loc":{"start":{"line":28,"column":2},"end":{"line":32,"column":2}}},"3":{"name":"deployWithSalt","line":41,"loc":{"start":{"line":41,"column":2},"end":{"line":43,"column":2}}}},"statementMap":{"1":{"start":{"line":21,"column":4},"end":{"line":21,"column":644}},"2":{"start":{"line":31,"column":4},"end":{"line":31,"column":71}},"3":{"start":{"line":42,"column":4},"end":{"line":42,"column":64}}},"branchMap":{}},
"contracts/factory/proxy/service/interfaces/IServiceProxyFactory.sol":{"l":{},"path":"/Users/cyotee/Development/github-mimir-solutions/daosys/contracts/factory/proxy/service/interfaces/IServiceProxyFactory.sol","s":{},"b":{},"f":{},"fnMap":{},"statementMap":{},"branchMap":{}},
"contracts/factory/proxy/service/logic/ServiceProxyFactoryLogic.sol":{"l":{},"path":"/Users/cyotee/Development/github-mimir-solutions/daosys/contracts/factory/proxy/service/logic/ServiceProxyFactoryLogic.sol","s":{},"b":{},"f":{},"fnMap":{},"statementMap":{},"branchMap":{}},
"contracts/factory/proxy/service/ServiceProxyFactory.sol":{"l":{"43":15,"44":15,"46":15,"63":15,"73":15},"path":"/Users/cyotee/Development/github-mimir-solutions/daosys/contracts/factory/proxy/service/ServiceProxyFactory.sol","s":{"1":15,"2":15,"3":15,"4":15,"5":15},"b":{},"f":{"1":12,"2":15,"3":15},"fnMap":{"1":{"name":"constructor","line":35,"loc":{"start":{"line":35,"column":2},"end":{"line":37,"column":2}}},"2":{"name":"_calcServiceId","line":39,"loc":{"start":{"line":39,"column":2},"end":{"line":47,"column":2}}},"3":{"name":"deployService","line":60,"loc":{"start":{"line":60,"column":2},"end":{"line":74,"column":2}}}},"statementMap":{"1":{"start":{"line":43,"column":4},"end":{"line":43,"column":1278}},"2":{"start":{"line":44,"column":6},"end":{"line":44,"column":67}},"3":{"start":{"line":46,"column":4},"end":{"line":46,"column":57}},"4":{"start":{"line":63,"column":4},"end":{"line":63,"column":1977}},"5":{"start":{"line":73,"column":4},"end":{"line":73,"column":108}}},"branchMap":{}},
"contracts/factory/service/delegate/DelegateServiceFactory.sol":{"l":{"33":20,"38":20,"54":8},"path":"/Users/cyotee/Development/github-mimir-solutions/daosys/contracts/factory/service/delegate/DelegateServiceFactory.sol","s":{"1":20,"2":20,"3":8},"b":{},"f":{"1":20,"2":8},"fnMap":{"1":{"name":"_deployDelegateService","line":29,"loc":{"start":{"line":29,"column":2},"end":{"line":42,"column":2}}},"2":{"name":"deployDelegateService","line":50,"loc":{"start":{"line":50,"column":2},"end":{"line":58,"column":2}}}},"statementMap":{"1":{"start":{"line":33,"column":4},"end":{"line":33,"column":1209}},"2":{"start":{"line":38,"column":4},"end":{"line":38,"column":1347}},"3":{"start":{"line":54,"column":4},"end":{"line":54,"column":2021}}},"branchMap":{}},
"contracts/factory/service/delegate/interfaces/IDelegateServiceFactory.sol":{"l":{},"path":"/Users/cyotee/Development/github-mimir-solutions/daosys/contracts/factory/service/delegate/interfaces/IDelegateServiceFactory.sol","s":{},"b":{},"f":{},"fnMap":{},"statementMap":{},"branchMap":{}},
"contracts/factory/service/delegate/logic/DelegateServiceFactoryLogic.sol":{"l":{"17":20,"21":20,"22":20,"23":20,"24":20,"25":20},"path":"/Users/cyotee/Development/github-mimir-solutions/daosys/contracts/factory/service/delegate/logic/DelegateServiceFactoryLogic.sol","s":{"1":20,"2":20,"3":20,"4":20,"5":20,"6":20},"b":{"1":[20,0],"2":[20,0],"3":[20,0]},"f":{"1":20},"fnMap":{"1":{"name":"_deployDelegateService","line":13,"loc":{"start":{"line":13,"column":2},"end":{"line":26,"column":2}}}},"statementMap":{"1":{"start":{"line":17,"column":4},"end":{"line":17,"column":453}},"2":{"start":{"line":21,"column":4},"end":{"line":21,"column":94}},"3":{"start":{"line":22,"column":4},"end":{"line":22,"column":85}},"4":{"start":{"line":23,"column":4},"end":{"line":23,"column":130}},"5":{"start":{"line":24,"column":4},"end":{"line":24,"column":63}},"6":{"start":{"line":25,"column":4},"end":{"line":25,"column":92}}},"branchMap":{"1":{"line":21,"type":"if","locations":[{"start":{"line":21,"column":4},"end":{"line":21,"column":4}},{"start":{"line":21,"column":4},"end":{"line":21,"column":4}}]},"2":{"line":24,"type":"if","locations":[{"start":{"line":24,"column":4},"end":{"line":24,"column":4}},{"start":{"line":24,"column":4},"end":{"line":24,"column":4}}]},"3":{"line":25,"type":"if","locations":[{"start":{"line":25,"column":4},"end":{"line":25,"column":4}},{"start":{"line":25,"column":4},"end":{"line":25,"column":4}}]}}},
"contracts/IASE.sol":{"l":{},"path":"/Users/cyotee/Development/github-mimir-solutions/daosys/contracts/IASE.sol","s":{},"b":{},"f":{},"fnMap":{},"statementMap":{},"branchMap":{}},
"contracts/IContext.sol":{"l":{},"path":"/Users/cyotee/Development/github-mimir-solutions/daosys/contracts/IContext.sol","s":{},"b":{},"f":{},"fnMap":{},"statementMap":{},"branchMap":{}},
"contracts/introspection/erc165/ERC165.sol":{"l":{"20":305,"24":0,"30":0,"34":2},"path":"/Users/cyotee/Development/github-mimir-solutions/daosys/contracts/introspection/erc165/ERC165.sol","s":{"1":305,"2":0,"3":0,"4":2},"b":{},"f":{"1":305,"2":0,"3":0,"4":2},"fnMap":{"1":{"name":"constructor","line":19,"loc":{"start":{"line":19,"column":2},"end":{"line":21,"column":2}}},"2":{"name":"_erc165Init","line":23,"loc":{"start":{"line":23,"column":2},"end":{"line":25,"column":2}}},"3":{"name":"_addSupportedInterface","line":27,"loc":{"start":{"line":27,"column":2},"end":{"line":31,"column":2}}},"4":{"name":"supportsInterface","line":33,"loc":{"start":{"line":33,"column":2},"end":{"line":35,"column":2}}}},"statementMap":{"1":{"start":{"line":20,"column":4},"end":{"line":20,"column":28}},"2":{"start":{"line":24,"column":4},"end":{"line":24,"column":28}},"3":{"start":{"line":30,"column":4},"end":{"line":30,"column":50}},"4":{"start":{"line":34,"column":4},"end":{"line":34,"column":63}}},"branchMap":{}},
"contracts/introspection/erc165/ERC165Context.sol":{"l":{"12":40,"16":0,"17":0,"21":0,"22":0,"23":0,"28":0,"32":0,"36":35,"40":35,"44":8,"48":0},"path":"/Users/cyotee/Development/github-mimir-solutions/daosys/contracts/introspection/erc165/ERC165Context.sol","s":{"1":40,"2":0,"3":0,"4":0,"5":0,"6":0,"7":0,"8":0,"9":35,"10":35,"11":8,"12":0},"b":{},"f":{"1":40,"2":0,"3":0,"4":0,"5":0,"6":35,"7":35,"8":8,"9":0},"fnMap":{"1":{"name":"interfaceId","line":11,"loc":{"start":{"line":11,"column":2},"end":{"line":13,"column":2}}},"2":{"name":"_functionSelectors","line":15,"loc":{"start":{"line":15,"column":2},"end":{"line":18,"column":2}}},"3":{"name":"calcInterfaceId","line":20,"loc":{"start":{"line":20,"column":2},"end":{"line":25,"column":2}}},"4":{"name":"functionSelectors","line":27,"loc":{"start":{"line":27,"column":2},"end":{"line":29,"column":2}}},"5":{"name":"creationCode","line":31,"loc":{"start":{"line":31,"column":2},"end":{"line":33,"column":2}}},"6":{"name":"codehash","line":35,"loc":{"start":{"line":35,"column":2},"end":{"line":37,"column":2}}},"7":{"name":"name","line":39,"loc":{"start":{"line":39,"column":2},"end":{"line":41,"column":2}}},"8":{"name":"instance","line":43,"loc":{"start":{"line":43,"column":2},"end":{"line":45,"column":2}}},"9":{"name":"mock","line":47,"loc":{"start":{"line":47,"column":2},"end":{"line":49,"column":2}}}},"statementMap":{"1":{"start":{"line":12,"column":4},"end":{"line":12,"column":43}},"2":{"start":{"line":16,"column":4},"end":{"line":16,"column":39}},"3":{"start":{"line":17,"column":4},"end":{"line":17,"column":61}},"4":{"start":{"line":21,"column":4},"end":{"line":21,"column":61}},"5":{"start":{"line":22,"column":4},"end":{"line":22,"column":651}},"6":{"start":{"line":23,"column":6},"end":{"line":23,"column":64}},"7":{"start":{"line":28,"column":4},"end":{"line":28,"column":44}},"8":{"start":{"line":32,"column":4},"end":{"line":32,"column":44}},"9":{"start":{"line":36,"column":4},"end":{"line":36,"column":51}},"10":{"start":{"line":40,"column":4},"end":{"line":40,"column":28}},"11":{"start":{"line":44,"column":4},"end":{"line":44,"column":40}},"12":{"start":{"line":48,"column":4},"end":{"line":48,"column":36}}},"branchMap":{}},
"contracts/introspection/erc165/interfaces/IERC165.sol":{"l":{},"path":"/Users/cyotee/Development/github-mimir-solutions/daosys/contracts/introspection/erc165/interfaces/IERC165.sol","s":{},"b":{},"f":{},"fnMap":{},"statementMap":{},"branchMap":{}},
"contracts/introspection/erc165/logic/ERC165Logic.sol":{"l":{"31":305,"39":8,"46":690},"path":"/Users/cyotee/Development/github-mimir-solutions/daosys/contracts/introspection/erc165/logic/ERC165Logic.sol","s":{"1":305,"2":8,"3":690},"b":{},"f":{"1":305,"2":8,"3":690},"fnMap":{"1":{"name":"_erc165Init","line":30,"loc":{"start":{"line":30,"column":2},"end":{"line":34,"column":2}}},"2":{"name":"_isSupportedInterface","line":36,"loc":{"start":{"line":36,"column":2},"end":{"line":41,"column":2}}},"3":{"name":"_addSupportedInterface","line":43,"loc":{"start":{"line":43,"column":2},"end":{"line":48,"column":2}}}},"statementMap":{"1":{"start":{"line":31,"column":4},"end":{"line":31,"column":1024}},"2":{"start":{"line":39,"column":4},"end":{"line":39,"column":1257}},"3":{"start":{"line":46,"column":4},"end":{"line":46,"column":1456}}},"branchMap":{}},
"contracts/introspection/erc165/storage/ERC165Repository.sol":{"l":{"29":698,"30":698},"path":"/Users/cyotee/Development/github-mimir-solutions/daosys/contracts/introspection/erc165/storage/ERC165Repository.sol","s":{"1":698},"b":{},"f":{"1":698},"fnMap":{"1":{"name":"_layout","line":28,"loc":{"start":{"line":28,"column":2},"end":{"line":31,"column":2}}}},"statementMap":{"1":{"start":{"line":29,"column":4},"end":{"line":29,"column":61}}},"branchMap":{}},
"contracts/introspection/erc165/storage/ERC165Storage.sol":{"l":{},"path":"/Users/cyotee/Development/github-mimir-solutions/daosys/contracts/introspection/erc165/storage/ERC165Storage.sol","s":{},"b":{},"f":{},"fnMap":{},"statementMap":{},"branchMap":{}},
"contracts/introspection/erc165/storage/ERC165StorageUtils.sol":{"l":{"27":8,"34":690,"35":690},"path":"/Users/cyotee/Development/github-mimir-solutions/daosys/contracts/introspection/erc165/storage/ERC165StorageUtils.sol","s":{"1":8,"2":690,"3":690},"b":{"1":[690,0]},"f":{"1":8,"2":690},"fnMap":{"1":{"name":"_isSupportedInterface","line":23,"loc":{"start":{"line":23,"column":2},"end":{"line":28,"column":2}}},"2":{"name":"_addSupportedInterface","line":30,"loc":{"start":{"line":30,"column":2},"end":{"line":36,"column":2}}}},"statementMap":{"1":{"start":{"line":27,"column":4},"end":{"line":27,"column":64}},"2":{"start":{"line":34,"column":4},"end":{"line":34,"column":69}},"3":{"start":{"line":35,"column":4},"end":{"line":35,"column":51}}},"branchMap":{"1":{"line":34,"type":"if","locations":[{"start":{"line":34,"column":4},"end":{"line":34,"column":4}},{"start":{"line":34,"column":4},"end":{"line":34,"column":4}}]}}},
"contracts/proxies/minimal/generator/logic/MinimalProxyGeneratorLogic.sol":{"l":{"65":30},"path":"/Users/cyotee/Development/github-mimir-solutions/daosys/contracts/proxies/minimal/generator/logic/MinimalProxyGeneratorLogic.sol","s":{"1":30},"b":{},"f":{"1":30},"fnMap":{"1":{"name":"_generateMinimalProxyInitCode","line":62,"loc":{"start":{"line":62,"column":2},"end":{"line":66,"column":2}}}},"statementMap":{"1":{"start":{"line":65,"column":4},"end":{"line":65,"column":99}}},"branchMap":{}},
"contracts/proxies/minimal/generator/mocks/MinimalProxyGeneratorMock.sol":{"l":{"25":4,"36":8,"49":1,"68":1,"77":2},"path":"/Users/cyotee/Development/github-mimir-solutions/daosys/contracts/proxies/minimal/generator/mocks/MinimalProxyGeneratorMock.sol","s":{"1":4,"2":8,"3":1,"4":1,"5":2},"b":{},"f":{"1":4,"2":8,"3":1,"4":1,"5":2},"fnMap":{"1":{"name":"deployMinimalProxy","line":24,"loc":{"start":{"line":24,"column":2},"end":{"line":26,"column":2}}},"2":{"name":"deployMinimalProxyWithSalt","line":35,"loc":{"start":{"line":35,"column":2},"end":{"line":37,"column":2}}},"3":{"name":"_calculateMinimalProxyDeploymentAddress","line":45,"loc":{"start":{"line":45,"column":2},"end":{"line":54,"column":2}}},"4":{"name":"calculateMinimalProxyDeploymentAddress","line":67,"loc":{"start":{"line":67,"column":2},"end":{"line":69,"column":2}}},"5":{"name":"generateMinimalProxyInitCode","line":76,"loc":{"start":{"line":76,"column":2},"end":{"line":78,"column":2}}}},"statementMap":{"1":{"start":{"line":25,"column":4},"end":{"line":25,"column":103}},"2":{"start":{"line":36,"column":4},"end":{"line":36,"column":118}},"3":{"start":{"line":49,"column":4},"end":{"line":49,"column":1955}},"4":{"start":{"line":68,"column":4},"end":{"line":68,"column":64}},"5":{"start":{"line":77,"column":4},"end":{"line":77,"column":75}}},"branchMap":{}},
"contracts/proxies/Proxy.sol":{"l":{"20":4,"22":4},"path":"/Users/cyotee/Development/github-mimir-solutions/daosys/contracts/proxies/Proxy.sol","s":{"1":4},"b":{},"f":{"1":4},"fnMap":{"1":{"name":null,"line":19,"loc":{"start":{"line":19,"column":2},"end":{"line":32,"column":2}}}},"statementMap":{"1":{"start":{"line":20,"column":4},"end":{"line":20,"column":49}}},"branchMap":{}},
"contracts/proxies/selector/interfaces/ISelectorProxy.sol":{"l":{},"path":"/Users/cyotee/Development/github-mimir-solutions/daosys/contracts/proxies/selector/interfaces/ISelectorProxy.sol","s":{},"b":{},"f":{},"fnMap":{},"statementMap":{},"branchMap":{}},
"contracts/proxies/selector/logic/SelectorProxyLogic.sol":{"l":{"23":66,"33":6},"path":"/Users/cyotee/Development/github-mimir-solutions/daosys/contracts/proxies/selector/logic/SelectorProxyLogic.sol","s":{"1":66,"2":6},"b":{},"f":{"1":66,"2":6},"fnMap":{"1":{"name":"_mapImplementation","line":19,"loc":{"start":{"line":19,"column":2},"end":{"line":28,"column":2}}},"2":{"name":"_queryImplementation","line":30,"loc":{"start":{"line":30,"column":2},"end":{"line":35,"column":2}}}},"statementMap":{"1":{"start":{"line":23,"column":4},"end":{"line":23,"column":636}},"2":{"start":{"line":33,"column":4},"end":{"line":33,"column":951}}},"branchMap":{}},
"contracts/proxies/selector/mocks/SelectorProxyMock.sol":{"l":{"27":6,"31":6,"35":1,"39":1},"path":"/Users/cyotee/Development/github-mimir-solutions/daosys/contracts/proxies/selector/mocks/SelectorProxyMock.sol","s":{"1":6,"2":6,"3":1,"4":1},"b":{},"f":{"1":6,"2":1,"3":1},"fnMap":{"1":{"name":"mapImplementation","line":23,"loc":{"start":{"line":23,"column":2},"end":{"line":32,"column":2}}},"2":{"name":"ISelectorProxyInterfaceId","line":34,"loc":{"start":{"line":34,"column":2},"end":{"line":36,"column":2}}},"3":{"name":"queryImplementationFunctionSelector","line":38,"loc":{"start":{"line":38,"column":2},"end":{"line":40,"column":2}}}},"statementMap":{"1":{"start":{"line":27,"column":4},"end":{"line":27,"column":604}},"2":{"start":{"line":31,"column":4},"end":{"line":31,"column":17}},"3":{"start":{"line":35,"column":4},"end":{"line":35,"column":49}},"4":{"start":{"line":39,"column":4},"end":{"line":39,"column":65}}},"branchMap":{}},
"contracts/proxies/selector/repository/SelectorProxyRepository.sol":{"l":{"22":72,"28":72,"33":72,"34":72},"path":"/Users/cyotee/Development/github-mimir-solutions/daosys/contracts/proxies/selector/repository/SelectorProxyRepository.sol","s":{"1":72,"2":72,"3":72},"b":{},"f":{"1":72,"2":72,"3":72},"fnMap":{"1":{"name":"_structSlot","line":21,"loc":{"start":{"line":21,"column":2},"end":{"line":23,"column":2}}},"2":{"name":"_saltStorageSlot","line":25,"loc":{"start":{"line":25,"column":2},"end":{"line":30,"column":2}}},"3":{"name":"_layout","line":32,"loc":{"start":{"line":32,"column":2},"end":{"line":35,"column":2}}}},"statementMap":{"1":{"start":{"line":22,"column":4},"end":{"line":22,"column":35}},"2":{"start":{"line":28,"column":4},"end":{"line":28,"column":1050}},"3":{"start":{"line":33,"column":4},"end":{"line":33,"column":47}}},"branchMap":{}},
"contracts/proxies/selector/SelectorProxy.sol":{"l":{"23":66,"33":30,"34":60,"44":6,"54":4,"60":2},"path":"/Users/cyotee/Development/github-mimir-solutions/daosys/contracts/proxies/selector/SelectorProxy.sol","s":{"1":66,"2":30,"3":60,"4":6,"5":4,"6":2},"b":{},"f":{"1":66,"2":30,"3":6,"4":4,"5":2},"fnMap":{"1":{"name":"_mapImplementation","line":19,"loc":{"start":{"line":19,"column":2},"end":{"line":27,"column":2}}},"2":{"name":"_mapImplementations","line":29,"loc":{"start":{"line":29,"column":2},"end":{"line":39,"column":2}}},"3":{"name":"_queryImplementation","line":41,"loc":{"start":{"line":41,"column":2},"end":{"line":47,"column":2}}},"4":{"name":"_getImplementation","line":53,"loc":{"start":{"line":53,"column":2},"end":{"line":55,"column":2}}},"5":{"name":"queryImplementation","line":57,"loc":{"start":{"line":57,"column":2},"end":{"line":61,"column":2}}}},"statementMap":{"1":{"start":{"line":23,"column":4},"end":{"line":23,"column":447}},"2":{"start":{"line":33,"column":4},"end":{"line":33,"column":660}},"3":{"start":{"line":34,"column":6},"end":{"line":34,"column":746}},"4":{"start":{"line":44,"column":4},"end":{"line":44,"column":967}},"5":{"start":{"line":54,"column":4},"end":{"line":54,"column":49}},"6":{"start":{"line":60,"column":4},"end":{"line":60,"column":58}}},"branchMap":{}},
"contracts/proxies/selector/storage/SelectorProxyStorageUtils.sol":{"l":{"37":66,"47":6},"path":"/Users/cyotee/Development/github-mimir-solutions/daosys/contracts/proxies/selector/storage/SelectorProxyStorageUtils.sol","s":{"1":66,"2":6},"b":{},"f":{"1":66,"2":6},"fnMap":{"1":{"name":"_mapImplementation","line":32,"loc":{"start":{"line":32,"column":2},"end":{"line":41,"column":2}}},"2":{"name":"_queryImplementation","line":43,"loc":{"start":{"line":43,"column":2},"end":{"line":50,"column":2}}}},"statementMap":{"1":{"start":{"line":37,"column":4},"end":{"line":37,"column":1116}},"2":{"start":{"line":47,"column":4},"end":{"line":47,"column":1373}}},"branchMap":{}},
"contracts/proxies/selector/storage/type/SelectorProxyStorage.sol":{"l":{},"path":"/Users/cyotee/Development/github-mimir-solutions/daosys/contracts/proxies/selector/storage/type/SelectorProxyStorage.sol","s":{},"b":{},"f":{},"fnMap":{},"statementMap":{},"branchMap":{}},
"contracts/proxies/service/interfaces/IServiceProxy.sol":{"l":{},"path":"/Users/cyotee/Development/github-mimir-solutions/daosys/contracts/proxies/service/interfaces/IServiceProxy.sol","s":{},"b":{},"f":{},"fnMap":{},"statementMap":{},"branchMap":{}},
"contracts/proxies/service/mocks/ServiceProxyMock.sol":{"l":{},"path":"/Users/cyotee/Development/github-mimir-solutions/daosys/contracts/proxies/service/mocks/ServiceProxyMock.sol","s":{},"b":{},"f":{},"fnMap":{},"statementMap":{},"branchMap":{}},
"contracts/proxies/service/ServiceProxy.sol":{"l":{"33":12,"34":12,"35":12,"37":12,"43":12,"52":15,"53":15,"61":15,"64":15,"66":15,"67":15,"69":15,"70":30,"82":0,"89":0},"path":"/Users/cyotee/Development/github-mimir-solutions/daosys/contracts/proxies/service/ServiceProxy.sol","s":{"1":12,"2":12,"3":12,"4":12,"5":12,"6":15,"7":15,"8":15,"9":15,"10":15,"11":15,"12":15,"13":30,"14":0,"15":0},"b":{},"f":{"1":12,"2":15,"3":15,"4":0,"5":0},"fnMap":{"1":{"name":"constructor","line":32,"loc":{"start":{"line":32,"column":2},"end":{"line":44,"column":2}}},"2":{"name":"initServiceProxy","line":49,"loc":{"start":{"line":47,"column":2},"end":{"line":54,"column":2}}},"3":{"name":"_initServiceProxy","line":56,"loc":{"start":{"line":56,"column":2},"end":{"line":77,"column":2}}},"4":{"name":"queryImplementation","line":79,"loc":{"start":{"line":79,"column":2},"end":{"line":85,"column":2}}},"5":{"name":"supportsInterface","line":88,"loc":{"start":{"line":88,"column":2},"end":{"line":90,"column":2}}}},"statementMap":{"1":{"start":{"line":33,"column":4},"end":{"line":33,"column":68}},"2":{"start":{"line":34,"column":4},"end":{"line":34,"column":78}},"3":{"start":{"line":35,"column":4},"end":{"line":35,"column":81}},"4":{"start":{"line":37,"column":4},"end":{"line":37,"column":1157}},"5":{"start":{"line":43,"column":4},"end":{"line":43,"column":73}},"6":{"start":{"line":52,"column":4},"end":{"line":52,"column":38}},"7":{"start":{"line":53,"column":4},"end":{"line":53,"column":17}},"8":{"start":{"line":61,"column":4},"end":{"line":61,"column":1914}},"9":{"start":{"line":64,"column":6},"end":{"line":64,"column":128}},"10":{"start":{"line":66,"column":6},"end":{"line":66,"column":2189}},"11":{"start":{"line":67,"column":8},"end":{"line":67,"column":54}},"12":{"start":{"line":69,"column":8},"end":{"line":69,"column":2341}},"13":{"start":{"line":70,"column":10},"end":{"line":70,"column":2467}},"14":{"start":{"line":82,"column":4},"end":{"line":82,"column":2784}},"15":{"start":{"line":89,"column":4},"end":{"line":89,"column":69}}},"branchMap":{}},
"contracts/proxies/service/ServiceProxyContext.sol":{"l":{"12":48,"27":48,"31":48},"path":"/Users/cyotee/Development/github-mimir-solutions/daosys/contracts/proxies/service/ServiceProxyContext.sol","s":{"1":48,"2":48,"3":48},"b":{},"f":{"1":48,"2":48,"3":48},"fnMap":{"1":{"name":"interfaceId","line":11,"loc":{"start":{"line":11,"column":2},"end":{"line":13,"column":2}}},"2":{"name":"codehash","line":26,"loc":{"start":{"line":26,"column":2},"end":{"line":28,"column":2}}},"3":{"name":"name","line":30,"loc":{"start":{"line":30,"column":2},"end":{"line":32,"column":2}}}},"statementMap":{"1":{"start":{"line":12,"column":4},"end":{"line":12,"column":49}},"2":{"start":{"line":27,"column":4},"end":{"line":27,"column":57}},"3":{"start":{"line":31,"column":4},"end":{"line":31,"column":34}}},"branchMap":{}},
"contracts/registries/service/delegate/DelegateServiceRegistry.sol":{"l":{"63":20,"75":3,"91":18,"100":3,"110":15},"path":"/Users/cyotee/Development/github-mimir-solutions/daosys/contracts/registries/service/delegate/DelegateServiceRegistry.sol","s":{"1":20,"2":3,"3":18,"4":3,"5":15},"b":{},"f":{"1":20,"2":3,"3":18,"4":3,"5":15},"fnMap":{"1":{"name":"_registerDelegateService","line":59,"loc":{"start":{"line":59,"column":2},"end":{"line":67,"column":2}}},"2":{"name":"getAllDelegateServiceIds","line":74,"loc":{"start":{"line":74,"column":2},"end":{"line":76,"column":2}}},"3":{"name":"_queryDelegateService","line":88,"loc":{"start":{"line":88,"column":2},"end":{"line":94,"column":2}}},"4":{"name":"queryDelegateServiceAddress","line":97,"loc":{"start":{"line":97,"column":2},"end":{"line":103,"column":2}}},"5":{"name":"_bulkQueryDelegateServiceAddress","line":105,"loc":{"start":{"line":105,"column":2},"end":{"line":121,"column":2}}}},"statementMap":{"1":{"start":{"line":63,"column":4},"end":{"line":63,"column":1744}},"2":{"start":{"line":75,"column":4},"end":{"line":75,"column":83}},"3":{"start":{"line":91,"column":4},"end":{"line":91,"column":2886}},"4":{"start":{"line":100,"column":4},"end":{"line":100,"column":3309}},"5":{"start":{"line":110,"column":4},"end":{"line":110,"column":3626}}},"branchMap":{}},
"contracts/registries/service/delegate/interfaces/IDelegateServiceRegistry.sol":{"l":{},"path":"/Users/cyotee/Development/github-mimir-solutions/daosys/contracts/registries/service/delegate/interfaces/IDelegateServiceRegistry.sol","s":{},"b":{},"f":{},"fnMap":{},"statementMap":{},"branchMap":{}},
"contracts/registries/service/delegate/logic/DelegateServiceRegistryLogic.sol":{"l":{"25":20,"35":18,"45":15,"47":15,"48":15,"56":3},"path":"/Users/cyotee/Development/github-mimir-solutions/daosys/contracts/registries/service/delegate/logic/DelegateServiceRegistryLogic.sol","s":{"1":20,"2":18,"3":15,"4":15,"5":15,"6":3},"b":{},"f":{"1":20,"2":18,"3":15,"4":3},"fnMap":{"1":{"name":"_registerDelegateService","line":21,"loc":{"start":{"line":21,"column":2},"end":{"line":30,"column":2}}},"2":{"name":"_queryDelegateService","line":32,"loc":{"start":{"line":32,"column":2},"end":{"line":39,"column":2}}},"3":{"name":"_bulkQueryDelegateService","line":41,"loc":{"start":{"line":41,"column":2},"end":{"line":53,"column":2}}},"4":{"name":"_getAllDelegateServiceIds","line":55,"loc":{"start":{"line":55,"column":2},"end":{"line":58,"column":2}}}},"statementMap":{"1":{"start":{"line":25,"column":4},"end":{"line":25,"column":880}},"2":{"start":{"line":35,"column":4},"end":{"line":35,"column":1211}},"3":{"start":{"line":45,"column":4},"end":{"line":45,"column":79}},"4":{"start":{"line":47,"column":4},"end":{"line":47,"column":1639}},"5":{"start":{"line":48,"column":6},"end":{"line":48,"column":1737}},"6":{"start":{"line":56,"column":4},"end":{"line":56,"column":2088}}},"branchMap":{}},
"contracts/registries/service/delegate/repository/DelegateServiceRepository.sol":{"l":{"21":56,"27":56,"32":56,"33":56},"path":"/Users/cyotee/Development/github-mimir-solutions/daosys/contracts/registries/service/delegate/repository/DelegateServiceRepository.sol","s":{"1":56,"2":56,"3":56},"b":{},"f":{"1":56,"2":56,"3":56},"fnMap":{"1":{"name":"_structSlot","line":20,"loc":{"start":{"line":20,"column":2},"end":{"line":22,"column":2}}},"2":{"name":"_saltStorageSlot","line":24,"loc":{"start":{"line":24,"column":2},"end":{"line":29,"column":2}}},"3":{"name":"_layout","line":31,"loc":{"start":{"line":31,"column":2},"end":{"line":34,"column":2}}}},"statementMap":{"1":{"start":{"line":21,"column":4},"end":{"line":21,"column":35}},"2":{"start":{"line":27,"column":4},"end":{"line":27,"column":1080}},"3":{"start":{"line":32,"column":4},"end":{"line":32,"column":47}}},"branchMap":{}},
"contracts/registries/service/delegate/storage/DelegateServiceRegistryStorageUtils.sol":{"l":{"33":20,"37":20,"38":20,"45":33,"63":3},"path":"/Users/cyotee/Development/github-mimir-solutions/daosys/contracts/registries/service/delegate/storage/DelegateServiceRegistryStorageUtils.sol","s":{"1":20,"2":20,"3":20,"4":33,"5":3},"b":{},"f":{"1":20,"2":33,"3":3},"fnMap":{"1":{"name":"_mapDelegateServiceAddress","line":28,"loc":{"start":{"line":28,"column":2},"end":{"line":39,"column":2}}},"2":{"name":"_queryDelegateService","line":41,"loc":{"start":{"line":41,"column":2},"end":{"line":46,"column":2}}},"3":{"name":"_getAllDelegateServiceIds","line":60,"loc":{"start":{"line":60,"column":2},"end":{"line":64,"column":2}}}},"statementMap":{"1":{"start":{"line":33,"column":4},"end":{"line":33,"column":1291}},"2":{"start":{"line":37,"column":4},"end":{"line":37,"column":77}},"3":{"start":{"line":38,"column":4},"end":{"line":38,"column":62}},"4":{"start":{"line":45,"column":4},"end":{"line":45,"column":104}},"5":{"start":{"line":63,"column":4},"end":{"line":63,"column":82}}},"branchMap":{}},
"contracts/registries/service/delegate/type/DelegateServiceRegistryStorage.sol":{"l":{},"path":"/Users/cyotee/Development/github-mimir-solutions/daosys/contracts/registries/service/delegate/type/DelegateServiceRegistryStorage.sol","s":{},"b":{},"f":{},"fnMap":{},"statementMap":{},"branchMap":{}},
"contracts/repositories/collections/mappings/Bytes4ToAddressRepository.sol":{"l":{},"path":"/Users/cyotee/Development/github-mimir-solutions/daosys/contracts/repositories/collections/mappings/Bytes4ToAddressRepository.sol","s":{},"b":{},"f":{},"fnMap":{},"statementMap":{},"branchMap":{}},
"contracts/repositories/primitives/bytes/Bytes32Repository.sol":{"l":{},"path":"/Users/cyotee/Development/github-mimir-solutions/daosys/contracts/repositories/primitives/bytes/Bytes32Repository.sol","s":{},"b":{},"f":{},"fnMap":{},"statementMap":{},"branchMap":{}},
"contracts/security/access/immutable/Immutable.sol":{"l":{"10":46,"11":40,"12":40},"path":"/Users/cyotee/Development/github-mimir-solutions/daosys/contracts/security/access/immutable/Immutable.sol","s":{"1":46,"2":40},"b":{"1":[40,6]},"f":{"1":46},"fnMap":{"1":{"name":"isNotImmutable","line":9,"loc":{"start":{"line":9,"column":2},"end":{"line":13,"column":2}}}},"statementMap":{"1":{"start":{"line":10,"column":4},"end":{"line":10,"column":103}},"2":{"start":{"line":12,"column":4},"end":{"line":12,"column":50}}},"branchMap":{"1":{"line":10,"type":"if","locations":[{"start":{"line":10,"column":4},"end":{"line":10,"column":4}},{"start":{"line":10,"column":4},"end":{"line":10,"column":4}}]}}},
"contracts/security/access/immutable/logic/ImmutableLogic.sol":{"l":{"12":64,"16":46},"path":"/Users/cyotee/Development/github-mimir-solutions/daosys/contracts/security/access/immutable/logic/ImmutableLogic.sol","s":{"1":64,"2":46},"b":{},"f":{"1":64,"2":46},"fnMap":{"1":{"name":"_makeImmutable","line":11,"loc":{"start":{"line":11,"column":2},"end":{"line":13,"column":2}}},"2":{"name":"_isImmutable","line":15,"loc":{"start":{"line":15,"column":2},"end":{"line":17,"column":2}}}},"statementMap":{"1":{"start":{"line":12,"column":4},"end":{"line":12,"column":62}},"2":{"start":{"line":16,"column":4},"end":{"line":16,"column":75}}},"branchMap":{}},
"contracts/security/access/immutable/mocks/ImmutableMock.sol":{"l":{"21":3},"path":"/Users/cyotee/Development/github-mimir-solutions/daosys/contracts/security/access/immutable/mocks/ImmutableMock.sol","s":{"1":3},"b":{},"f":{"1":3},"fnMap":{"1":{"name":"testImmutable","line":20,"loc":{"start":{"line":20,"column":2},"end":{"line":22,"column":2}}}},"statementMap":{"1":{"start":{"line":21,"column":4},"end":{"line":21,"column":17}}},"branchMap":{}},
"contracts/security/access/immutable/repository/ImmutableStorageRepository.sol":{"l":{"14":64,"18":46},"path":"/Users/cyotee/Development/github-mimir-solutions/daosys/contracts/security/access/immutable/repository/ImmutableStorageRepository.sol","s":{"1":64,"2":46},"b":{},"f":{"1":64,"2":46},"fnMap":{"1":{"name":"_makeImmutable","line":13,"loc":{"start":{"line":13,"column":2},"end":{"line":15,"column":2}}},"2":{"name":"_isImmutable","line":17,"loc":{"start":{"line":17,"column":2},"end":{"line":19,"column":2}}}},"statementMap":{"1":{"start":{"line":14,"column":4},"end":{"line":14,"column":64}},"2":{"start":{"line":18,"column":4},"end":{"line":18,"column":77}}},"branchMap":{}},
"contracts/security/access/immutable/storage/ImmutableStorageUtils.sol":{"l":{"20":110,"27":110,"32":110,"33":110,"37":64,"41":46},"path":"/Users/cyotee/Development/github-mimir-solutions/daosys/contracts/security/access/immutable/storage/ImmutableStorageUtils.sol","s":{"1":110,"2":110,"3":110,"4":64,"5":46},"b":{},"f":{"1":110,"2":110,"3":110,"4":64,"5":46},"fnMap":{"1":{"name":"_structSlot","line":19,"loc":{"start":{"line":19,"column":2},"end":{"line":22,"column":2}}},"2":{"name":"_saltStorageSlot","line":24,"loc":{"start":{"line":24,"column":2},"end":{"line":29,"column":2}}},"3":{"name":"_layout","line":31,"loc":{"start":{"line":31,"column":2},"end":{"line":34,"column":2}}},"4":{"name":"_makeImmutable","line":36,"loc":{"start":{"line":36,"column":2},"end":{"line":38,"column":2}}},"5":{"name":"_isImmutable","line":40,"loc":{"start":{"line":40,"column":2},"end":{"line":42,"column":2}}}},"statementMap":{"1":{"start":{"line":20,"column":4},"end":{"line":20,"column":628}},"2":{"start":{"line":27,"column":4},"end":{"line":27,"column":806}},"3":{"start":{"line":32,"column":4},"end":{"line":32,"column":47}},"4":{"start":{"line":37,"column":4},"end":{"line":37,"column":32}},"5":{"start":{"line":41,"column":4},"end":{"line":41,"column":43}}},"branchMap":{}},
"contracts/security/access/immutable/storage/type/ImmutableStorage.sol":{"l":{},"path":"/Users/cyotee/Development/github-mimir-solutions/daosys/contracts/security/access/immutable/storage/type/ImmutableStorage.sol","s":{},"b":{},"f":{},"fnMap":{},"statementMap":{},"branchMap":{}},
"contracts/Seed.sol":{"l":{},"path":"/Users/cyotee/Development/github-mimir-solutions/daosys/contracts/Seed.sol","s":{},"b":{},"f":{"1":0},"fnMap":{"1":{"name":"constructor","line":12,"loc":{"start":{"line":12,"column":2},"end":{"line":14,"column":2}}}},"statementMap":{},"branchMap":{}},
"contracts/service/delegate/DelegateService.sol":{"l":{"26":44,"27":44,"36":32,"45":15,"53":20,"55":20,"59":21,"63":18,"67":23,"72":0},"path":"/Users/cyotee/Development/github-mimir-solutions/daosys/contracts/service/delegate/DelegateService.sol","s":{"1":44,"2":44,"3":32,"4":15,"5":20,"6":20,"7":21,"8":18,"9":23,"10":0},"b":{},"f":{"1":44,"2":32,"3":15,"4":20,"5":21,"6":18,"7":23,"8":0},"fnMap":{"1":{"name":"constructor","line":25,"loc":{"start":{"line":25,"column":2},"end":{"line":30,"column":2}}},"2":{"name":"_addServiceDef","line":32,"loc":{"start":{"line":32,"column":2},"end":{"line":40,"column":2}}},"3":{"name":"_addServiceDef","line":42,"loc":{"start":{"line":42,"column":2},"end":{"line":48,"column":2}}},"4":{"name":"setDeploymentSalt","line":52,"loc":{"start":{"line":50,"column":2},"end":{"line":56,"column":2}}},"5":{"name":"getDelegateServiceRegistry","line":58,"loc":{"start":{"line":58,"column":2},"end":{"line":60,"column":2}}},"6":{"name":"getServiceDefs","line":62,"loc":{"start":{"line":62,"column":2},"end":{"line":64,"column":2}}},"7":{"name":"getCreate2Pedigree","line":66,"loc":{"start":{"line":66,"column":2},"end":{"line":68,"column":2}}},"8":{"name":"supportsInterface","line":71,"loc":{"start":{"line":71,"column":2},"end":{"line":73,"column":2}}}},"statementMap":{"1":{"start":{"line":26,"column":4},"end":{"line":26,"column":46}},"2":{"start":{"line":27,"column":4},"end":{"line":27,"column":812}},"3":{"start":{"line":36,"column":4},"end":{"line":36,"column":999}},"4":{"start":{"line":45,"column":4},"end":{"line":45,"column":1190}},"5":{"start":{"line":53,"column":4},"end":{"line":53,"column":58}},"6":{"start":{"line":55,"column":4},"end":{"line":55,"column":17}},"7":{"start":{"line":59,"column":4},"end":{"line":59,"column":79}},"8":{"start":{"line":63,"column":4},"end":{"line":63,"column":54}},"9":{"start":{"line":67,"column":4},"end":{"line":67,"column":49}},"10":{"start":{"line":72,"column":4},"end":{"line":72,"column":69}}},"branchMap":{}},
"contracts/service/delegate/interfaces/IDelegateService.sol":{"l":{},"path":"/Users/cyotee/Development/github-mimir-solutions/daosys/contracts/service/delegate/interfaces/IDelegateService.sol","s":{},"b":{},"f":{},"fnMap":{},"statementMap":{},"branchMap":{}},
"contracts/service/delegate/logic/DelegateServiceLogic.sol":{"l":{"28":44,"29":44,"37":44,"45":21,"54":32,"63":15,"71":32,"75":0,"80":0,"84":23,"85":23,"92":18,"110":0},"path":"/Users/cyotee/Development/github-mimir-solutions/daosys/contracts/service/delegate/logic/DelegateServiceLogic.sol","s":{"1":44,"2":44,"3":44,"4":21,"5":32,"6":15,"7":32,"8":0,"9":0,"10":23,"11":23,"12":18,"13":0},"b":{},"f":{"1":44,"2":44,"3":21,"4":32,"5":15,"6":32,"7":0,"8":0,"9":23,"10":18,"11":0},"fnMap":{"1":{"name":"_initDelegateService","line":26,"loc":{"start":{"line":26,"column":2},"end":{"line":32,"column":2}}},"2":{"name":"_setDelegateServiceRegistry","line":34,"loc":{"start":{"line":34,"column":2},"end":{"line":41,"column":2}}},"3":{"name":"_getDelegateServiceRegistry","line":43,"loc":{"start":{"line":43,"column":2},"end":{"line":46,"column":2}}},"4":{"name":"_addServiceDef","line":50,"loc":{"start":{"line":50,"column":2},"end":{"line":58,"column":2}}},"5":{"name":"_addServiceDef","line":60,"loc":{"start":{"line":60,"column":2},"end":{"line":66,"column":2}}},"6":{"name":"_setDeploymentSalt","line":68,"loc":{"start":{"line":68,"column":2},"end":{"line":72,"column":2}}},"7":{"name":"_getFactory","line":74,"loc":{"start":{"line":74,"column":2},"end":{"line":76,"column":2}}},"8":{"name":"_getDeploymentSalt","line":78,"loc":{"start":{"line":78,"column":2},"end":{"line":81,"column":2}}},"9":{"name":"_getPedigree","line":83,"loc":{"start":{"line":83,"column":2},"end":{"line":86,"column":2}}},"10":{"name":"_getServiceDefs","line":88,"loc":{"start":{"line":88,"column":2},"end":{"line":93,"column":2}}},"11":{"name":"_supportsInterface","line":109,"loc":{"start":{"line":109,"column":2},"end":{"line":111,"column":2}}}},"statementMap":{"1":{"start":{"line":28,"column":4},"end":{"line":28,"column":30}},"2":{"start":{"line":29,"column":4},"end":{"line":29,"column":985}},"3":{"start":{"line":37,"column":4},"end":{"line":37,"column":1171}},"4":{"start":{"line":45,"column":4},"end":{"line":45,"column":118}},"5":{"start":{"line":54,"column":4},"end":{"line":54,"column":1732}},"6":{"start":{"line":63,"column":4},"end":{"line":63,"column":1907}},"7":{"start":{"line":71,"column":4},"end":{"line":71,"column":50}},"8":{"start":{"line":75,"column":4},"end":{"line":75,"column":39}},"9":{"start":{"line":80,"column":4},"end":{"line":80,"column":53}},"10":{"start":{"line":84,"column":4},"end":{"line":84,"column":48}},"11":{"start":{"line":85,"column":4},"end":{"line":85,"column":62}},"12":{"start":{"line":92,"column":4},"end":{"line":92,"column":47}},"13":{"start":{"line":110,"column":4},"end":{"line":110,"column":61}}},"branchMap":{}},
"contracts/service/delegate/mocks/DelegateServiceMock.sol":{"l":{},"path":"/Users/cyotee/Development/github-mimir-solutions/daosys/contracts/service/delegate/mocks/DelegateServiceMock.sol","s":{},"b":{},"f":{},"fnMap":{},"statementMap":{},"branchMap":{}},
"contracts/service/delegate/repository/DelegateServiceRepository.sol":{"l":{"17":44,"26":21},"path":"/Users/cyotee/Development/github-mimir-solutions/daosys/contracts/service/delegate/repository/DelegateServiceRepository.sol","s":{"1":44,"2":21},"b":{},"f":{"1":44,"2":21},"fnMap":{"1":{"name":"_setDelegateServiceRegistry","line":13,"loc":{"start":{"line":13,"column":2},"end":{"line":21,"column":2}}},"2":{"name":"_getDelegateServiceRegistry","line":23,"loc":{"start":{"line":23,"column":2},"end":{"line":28,"column":2}}}},"statementMap":{"1":{"start":{"line":17,"column":4},"end":{"line":17,"column":454}},"2":{"start":{"line":26,"column":4},"end":{"line":26,"column":752}}},"branchMap":{}},
"contracts/service/delegate/storage/DelegateServiceStorageUtils.sol":{"l":{"17":65,"23":65,"28":65,"29":65,"36":44,"42":21},"path":"/Users/cyotee/Development/github-mimir-solutions/daosys/contracts/service/delegate/storage/DelegateServiceStorageUtils.sol","s":{"1":65,"2":65,"3":65,"4":44,"5":21},"b":{},"f":{"1":65,"2":65,"3":65,"4":44,"5":21},"fnMap":{"1":{"name":"_structSlot","line":16,"loc":{"start":{"line":16,"column":2},"end":{"line":18,"column":2}}},"2":{"name":"_saltStorageSlot","line":20,"loc":{"start":{"line":20,"column":2},"end":{"line":25,"column":2}}},"3":{"name":"_layout","line":27,"loc":{"start":{"line":27,"column":2},"end":{"line":30,"column":2}}},"4":{"name":"_setDelegateServiceRegistry","line":32,"loc":{"start":{"line":32,"column":2},"end":{"line":37,"column":2}}},"5":{"name":"_getDelegateServiceRegistry","line":39,"loc":{"start":{"line":39,"column":2},"end":{"line":43,"column":2}}}},"statementMap":{"1":{"start":{"line":17,"column":4},"end":{"line":17,"column":35}},"2":{"start":{"line":23,"column":4},"end":{"line":23,"column":647}},"3":{"start":{"line":28,"column":4},"end":{"line":28,"column":47}},"4":{"start":{"line":36,"column":4},"end":{"line":36,"column":68}},"5":{"start":{"line":42,"column":4},"end":{"line":42,"column":71}}},"branchMap":{}},
"contracts/service/delegate/storage/type/DelegateServiceStorage.sol":{"l":{},"path":"/Users/cyotee/Development/github-mimir-solutions/daosys/contracts/service/delegate/storage/type/DelegateServiceStorage.sol","s":{},"b":{},"f":{},"fnMap":{},"statementMap":{},"branchMap":{}},
"contracts/service/interfaces/IService.sol":{"l":{},"path":"/Users/cyotee/Development/github-mimir-solutions/daosys/contracts/service/interfaces/IService.sol","s":{},"b":{},"f":{},"fnMap":{},"statementMap":{},"branchMap":{}},
"contracts/service/logic/ServiceLogic.sol":{"l":{"28":341,"31":341,"40":33,"53":15,"65":34,"71":25,"76":25,"90":19,"110":6},"path":"/Users/cyotee/Development/github-mimir-solutions/daosys/contracts/service/logic/ServiceLogic.sol","s":{"1":341,"2":341,"3":33,"4":15,"5":34,"6":25,"7":25,"8":19,"9":6},"b":{},"f":{"1":341,"2":33,"3":15,"4":34,"5":25,"6":25,"7":19,"8":6},"fnMap":{"1":{"name":"_initService","line":27,"loc":{"start":{"line":27,"column":2},"end":{"line":34,"column":2}}},"2":{"name":"_addServiceDef","line":36,"loc":{"start":{"line":36,"column":2},"end":{"line":48,"column":2}}},"3":{"name":"_addServiceDef","line":50,"loc":{"start":{"line":50,"column":2},"end":{"line":56,"column":2}}},"4":{"name":"_setDeploymentSalt","line":62,"loc":{"start":{"line":62,"column":2},"end":{"line":68,"column":2}}},"5":{"name":"_getFactory","line":70,"loc":{"start":{"line":70,"column":2},"end":{"line":72,"column":2}}},"6":{"name":"_getDeploymentSalt","line":74,"loc":{"start":{"line":74,"column":2},"end":{"line":77,"column":2}}},"7":{"name":"_getServiceDefs","line":86,"loc":{"start":{"line":86,"column":2},"end":{"line":91,"column":2}}},"8":{"name":"_supportsInterface","line":109,"loc":{"start":{"line":109,"column":2},"end":{"line":111,"column":2}}}},"statementMap":{"1":{"start":{"line":28,"column":4},"end":{"line":28,"column":881}},"2":{"start":{"line":31,"column":4},"end":{"line":31,"column":961}},"3":{"start":{"line":40,"column":4},"end":{"line":40,"column":1165}},"4":{"start":{"line":53,"column":4},"end":{"line":53,"column":1476}},"5":{"start":{"line":65,"column":4},"end":{"line":65,"column":1829}},"6":{"start":{"line":71,"column":4},"end":{"line":71,"column":80}},"7":{"start":{"line":76,"column":4},"end":{"line":76,"column":94}},"8":{"start":{"line":90,"column":4},"end":{"line":90,"column":88}},"9":{"start":{"line":110,"column":4},"end":{"line":110,"column":63}}},"branchMap":{}},
"contracts/service/mocks/ServiceMock.sol":{"l":{"33":1,"37":1,"41":3,"45":1},"path":"/Users/cyotee/Development/github-mimir-solutions/daosys/contracts/service/mocks/ServiceMock.sol","s":{"1":1,"2":1,"3":3,"4":1},"b":{},"f":{"1":1,"2":3,"3":1},"fnMap":{"1":{"name":"addServiceDef","line":29,"loc":{"start":{"line":29,"column":2},"end":{"line":38,"column":2}}},"2":{"name":"supportsInterface","line":40,"loc":{"start":{"line":40,"column":2},"end":{"line":42,"column":2}}},"3":{"name":"getServiceDefs","line":44,"loc":{"start":{"line":44,"column":2},"end":{"line":46,"column":2}}}},"statementMap":{"1":{"start":{"line":33,"column":4},"end":{"line":33,"column":1005}},"2":{"start":{"line":37,"column":4},"end":{"line":37,"column":17}},"3":{"start":{"line":41,"column":4},"end":{"line":41,"column":53}},"4":{"start":{"line":45,"column":4},"end":{"line":45,"column":38}}},"branchMap":{}},
"contracts/service/Service.sol":{"l":{"31":297,"38":1,"47":0,"55":2,"57":2,"61":6,"65":2,"66":2,"70":1},"path":"/Users/cyotee/Development/github-mimir-solutions/daosys/contracts/service/Service.sol","s":{"1":297,"2":1,"3":0,"4":2,"5":2,"6":6,"7":2,"8":2,"9":1},"b":{},"f":{"1":297,"2":1,"3":0,"4":2,"5":6,"6":2,"7":1},"fnMap":{"1":{"name":"constructor","line":30,"loc":{"start":{"line":30,"column":2},"end":{"line":32,"column":2}}},"2":{"name":"_addServiceDef","line":34,"loc":{"start":{"line":34,"column":2},"end":{"line":42,"column":2}}},"3":{"name":"_addServiceDef","line":44,"loc":{"start":{"line":44,"column":2},"end":{"line":50,"column":2}}},"4":{"name":"setDeploymentSalt","line":54,"loc":{"start":{"line":52,"column":2},"end":{"line":58,"column":2}}},"5":{"name":"supportsInterface","line":60,"loc":{"start":{"line":60,"column":2},"end":{"line":62,"column":2}}},"6":{"name":"getCreate2Pedigree","line":64,"loc":{"start":{"line":64,"column":2},"end":{"line":67,"column":2}}},"7":{"name":"getServiceDefs","line":69,"loc":{"start":{"line":69,"column":2},"end":{"line":71,"column":2}}}},"statementMap":{"1":{"start":{"line":31,"column":4},"end":{"line":31,"column":30}},"2":{"start":{"line":38,"column":4},"end":{"line":38,"column":989}},"3":{"start":{"line":47,"column":4},"end":{"line":47,"column":1164}},"4":{"start":{"line":55,"column":4},"end":{"line":55,"column":50}},"5":{"start":{"line":57,"column":4},"end":{"line":57,"column":17}},"6":{"start":{"line":61,"column":4},"end":{"line":61,"column":61}},"7":{"start":{"line":65,"column":4},"end":{"line":65,"column":48}},"8":{"start":{"line":66,"column":4},"end":{"line":66,"column":62}},"9":{"start":{"line":70,"column":4},"end":{"line":70,"column":46}}},"branchMap":{}},
"contracts/service/ServiceContext.sol":{"l":{"13":164,"17":2,"18":2,"19":2,"20":2,"21":2,"25":0,"26":0,"27":0,"32":2,"36":0,"40":117,"44":117,"48":135,"52":135},"path":"/Users/cyotee/Development/github-mimir-solutions/daosys/contracts/service/ServiceContext.sol","s":{"1":164,"2":2,"3":2,"4":2,"5":2,"6":2,"7":0,"8":0,"9":0,"10":2,"11":0,"12":117,"13":117,"14":135,"15":135},"b":{},"f":{"1":164,"2":2,"3":0,"4":2,"5":0,"6":117,"7":117,"8":135,"9":135},"fnMap":{"1":{"name":"interfaceId","line":12,"loc":{"start":{"line":12,"column":2},"end":{"line":14,"column":2}}},"2":{"name":"_functionSelectors","line":16,"loc":{"start":{"line":16,"column":2},"end":{"line":22,"column":2}}},"3":{"name":"calcInterfaceId","line":24,"loc":{"start":{"line":24,"column":2},"end":{"line":29,"column":2}}},"4":{"name":"functionSelectors","line":31,"loc":{"start":{"line":31,"column":2},"end":{"line":33,"column":2}}},"5":{"name":"creationCode","line":35,"loc":{"start":{"line":35,"column":2},"end":{"line":37,"column":2}}},"6":{"name":"codehash","line":39,"loc":{"start":{"line":39,"column":2},"end":{"line":41,"column":2}}},"7":{"name":"name","line":43,"loc":{"start":{"line":43,"column":2},"end":{"line":45,"column":2}}},"8":{"name":"instance","line":47,"loc":{"start":{"line":47,"column":2},"end":{"line":49,"column":2}}},"9":{"name":"mock","line":51,"loc":{"start":{"line":51,"column":2},"end":{"line":53,"column":2}}}},"statementMap":{"1":{"start":{"line":13,"column":4},"end":{"line":13,"column":44}},"2":{"start":{"line":17,"column":4},"end":{"line":17,"column":39}},"3":{"start":{"line":18,"column":4},"end":{"line":18,"column":62}},"4":{"start":{"line":19,"column":4},"end":{"line":19,"column":62}},"5":{"start":{"line":20,"column":4},"end":{"line":20,"column":63}},"6":{"start":{"line":21,"column":4},"end":{"line":21,"column":59}},"7":{"start":{"line":25,"column":4},"end":{"line":25,"column":61}},"8":{"start":{"line":26,"column":4},"end":{"line":26,"column":862}},"9":{"start":{"line":27,"column":6},"end":{"line":27,"column":64}},"10":{"start":{"line":32,"column":4},"end":{"line":32,"column":44}},"11":{"start":{"line":36,"column":4},"end":{"line":36,"column":45}},"12":{"start":{"line":40,"column":4},"end":{"line":40,"column":52}},"13":{"start":{"line":44,"column":4},"end":{"line":44,"column":29}},"14":{"start":{"line":48,"column":4},"end":{"line":48,"column":41}},"15":{"start":{"line":52,"column":4},"end":{"line":52,"column":41}}},"branchMap":{}},
"contracts/service/storage/ServiceDefSet.sol":{"l":{},"path":"/Users/cyotee/Development/github-mimir-solutions/daosys/contracts/service/storage/ServiceDefSet.sol","s":{},"b":{},"f":{},"fnMap":{},"statementMap":{},"branchMap":{}},
"contracts/service/storage/ServiceDefSetRepository.sol":{"l":{},"path":"/Users/cyotee/Development/github-mimir-solutions/daosys/contracts/service/storage/ServiceDefSetRepository.sol","s":{},"b":{},"f":{},"fnMap":{},"statementMap":{},"branchMap":{}},
"contracts/service/storage/ServiceDefSetUtils.sol":{"l":{"26":48,"51":48,"52":48,"54":48,"55":48,"57":0,"90":19},"path":"/Users/cyotee/Development/github-mimir-solutions/daosys/contracts/service/storage/ServiceDefSetUtils.sol","s":{"1":48,"2":48,"3":48,"4":48,"5":48,"6":0,"7":19},"b":{"1":[48,0]},"f":{"1":48,"2":48,"3":19},"fnMap":{"1":{"name":"_contains","line":20,"loc":{"start":{"line":20,"column":2},"end":{"line":27,"column":2}}},"2":{"name":"_add","line":47,"loc":{"start":{"line":47,"column":2},"end":{"line":59,"column":2}}},"3":{"name":"_setAsArray","line":89,"loc":{"start":{"line":89,"column":2},"end":{"line":91,"column":2}}}},"statementMap":{"1":{"start":{"line":26,"column":4},"end":{"line":26,"column":45}},"2":{"start":{"line":51,"column":4},"end":{"line":51,"column":1729}},"3":{"start":{"line":52,"column":6},"end":{"line":52,"column":28}},"4":{"start":{"line":54,"column":6},"end":{"line":54,"column":57}},"5":{"start":{"line":55,"column":6},"end":{"line":55,"column":17}},"6":{"start":{"line":57,"column":6},"end":{"line":57,"column":18}},"7":{"start":{"line":90,"column":4},"end":{"line":90,"column":23}}},"branchMap":{"1":{"line":51,"type":"if","locations":[{"start":{"line":51,"column":4},"end":{"line":51,"column":4}},{"start":{"line":51,"column":4},"end":{"line":51,"column":4}}]}}},
"contracts/service/storage/ServiceRepository.sol":{"l":{"18":492,"19":492},"path":"/Users/cyotee/Development/github-mimir-solutions/daosys/contracts/service/storage/ServiceRepository.sol","s":{"1":492},"b":{},"f":{"1":492},"fnMap":{"1":{"name":"_layout","line":17,"loc":{"start":{"line":17,"column":2},"end":{"line":20,"column":2}}}},"statementMap":{"1":{"start":{"line":18,"column":4},"end":{"line":18,"column":62}}},"branchMap":{}},
"contracts/service/storage/ServiceStorage.sol":{"l":{},"path":"/Users/cyotee/Development/github-mimir-solutions/daosys/contracts/service/storage/ServiceStorage.sol","s":{},"b":{},"f":{},"fnMap":{},"statementMap":{},"branchMap":{}},
"contracts/service/storage/ServiceStorageUtils.sol":{"l":{"53":341,"61":25,"68":34,"76":25,"83":48,"87":48,"91":48,"92":98,"102":19,"110":0,"118":0},"path":"/Users/cyotee/Development/github-mimir-solutions/daosys/contracts/service/storage/ServiceStorageUtils.sol","s":{"1":341,"2":25,"3":34,"4":25,"5":48,"6":48,"7":48,"8":98,"9":19,"10":0,"11":0},"b":{"1":[48,0],"2":[48,0],"3":[98,0]},"f":{"1":341,"2":25,"3":34,"4":25,"5":48,"6":19,"7":0,"8":0},"fnMap":{"1":{"name":"_setFactory","line":49,"loc":{"start":{"line":49,"column":2},"end":{"line":54,"column":2}}},"2":{"name":"_getFactory","line":56,"loc":{"start":{"line":56,"column":2},"end":{"line":62,"column":2}}},"3":{"name":"_setDeploymentSalt","line":64,"loc":{"start":{"line":64,"column":2},"end":{"line":69,"column":2}}},"4":{"name":"_getDeploymentSalt","line":71,"loc":{"start":{"line":71,"column":2},"end":{"line":77,"column":2}}},"5":{"name":"_addServiceDef","line":79,"loc":{"start":{"line":79,"column":2},"end":{"line":97,"column":2}}},"6":{"name":"_getServiceDefs","line":99,"loc":{"start":{"line":99,"column":2},"end":{"line":103,"column":2}}},"7":{"name":"_getServiceInterfaceIds","line":105,"loc":{"start":{"line":105,"column":2},"end":{"line":111,"column":2}}},"8":{"name":"_getServiceFunctionSelectors","line":113,"loc":{"start":{"line":113,"column":2},"end":{"line":119,"column":2}}}},"statementMap":{"1":{"start":{"line":53,"column":4},"end":{"line":53,"column":36}},"2":{"start":{"line":61,"column":4},"end":{"line":61,"column":39}},"3":{"start":{"line":68,"column":4},"end":{"line":68,"column":50}},"4":{"start":{"line":76,"column":4},"end":{"line":76,"column":53}},"5":{"start":{"line":83,"column":4},"end":{"line":83,"column":2227}},"6":{"start":{"line":87,"column":4},"end":{"line":87,"column":2366}},"7":{"start":{"line":91,"column":4},"end":{"line":91,"column":2472}},"8":{"start":{"line":92,"column":6},"end":{"line":92,"column":2573}},"9":{"start":{"line":102,"column":4},"end":{"line":102,"column":53}},"10":{"start":{"line":110,"column":4},"end":{"line":110,"column":69}},"11":{"start":{"line":118,"column":4},"end":{"line":118,"column":87}}},"branchMap":{"1":{"line":83,"type":"if","locations":[{"start":{"line":83,"column":4},"end":{"line":83,"column":4}},{"start":{"line":83,"column":4},"end":{"line":83,"column":4}}]},"2":{"line":87,"type":"if","locations":[{"start":{"line":87,"column":4},"end":{"line":87,"column":4}},{"start":{"line":87,"column":4},"end":{"line":87,"column":4}}]},"3":{"line":92,"type":"if","locations":[{"start":{"line":92,"column":6},"end":{"line":92,"column":6}},{"start":{"line":92,"column":6},"end":{"line":92,"column":6}}]}}},
"contracts/storage/collections/mappings/Bytes4ToAddressUtils.sol":{"l":{"46":86,"53":39},"path":"/Users/cyotee/Development/github-mimir-solutions/daosys/contracts/storage/collections/mappings/Bytes4ToAddressUtils.sol","s":{"1":86,"2":39},"b":{},"f":{"1":86,"2":39},"fnMap":{"1":{"name":"_mapValue","line":41,"loc":{"start":{"line":41,"column":2},"end":{"line":47,"column":2}}},"2":{"name":"_queryValue","line":49,"loc":{"start":{"line":49,"column":2},"end":{"line":54,"column":2}}}},"statementMap":{"1":{"start":{"line":46,"column":4},"end":{"line":46,"column":40}},"2":{"start":{"line":53,"column":4},"end":{"line":53,"column":40}}},"branchMap":{}},
"contracts/storage/collections/sets/address/AddressSetUtils.sol":{"l":{"52":20,"77":20,"78":20,"79":20,"80":20,"82":0},"path":"/Users/cyotee/Development/github-mimir-solutions/daosys/contracts/storage/collections/sets/address/AddressSetUtils.sol","s":{"1":20,"2":20,"3":20,"4":20,"5":20,"6":0},"b":{"1":[20,0]},"f":{"1":20,"2":20},"fnMap":{"1":{"name":"_contains","line":48,"loc":{"start":{"line":48,"column":2},"end":{"line":53,"column":2}}},"2":{"name":"_add","line":73,"loc":{"start":{"line":73,"column":2},"end":{"line":84,"column":2}}}},"statementMap":{"1":{"start":{"line":52,"column":4},"end":{"line":52,"column":35}},"2":{"start":{"line":77,"column":4},"end":{"line":77,"column":2265}},"3":{"start":{"line":78,"column":6},"end":{"line":78,"column":28}},"4":{"start":{"line":79,"column":6},"end":{"line":79,"column":45}},"5":{"start":{"line":80,"column":6},"end":{"line":80,"column":17}},"6":{"start":{"line":82,"column":6},"end":{"line":82,"column":18}}},"branchMap":{"1":{"line":77,"type":"if","locations":[{"start":{"line":77,"column":4},"end":{"line":77,"column":4}},{"start":{"line":77,"column":4},"end":{"line":77,"column":4}}]}}},
"contracts/storage/collections/sets/bytes/bytes4/repository/Bytes4SetRepository.sol":{"l":{},"path":"/Users/cyotee/Development/github-mimir-solutions/daosys/contracts/storage/collections/sets/bytes/bytes4/repository/Bytes4SetRepository.sol","s":{},"b":{},"f":{},"fnMap":{},"statementMap":{},"branchMap":{}},
"contracts/storage/collections/sets/bytes/bytes4/type/Bytes4Set.sol":{"l":{},"path":"/Users/cyotee/Development/github-mimir-solutions/daosys/contracts/storage/collections/sets/bytes/bytes4/type/Bytes4Set.sol","s":{},"b":{},"f":{},"fnMap":{},"statementMap":{},"branchMap":{}},
"contracts/storage/collections/sets/bytes/bytes4/utils/Bytes4SetUtils.sol":{"l":{"23":864,"49":856,"50":856,"51":856,"52":856,"54":0,"86":3},"path":"/Users/cyotee/Development/github-mimir-solutions/daosys/contracts/storage/collections/sets/bytes/bytes4/utils/Bytes4SetUtils.sol","s":{"1":864,"2":856,"3":856,"4":856,"5":856,"6":0,"7":3},"b":{"1":[856,0]},"f":{"1":864,"2":856,"3":3},"fnMap":{"1":{"name":"_contains","line":15,"loc":{"start":{"line":15,"column":2},"end":{"line":24,"column":2}}},"2":{"name":"_add","line":45,"loc":{"start":{"line":45,"column":2},"end":{"line":56,"column":2}}},"3":{"name":"_setAsArray","line":85,"loc":{"start":{"line":85,"column":2},"end":{"line":87,"column":2}}}},"statementMap":{"1":{"start":{"line":23,"column":4},"end":{"line":23,"column":35}},"2":{"start":{"line":49,"column":4},"end":{"line":49,"column":1399}},"3":{"start":{"line":50,"column":6},"end":{"line":50,"column":28}},"4":{"start":{"line":51,"column":6},"end":{"line":51,"column":45}},"5":{"start":{"line":52,"column":6},"end":{"line":52,"column":17}},"6":{"start":{"line":54,"column":6},"end":{"line":54,"column":18}},"7":{"start":{"line":86,"column":4},"end":{"line":86,"column":23}}},"branchMap":{"1":{"line":49,"type":"if","locations":[{"start":{"line":49,"column":4},"end":{"line":49,"column":4}},{"start":{"line":49,"column":4},"end":{"line":49,"column":4}}]}}},
"contracts/storage/collections/sets/bytes/mocks/Bytes4SetMock.sol":{"l":{},"path":"/Users/cyotee/Development/github-mimir-solutions/daosys/contracts/storage/collections/sets/bytes/mocks/Bytes4SetMock.sol","s":{},"b":{},"f":{},"fnMap":{},"statementMap":{},"branchMap":{}},
"contracts/storage/primitives/address/AddressUtils.sol":{"l":{"18":78,"24":39,"29":39,"30":39,"37":495,"43":88,"49":12},"path":"/Users/cyotee/Development/github-mimir-solutions/daosys/contracts/storage/primitives/address/AddressUtils.sol","s":{"1":78,"2":39,"3":39,"4":495,"5":88},"b":{},"f":{"1":78,"2":39,"3":39,"4":495,"5":88,"6":12},"fnMap":{"1":{"name":"_structSlot","line":17,"loc":{"start":{"line":17,"column":2},"end":{"line":19,"column":2}}},"2":{"name":"_saltStorageSlot","line":21,"loc":{"start":{"line":21,"column":2},"end":{"line":26,"column":2}}},"3":{"name":"_layout","line":28,"loc":{"start":{"line":28,"column":2},"end":{"line":31,"column":2}}},"4":{"name":"_setValue","line":33,"loc":{"start":{"line":33,"column":2},"end":{"line":38,"column":2}}},"5":{"name":"_getValue","line":40,"loc":{"start":{"line":40,"column":2},"end":{"line":44,"column":2}}},"6":{"name":"_wipeValue","line":46,"loc":{"start":{"line":46,"column":2},"end":{"line":50,"column":2}}}},"statementMap":{"1":{"start":{"line":18,"column":4},"end":{"line":18,"column":35}},"2":{"start":{"line":24,"column":4},"end":{"line":24,"column":830}},"3":{"start":{"line":29,"column":4},"end":{"line":29,"column":47}},"4":{"start":{"line":37,"column":4},"end":{"line":37,"column":26}},"5":{"start":{"line":43,"column":4},"end":{"line":43,"column":23}}},"branchMap":{}},
"contracts/storage/primitives/address/mocks/AddressUtilsMock.sol":{"l":{"20":24,"21":18,"25":3,"29":12,"30":9},"path":"/Users/cyotee/Development/github-mimir-solutions/daosys/contracts/storage/primitives/address/mocks/AddressUtilsMock.sol","s":{"1":24,"2":18,"3":3,"4":12,"5":9},"b":{},"f":{"1":24,"2":3,"3":12},"fnMap":{"1":{"name":"setValue","line":19,"loc":{"start":{"line":19,"column":2},"end":{"line":22,"column":2}}},"2":{"name":"getValue","line":24,"loc":{"start":{"line":24,"column":2},"end":{"line":26,"column":2}}},"3":{"name":"wipeValue","line":28,"loc":{"start":{"line":28,"column":2},"end":{"line":31,"column":2}}}},"statementMap":{"1":{"start":{"line":20,"column":4},"end":{"line":20,"column":71}},"2":{"start":{"line":21,"column":4},"end":{"line":21,"column":16}},"3":{"start":{"line":25,"column":4},"end":{"line":25,"column":71}},"4":{"start":{"line":29,"column":4},"end":{"line":29,"column":64}},"5":{"start":{"line":30,"column":4},"end":{"line":30,"column":16}}},"branchMap":{}},
"contracts/storage/primitives/bool/BoolUtils.sol":{"l":{"16":118,"22":4,"33":4,"34":4,"41":67,"47":47,"53":0},"path":"/Users/cyotee/Development/github-mimir-solutions/daosys/contracts/storage/primitives/bool/BoolUtils.sol","s":{"1":118,"2":4,"3":4,"4":67,"5":47},"b":{},"f":{"1":118,"2":4,"3":4,"4":67,"5":47,"6":0},"fnMap":{"1":{"name":"_structSlot","line":15,"loc":{"start":{"line":15,"column":2},"end":{"line":17,"column":2}}},"2":{"name":"_saltStorageSlot","line":19,"loc":{"start":{"line":19,"column":2},"end":{"line":24,"column":2}}},"3":{"name":"_layout","line":32,"loc":{"start":{"line":32,"column":2},"end":{"line":35,"column":2}}},"4":{"name":"_setValue","line":37,"loc":{"start":{"line":37,"column":2},"end":{"line":42,"column":2}}},"5":{"name":"_getValue","line":44,"loc":{"start":{"line":44,"column":2},"end":{"line":48,"column":2}}},"6":{"name":"_wipeValue","line":50,"loc":{"start":{"line":50,"column":2},"end":{"line":54,"column":2}}}},"statementMap":{"1":{"start":{"line":16,"column":4},"end":{"line":16,"column":35}},"2":{"start":{"line":22,"column":4},"end":{"line":22,"column":652}},"3":{"start":{"line":33,"column":4},"end":{"line":33,"column":47}},"4":{"start":{"line":41,"column":4},"end":{"line":41,"column":26}},"5":{"start":{"line":47,"column":4},"end":{"line":47,"column":23}}},"branchMap":{}},
"contracts/storage/primitives/bool/mocks/BoolUtilsMock.sol":{"l":{"17":3,"18":3,"22":1},"path":"/Users/cyotee/Development/github-mimir-solutions/daosys/contracts/storage/primitives/bool/mocks/BoolUtilsMock.sol","s":{"1":3,"2":3,"3":1},"b":{},"f":{"1":3,"2":1},"fnMap":{"1":{"name":"setValue","line":16,"loc":{"start":{"line":16,"column":2},"end":{"line":19,"column":2}}},"2":{"name":"getValue","line":21,"loc":{"start":{"line":21,"column":2},"end":{"line":23,"column":2}}}},"statementMap":{"1":{"start":{"line":17,"column":4},"end":{"line":17,"column":65}},"2":{"start":{"line":18,"column":4},"end":{"line":18,"column":16}},"3":{"start":{"line":22,"column":4},"end":{"line":22,"column":65}}},"branchMap":{}},
"contracts/storage/primitives/bytes/Bytes32Utils.sol":{"l":{"41":34,"47":25},"path":"/Users/cyotee/Development/github-mimir-solutions/daosys/contracts/storage/primitives/bytes/Bytes32Utils.sol","s":{"1":34,"2":25},"b":{},"f":{"1":34,"2":25},"fnMap":{"1":{"name":"_setValue","line":37,"loc":{"start":{"line":37,"column":2},"end":{"line":42,"column":2}}},"2":{"name":"_getValue","line":44,"loc":{"start":{"line":44,"column":2},"end":{"line":48,"column":2}}}},"statementMap":{"1":{"start":{"line":41,"column":4},"end":{"line":41,"column":26}},"2":{"start":{"line":47,"column":4},"end":{"line":47,"column":23}}},"branchMap":{}},
"contracts/storage/primitives/bytes/Bytes4Utils.sol":{"l":{"13":8,"19":4,"24":4,"25":4,"32":3,"38":1,"44":0},"path":"/Users/cyotee/Development/github-mimir-solutions/daosys/contracts/storage/primitives/bytes/Bytes4Utils.sol","s":{"1":8,"2":4,"3":4,"4":3,"5":1},"b":{},"f":{"1":8,"2":4,"3":4,"4":3,"5":1,"6":0},"fnMap":{"1":{"name":"_structSlot","line":12,"loc":{"start":{"line":12,"column":2},"end":{"line":14,"column":2}}},"2":{"name":"_saltStorageSlot","line":16,"loc":{"start":{"line":16,"column":2},"end":{"line":21,"column":2}}},"3":{"name":"_layout","line":23,"loc":{"start":{"line":23,"column":2},"end":{"line":26,"column":2}}},"4":{"name":"_setValue","line":28,"loc":{"start":{"line":28,"column":2},"end":{"line":33,"column":2}}},"5":{"name":"_getValue","line":35,"loc":{"start":{"line":35,"column":2},"end":{"line":39,"column":2}}},"6":{"name":"_wipeValue","line":41,"loc":{"start":{"line":41,"column":2},"end":{"line":45,"column":2}}}},"statementMap":{"1":{"start":{"line":13,"column":4},"end":{"line":13,"column":35}},"2":{"start":{"line":19,"column":4},"end":{"line":19,"column":507}},"3":{"start":{"line":24,"column":4},"end":{"line":24,"column":47}},"4":{"start":{"line":32,"column":4},"end":{"line":32,"column":26}},"5":{"start":{"line":38,"column":4},"end":{"line":38,"column":23}}},"branchMap":{}},
"contracts/storage/primitives/bytes/mocks/Bytes32UtilsMock.sol":{"l":{},"path":"/Users/cyotee/Development/github-mimir-solutions/daosys/contracts/storage/primitives/bytes/mocks/Bytes32UtilsMock.sol","s":{},"b":{},"f":{},"fnMap":{},"statementMap":{},"branchMap":{}},
"contracts/storage/primitives/bytes/mocks/Bytes4UtilsMock.sol":{"l":{"15":3,"16":3,"20":1},"path":"/Users/cyotee/Development/github-mimir-solutions/daosys/contracts/storage/primitives/bytes/mocks/Bytes4UtilsMock.sol","s":{"1":3,"2":3,"3":1},"b":{},"f":{"1":3,"2":1},"fnMap":{"1":{"name":"setValue","line":14,"loc":{"start":{"line":14,"column":2},"end":{"line":17,"column":2}}},"2":{"name":"getValue","line":19,"loc":{"start":{"line":19,"column":2},"end":{"line":21,"column":2}}}},"statementMap":{"1":{"start":{"line":15,"column":4},"end":{"line":15,"column":69}},"2":{"start":{"line":16,"column":4},"end":{"line":16,"column":16}},"3":{"start":{"line":20,"column":4},"end":{"line":20,"column":69}}},"branchMap":{}},
"contracts/storage/primitives/string/String.sol":{"l":{},"path":"/Users/cyotee/Development/github-mimir-solutions/daosys/contracts/storage/primitives/string/String.sol","s":{},"b":{},"f":{},"fnMap":{},"statementMap":{},"branchMap":{}},
"contracts/storage/primitives/string/StringMock.sol":{"l":{"21":3,"22":3,"26":1},"path":"/Users/cyotee/Development/github-mimir-solutions/daosys/contracts/storage/primitives/string/StringMock.sol","s":{"1":3,"2":3,"3":1},"b":{},"f":{"1":3,"2":1},"fnMap":{"1":{"name":"setValue","line":20,"loc":{"start":{"line":20,"column":2},"end":{"line":23,"column":2}}},"2":{"name":"getValue","line":25,"loc":{"start":{"line":25,"column":2},"end":{"line":27,"column":2}}}},"statementMap":{"1":{"start":{"line":21,"column":4},"end":{"line":21,"column":58}},"2":{"start":{"line":22,"column":4},"end":{"line":22,"column":16}},"3":{"start":{"line":26,"column":4},"end":{"line":26,"column":58}}},"branchMap":{}},
"contracts/storage/primitives/string/StringRepository.sol":{"l":{"37":4,"38":4},"path":"/Users/cyotee/Development/github-mimir-solutions/daosys/contracts/storage/primitives/string/StringRepository.sol","s":{"1":4},"b":{},"f":{"1":4},"fnMap":{"1":{"name":"_layout","line":32,"loc":{"start":{"line":32,"column":2},"end":{"line":39,"column":2}}}},"statementMap":{"1":{"start":{"line":37,"column":4},"end":{"line":37,"column":62}}},"branchMap":{}},
"contracts/storage/primitives/string/StringUtils.sol":{"l":{"28":6,"41":4,"51":0},"path":"/Users/cyotee/Development/github-mimir-solutions/daosys/contracts/storage/primitives/string/StringUtils.sol","s":{"1":6,"2":4},"b":{},"f":{"1":6,"2":4,"3":0},"fnMap":{"1":{"name":"_setValue","line":24,"loc":{"start":{"line":24,"column":2},"end":{"line":29,"column":2}}},"2":{"name":"_getValue","line":36,"loc":{"start":{"line":36,"column":2},"end":{"line":42,"column":2}}},"3":{"name":"_wipeValue","line":48,"loc":{"start":{"line":48,"column":2},"end":{"line":52,"column":2}}}},"statementMap":{"1":{"start":{"line":28,"column":4},"end":{"line":28,"column":26}},"2":{"start":{"line":41,"column":4},"end":{"line":41,"column":23}}},"branchMap":{}},
"contracts/test/stubs/messenger/impls/service/delegate/MessengerDelegateService.sol":{"l":{"22":20,"23":20,"24":20,"26":20,"35":6,"36":6,"40":4},"path":"/Users/cyotee/Development/github-mimir-solutions/daosys/contracts/test/stubs/messenger/impls/service/delegate/MessengerDelegateService.sol","s":{"1":20,"2":20,"3":20,"4":20,"5":6,"6":6,"7":4},"b":{},"f":{"1":20,"2":6,"3":4},"fnMap":{"1":{"name":"constructor","line":20,"loc":{"start":{"line":20,"column":2},"end":{"line":30,"column":2}}},"2":{"name":"setMessage","line":32,"loc":{"start":{"line":32,"column":2},"end":{"line":37,"column":2}}},"3":{"name":"getMessage","line":39,"loc":{"start":{"line":39,"column":2},"end":{"line":41,"column":2}}}},"statementMap":{"1":{"start":{"line":22,"column":4},"end":{"line":22,"column":65}},"2":{"start":{"line":23,"column":4},"end":{"line":23,"column":66}},"3":{"start":{"line":24,"column":4},"end":{"line":24,"column":66}},"4":{"start":{"line":26,"column":4},"end":{"line":26,"column":605}},"5":{"start":{"line":35,"column":4},"end":{"line":35,"column":24}},"6":{"start":{"line":36,"column":4},"end":{"line":36,"column":17}},"7":{"start":{"line":40,"column":4},"end":{"line":40,"column":21}}},"branchMap":{}},
"contracts/test/stubs/messenger/interfaces/IMessenger.sol":{"l":{},"path":"/Users/cyotee/Development/github-mimir-solutions/daosys/contracts/test/stubs/messenger/interfaces/IMessenger.sol","s":{},"b":{},"f":{},"fnMap":{},"statementMap":{},"branchMap":{}},
"contracts/test/stubs/messenger/logic/MessengerLogic.sol":{"l":{"33":3,"37":3,"44":3},"path":"/Users/cyotee/Development/github-mimir-solutions/daosys/contracts/test/stubs/messenger/logic/MessengerLogic.sol","s":{"1":3,"2":3,"3":3},"b":{},"f":{"1":3,"2":3},"fnMap":{"1":{"name":"_setMessage","line":29,"loc":{"start":{"line":29,"column":2},"end":{"line":38,"column":2}}},"2":{"name":"_getMessage","line":40,"loc":{"start":{"line":40,"column":2},"end":{"line":46,"column":2}}}},"statementMap":{"1":{"start":{"line":33,"column":4},"end":{"line":33,"column":1087}},"2":{"start":{"line":37,"column":4},"end":{"line":37,"column":17}},"3":{"start":{"line":44,"column":4},"end":{"line":44,"column":1315}}},"branchMap":{}},
"contracts/test/stubs/messenger/Messenger.sol":{"l":{"40":3,"41":3,"55":3},"path":"/Users/cyotee/Development/github-mimir-solutions/daosys/contracts/test/stubs/messenger/Messenger.sol","s":{"1":3,"2":3,"3":3},"b":{},"f":{"1":3,"2":3},"fnMap":{"1":{"name":"setMessage","line":34,"loc":{"start":{"line":34,"column":2},"end":{"line":42,"column":2}}},"2":{"name":"getMessage","line":51,"loc":{"start":{"line":51,"column":2},"end":{"line":56,"column":2}}}},"statementMap":{"1":{"start":{"line":40,"column":4},"end":{"line":40,"column":38}},"2":{"start":{"line":41,"column":4},"end":{"line":41,"column":17}},"3":{"start":{"line":55,"column":4},"end":{"line":55,"column":41}}},"branchMap":{}},
"contracts/test/stubs/messenger/MessengerContext.sol":{"l":{"12":84,"16":3,"17":3,"18":3,"22":1,"23":1,"24":2,"29":2,"33":1,"37":61,"41":61,"45":45,"49":1},"path":"/Users/cyotee/Development/github-mimir-solutions/daosys/contracts/test/stubs/messenger/MessengerContext.sol","s":{"1":84,"2":3,"3":3,"4":3,"5":1,"6":1,"7":2,"8":2,"9":1,"10":61,"11":61,"12":45,"13":1},"b":{},"f":{"1":84,"2":3,"3":1,"4":2,"5":1,"6":61,"7":61,"8":45,"9":1},"fnMap":{"1":{"name":"interfaceId","line":11,"loc":{"start":{"line":11,"column":2},"end":{"line":13,"column":2}}},"2":{"name":"_functionSelectors","line":15,"loc":{"start":{"line":15,"column":2},"end":{"line":19,"column":2}}},"3":{"name":"calcInterfaceId","line":21,"loc":{"start":{"line":21,"column":2},"end":{"line":26,"column":2}}},"4":{"name":"functionSelectors","line":28,"loc":{"start":{"line":28,"column":2},"end":{"line":30,"column":2}}},"5":{"name":"creationCode","line":32,"loc":{"start":{"line":32,"column":2},"end":{"line":34,"column":2}}},"6":{"name":"codehash","line":36,"loc":{"start":{"line":36,"column":2},"end":{"line":38,"column":2}}},"7":{"name":"name","line":40,"loc":{"start":{"line":40,"column":2},"end":{"line":42,"column":2}}},"8":{"name":"instance","line":44,"loc":{"start":{"line":44,"column":2},"end":{"line":46,"column":2}}},"9":{"name":"mock","line":48,"loc":{"start":{"line":48,"column":2},"end":{"line":50,"column":2}}}},"statementMap":{"1":{"start":{"line":12,"column":4},"end":{"line":12,"column":46}},"2":{"start":{"line":16,"column":4},"end":{"line":16,"column":39}},"3":{"start":{"line":17,"column":4},"end":{"line":17,"column":57}},"4":{"start":{"line":18,"column":4},"end":{"line":18,"column":57}},"5":{"start":{"line":22,"column":4},"end":{"line":22,"column":61}},"6":{"start":{"line":23,"column":4},"end":{"line":23,"column":722}},"7":{"start":{"line":24,"column":6},"end":{"line":24,"column":64}},"8":{"start":{"line":29,"column":4},"end":{"line":29,"column":44}},"9":{"start":{"line":33,"column":4},"end":{"line":33,"column":47}},"10":{"start":{"line":37,"column":4},"end":{"line":37,"column":54}},"11":{"start":{"line":41,"column":4},"end":{"line":41,"column":31}},"12":{"start":{"line":45,"column":4},"end":{"line":45,"column":43}},"13":{"start":{"line":49,"column":4},"end":{"line":49,"column":39}}},"branchMap":{}},
"contracts/test/stubs/messenger/mocks/MessengerMock.sol":{"l":{},"path":"/Users/cyotee/Development/github-mimir-solutions/daosys/contracts/test/stubs/messenger/mocks/MessengerMock.sol","s":{},"b":{},"f":{},"fnMap":{},"statementMap":{},"branchMap":{}},
"contracts/test/stubs/messenger/storage/MessengerRepository.sol":{"l":{"35":6,"36":6},"path":"/Users/cyotee/Development/github-mimir-solutions/daosys/contracts/test/stubs/messenger/storage/MessengerRepository.sol","s":{"1":6},"b":{},"f":{"1":6},"fnMap":{"1":{"name":"_layout","line":30,"loc":{"start":{"line":30,"column":2},"end":{"line":37,"column":2}}}},"statementMap":{"1":{"start":{"line":35,"column":4},"end":{"line":35,"column":62}}},"branchMap":{}},
"contracts/test/stubs/messenger/storage/MessengerStorage.sol":{"l":{},"path":"/Users/cyotee/Development/github-mimir-solutions/daosys/contracts/test/stubs/messenger/storage/MessengerStorage.sol","s":{},"b":{},"f":{},"fnMap":{},"statementMap":{},"branchMap":{}},
"contracts/test/stubs/messenger/storage/MessengerStorageUtils.sol":{"l":{"31":3,"44":3},"path":"/Users/cyotee/Development/github-mimir-solutions/daosys/contracts/test/stubs/messenger/storage/MessengerStorageUtils.sol","s":{"1":3,"2":3},"b":{},"f":{"1":3,"2":3},"fnMap":{"1":{"name":"_setMessage","line":27,"loc":{"start":{"line":27,"column":2},"end":{"line":32,"column":2}}},"2":{"name":"_getMessage","line":39,"loc":{"start":{"line":39,"column":2},"end":{"line":45,"column":2}}}},"statementMap":{"1":{"start":{"line":31,"column":4},"end":{"line":31,"column":36}},"2":{"start":{"line":44,"column":4},"end":{"line":44,"column":39}}},"branchMap":{}},
"contracts/types/collections/mappings/Bytes4ToAddress.sol":{"l":{},"path":"/Users/cyotee/Development/github-mimir-solutions/daosys/contracts/types/collections/mappings/Bytes4ToAddress.sol","s":{},"b":{},"f":{},"fnMap":{},"statementMap":{},"branchMap":{}},
"contracts/types/collections/sets/address/AddressSet.sol":{"l":{},"path":"/Users/cyotee/Development/github-mimir-solutions/daosys/contracts/types/collections/sets/address/AddressSet.sol","s":{},"b":{},"f":{},"fnMap":{},"statementMap":{},"branchMap":{}},
"contracts/types/primitives/address/Address.sol":{"l":{},"path":"/Users/cyotee/Development/github-mimir-solutions/daosys/contracts/types/primitives/address/Address.sol","s":{},"b":{},"f":{},"fnMap":{},"statementMap":{},"branchMap":{}},
"contracts/types/primitives/bool/Bool.sol":{"l":{},"path":"/Users/cyotee/Development/github-mimir-solutions/daosys/contracts/types/primitives/bool/Bool.sol","s":{},"b":{},"f":{},"fnMap":{},"statementMap":{},"branchMap":{}},
"contracts/types/primitives/bytes/Bytes32.sol":{"l":{},"path":"/Users/cyotee/Development/github-mimir-solutions/daosys/contracts/types/primitives/bytes/Bytes32.sol","s":{},"b":{},"f":{},"fnMap":{},"statementMap":{},"branchMap":{}},
"contracts/types/primitives/bytes/Bytes4.sol":{"l":{},"path":"/Users/cyotee/Development/github-mimir-solutions/daosys/contracts/types/primitives/bytes/Bytes4.sol","s":{},"b":{},"f":{},"fnMap":{},"statementMap":{},"branchMap":{}}}
