{
"contracts/context/Context.sol":{"l":{"30":364,"36":320,"37":320,"38":320,"55":210,"56":210,"57":210,"61":176,"68":28,"69":28,"70":28,"74":24},"path":"/Users/cyotee/Development/github-mimir-solutions/daosys/contracts/context/Context.sol","s":{"1":364,"2":320,"3":320,"4":320,"5":210,"6":210,"7":210,"8":176,"9":28,"10":28,"11":28,"12":24},"b":{"1":[210,0],"2":[28,0]},"f":{"1":364,"2":210,"3":28},"fnMap":{"1":{"name":"deployContext","line":27,"loc":{"start":{"line":27,"column":2},"end":{"line":40,"column":2}}},"2":{"name":"getInstance","line":52,"loc":{"start":{"line":52,"column":2},"end":{"line":63,"column":2}}},"3":{"name":"getMock","line":65,"loc":{"start":{"line":65,"column":2},"end":{"line":76,"column":2}}}},"statementMap":{"1":{"start":{"line":30,"column":4},"end":{"line":30,"column":1022}},"2":{"start":{"line":36,"column":4},"end":{"line":36,"column":74}},"3":{"start":{"line":37,"column":4},"end":{"line":37,"column":59}},"4":{"start":{"line":38,"column":4},"end":{"line":38,"column":67}},"5":{"start":{"line":55,"column":4},"end":{"line":55,"column":50}},"6":{"start":{"line":56,"column":4},"end":{"line":56,"column":1736}},"7":{"start":{"line":57,"column":6},"end":{"line":57,"column":1774}},"8":{"start":{"line":61,"column":6},"end":{"line":61,"column":52}},"9":{"start":{"line":68,"column":4},"end":{"line":68,"column":42}},"10":{"start":{"line":69,"column":4},"end":{"line":69,"column":2132}},"11":{"start":{"line":70,"column":6},"end":{"line":70,"column":2166}},"12":{"start":{"line":74,"column":6},"end":{"line":74,"column":44}}},"branchMap":{"1":{"line":56,"type":"if","locations":[{"start":{"line":56,"column":4},"end":{"line":56,"column":4}},{"start":{"line":56,"column":4},"end":{"line":56,"column":4}}]},"2":{"line":69,"type":"if","locations":[{"start":{"line":69,"column":4},"end":{"line":69,"column":4}},{"start":{"line":69,"column":4},"end":{"line":69,"column":4}}]}}},
"contracts/context/ContextContext.sol":{"l":{"12":0,"16":0,"17":0,"21":0,"22":0,"23":0,"28":0,"32":0,"36":0,"40":0,"44":0,"48":0,"52":0},"path":"/Users/cyotee/Development/github-mimir-solutions/daosys/contracts/context/ContextContext.sol","s":{"1":0,"2":0,"3":0,"4":0,"5":0,"6":0,"7":0,"8":0,"9":0,"10":0,"11":0,"12":0,"13":0},"b":{},"f":{"1":0,"2":0,"3":0,"4":0,"5":0,"6":0,"7":0,"8":0,"9":0,"10":0},"fnMap":{"1":{"name":"interfaceId","line":11,"loc":{"start":{"line":11,"column":2},"end":{"line":13,"column":2}}},"2":{"name":"_functionSelectors","line":15,"loc":{"start":{"line":15,"column":2},"end":{"line":18,"column":2}}},"3":{"name":"calcInterfaceId","line":20,"loc":{"start":{"line":20,"column":2},"end":{"line":25,"column":2}}},"4":{"name":"functionSelectors","line":27,"loc":{"start":{"line":27,"column":2},"end":{"line":29,"column":2}}},"5":{"name":"creationCode","line":31,"loc":{"start":{"line":31,"column":2},"end":{"line":33,"column":2}}},"6":{"name":"codehash","line":35,"loc":{"start":{"line":35,"column":2},"end":{"line":37,"column":2}}},"7":{"name":"name","line":39,"loc":{"start":{"line":39,"column":2},"end":{"line":41,"column":2}}},"8":{"name":"instance","line":43,"loc":{"start":{"line":43,"column":2},"end":{"line":45,"column":2}}},"9":{"name":"mock","line":47,"loc":{"start":{"line":47,"column":2},"end":{"line":49,"column":2}}},"10":{"name":"mockInterfaceId","line":51,"loc":{"start":{"line":51,"column":2},"end":{"line":53,"column":2}}}},"statementMap":{"1":{"start":{"line":12,"column":4},"end":{"line":12,"column":44}},"2":{"start":{"line":16,"column":4},"end":{"line":16,"column":39}},"3":{"start":{"line":17,"column":4},"end":{"line":17,"column":56}},"4":{"start":{"line":21,"column":4},"end":{"line":21,"column":61}},"5":{"start":{"line":22,"column":4},"end":{"line":22,"column":635}},"6":{"start":{"line":23,"column":6},"end":{"line":23,"column":64}},"7":{"start":{"line":28,"column":4},"end":{"line":28,"column":44}},"8":{"start":{"line":32,"column":4},"end":{"line":32,"column":45}},"9":{"start":{"line":36,"column":4},"end":{"line":36,"column":52}},"10":{"start":{"line":40,"column":4},"end":{"line":40,"column":29}},"11":{"start":{"line":44,"column":4},"end":{"line":44,"column":41}},"12":{"start":{"line":48,"column":4},"end":{"line":48,"column":37}},"13":{"start":{"line":52,"column":4},"end":{"line":52,"column":48}}},"branchMap":{}},
"contracts/context/IContext.sol":{"l":{},"path":"/Users/cyotee/Development/github-mimir-solutions/daosys/contracts/context/IContext.sol","s":{},"b":{},"f":{},"fnMap":{},"statementMap":{},"branchMap":{}},
"contracts/context/IMeta.sol":{"l":{},"path":"/Users/cyotee/Development/github-mimir-solutions/daosys/contracts/context/IMeta.sol","s":{},"b":{},"f":{},"fnMap":{},"statementMap":{},"branchMap":{}},
"contracts/context/ITestMeta.sol":{"l":{},"path":"/Users/cyotee/Development/github-mimir-solutions/daosys/contracts/context/ITestMeta.sol","s":{},"b":{},"f":{},"fnMap":{},"statementMap":{},"branchMap":{}},
"contracts/context/TestContext.sol":{"l":{},"path":"/Users/cyotee/Development/github-mimir-solutions/daosys/contracts/context/TestContext.sol","s":{},"b":{},"f":{},"fnMap":{},"statementMap":{},"branchMap":{}},
"contracts/evm/casting/type/ITypeCasting.sol":{"l":{},"path":"/Users/cyotee/Development/github-mimir-solutions/daosys/contracts/evm/casting/type/ITypeCasting.sol","s":{},"b":{},"f":{},"fnMap":{},"statementMap":{},"branchMap":{}},
"contracts/evm/casting/type/TypeCasting.sol":{"l":{},"path":"/Users/cyotee/Development/github-mimir-solutions/daosys/contracts/evm/casting/type/TypeCasting.sol","s":{},"b":{},"f":{},"fnMap":{},"statementMap":{},"branchMap":{}},
"contracts/evm/casting/type/TypeCastingLogic.sol":{"l":{"13":10},"path":"/Users/cyotee/Development/github-mimir-solutions/daosys/contracts/evm/casting/type/TypeCastingLogic.sol","s":{"1":10},"b":{},"f":{"1":10},"fnMap":{"1":{"name":"_bytes4ToBytes32","line":10,"loc":{"start":{"line":10,"column":2},"end":{"line":14,"column":2}}}},"statementMap":{"1":{"start":{"line":13,"column":4},"end":{"line":13,"column":55}}},"branchMap":{}},
"contracts/evm/casting/type/TypeCastingMock.sol":{"l":{"20":10},"path":"/Users/cyotee/Development/github-mimir-solutions/daosys/contracts/evm/casting/type/TypeCastingMock.sol","s":{"1":10},"b":{},"f":{"1":10},"fnMap":{"1":{"name":"bytes4ToBytes32","line":17,"loc":{"start":{"line":17,"column":2},"end":{"line":21,"column":2}}}},"statementMap":{"1":{"start":{"line":20,"column":4},"end":{"line":20,"column":55}}},"branchMap":{}},
"contracts/evm/casting/type/TypeCastingUtils.sol":{"l":{"9":10},"path":"/Users/cyotee/Development/github-mimir-solutions/daosys/contracts/evm/casting/type/TypeCastingUtils.sol","s":{"1":10},"b":{},"f":{"1":10},"fnMap":{"1":{"name":"_bytes4ToBytes32","line":6,"loc":{"start":{"line":6,"column":2},"end":{"line":10,"column":2}}}},"statementMap":{"1":{"start":{"line":9,"column":4},"end":{"line":9,"column":29}}},"branchMap":{}},
"contracts/evm/create2/utils/Create2Utils.sol":{"l":{"21":0,"46":0,"57":602,"62":602},"path":"/Users/cyotee/Development/github-mimir-solutions/daosys/contracts/evm/create2/utils/Create2Utils.sol","s":{"1":0,"2":0,"3":602},"b":{"1":[520,82]},"f":{"1":0,"2":0,"3":602},"fnMap":{"1":{"name":"_calculateDeploymentAddress","line":16,"loc":{"start":{"line":16,"column":2},"end":{"line":35,"column":2}}},"2":{"name":"_calculateInitCodeHash","line":43,"loc":{"start":{"line":43,"column":2},"end":{"line":47,"column":2}}},"3":{"name":"_deployWithSalt","line":56,"loc":{"start":{"line":56,"column":2},"end":{"line":63,"column":2}}}},"statementMap":{"1":{"start":{"line":21,"column":4},"end":{"line":21,"column":974}},"2":{"start":{"line":46,"column":4},"end":{"line":46,"column":45}},"3":{"start":{"line":62,"column":4},"end":{"line":62,"column":71}}},"branchMap":{"1":{"line":62,"type":"if","locations":[{"start":{"line":62,"column":4},"end":{"line":62,"column":4}},{"start":{"line":62,"column":4},"end":{"line":62,"column":4}}]}}},
"contracts/evm/create2/utils/mocks/Create2UtilsMock.sol":{"l":{"21":0,"31":0,"42":0},"path":"/Users/cyotee/Development/github-mimir-solutions/daosys/contracts/evm/create2/utils/mocks/Create2UtilsMock.sol","s":{"1":0,"2":0,"3":0},"b":{},"f":{"1":0,"2":0,"3":0},"fnMap":{"1":{"name":"calculateDeploymentAddress","line":16,"loc":{"start":{"line":16,"column":2},"end":{"line":26,"column":2}}},"2":{"name":"calculateInitCodeHash","line":28,"loc":{"start":{"line":28,"column":2},"end":{"line":32,"column":2}}},"3":{"name":"deployWithSalt","line":41,"loc":{"start":{"line":41,"column":2},"end":{"line":43,"column":2}}}},"statementMap":{"1":{"start":{"line":21,"column":4},"end":{"line":21,"column":644}},"2":{"start":{"line":31,"column":4},"end":{"line":31,"column":71}},"3":{"start":{"line":42,"column":4},"end":{"line":42,"column":64}}},"branchMap":{}},
"contracts/introspection/erc165/ERC165.sol":{"l":{"24":268,"31":268,"37":643,"41":10},"path":"/Users/cyotee/Development/github-mimir-solutions/daosys/contracts/introspection/erc165/ERC165.sol","s":{"1":268,"2":268,"3":643,"4":10},"b":{},"f":{"1":268,"2":268,"3":643,"4":10},"fnMap":{"1":{"name":"constructor","line":23,"loc":{"start":{"line":23,"column":2},"end":{"line":25,"column":2}}},"2":{"name":"_initERC165","line":30,"loc":{"start":{"line":30,"column":2},"end":{"line":32,"column":2}}},"3":{"name":"_addSupportedInterface","line":34,"loc":{"start":{"line":34,"column":2},"end":{"line":38,"column":2}}},"4":{"name":"supportsInterface","line":40,"loc":{"start":{"line":40,"column":2},"end":{"line":42,"column":2}}}},"statementMap":{"1":{"start":{"line":24,"column":4},"end":{"line":24,"column":16}},"2":{"start":{"line":31,"column":4},"end":{"line":31,"column":52}},"3":{"start":{"line":37,"column":4},"end":{"line":37,"column":50}},"4":{"start":{"line":41,"column":4},"end":{"line":41,"column":63}}},"branchMap":{}},
"contracts/introspection/erc165/ERC165Logic.sol":{"l":{"30":10,"39":643},"path":"/Users/cyotee/Development/github-mimir-solutions/daosys/contracts/introspection/erc165/ERC165Logic.sol","s":{"1":10,"2":643},"b":{},"f":{"1":10,"2":643},"fnMap":{"1":{"name":"_isSupportedInterface","line":27,"loc":{"start":{"line":27,"column":2},"end":{"line":34,"column":2}}},"2":{"name":"_addSupportedInterface","line":36,"loc":{"start":{"line":36,"column":2},"end":{"line":43,"column":2}}}},"statementMap":{"1":{"start":{"line":30,"column":4},"end":{"line":30,"column":958}},"2":{"start":{"line":39,"column":4},"end":{"line":39,"column":1165}}},"branchMap":{}},
"contracts/introspection/erc165/IERC165.sol":{"l":{},"path":"/Users/cyotee/Development/github-mimir-solutions/daosys/contracts/introspection/erc165/IERC165.sol","s":{},"b":{},"f":{},"fnMap":{},"statementMap":{},"branchMap":{}},
"contracts/introspection/erc165/mocks/ERC165Context.sol":{"l":{"13":45,"17":2,"18":2,"22":1,"23":1,"24":1,"29":1,"33":1,"37":43,"41":43,"45":1,"49":1},"path":"/Users/cyotee/Development/github-mimir-solutions/daosys/contracts/introspection/erc165/mocks/ERC165Context.sol","s":{"1":45,"2":2,"3":2,"4":1,"5":1,"6":1,"7":1,"8":1,"9":43,"10":43,"11":1,"12":1},"b":{},"f":{"1":45,"2":2,"3":1,"4":1,"5":1,"6":43,"7":43,"8":1,"9":1},"fnMap":{"1":{"name":"interfaceId","line":12,"loc":{"start":{"line":12,"column":2},"end":{"line":14,"column":2}}},"2":{"name":"_functionSelectors","line":16,"loc":{"start":{"line":16,"column":2},"end":{"line":19,"column":2}}},"3":{"name":"calcInterfaceId","line":21,"loc":{"start":{"line":21,"column":2},"end":{"line":26,"column":2}}},"4":{"name":"functionSelectors","line":28,"loc":{"start":{"line":28,"column":2},"end":{"line":30,"column":2}}},"5":{"name":"creationCode","line":32,"loc":{"start":{"line":32,"column":2},"end":{"line":34,"column":2}}},"6":{"name":"codehash","line":36,"loc":{"start":{"line":36,"column":2},"end":{"line":38,"column":2}}},"7":{"name":"name","line":40,"loc":{"start":{"line":40,"column":2},"end":{"line":42,"column":2}}},"8":{"name":"instance","line":44,"loc":{"start":{"line":44,"column":2},"end":{"line":46,"column":2}}},"9":{"name":"mock","line":48,"loc":{"start":{"line":48,"column":2},"end":{"line":50,"column":2}}}},"statementMap":{"1":{"start":{"line":13,"column":4},"end":{"line":13,"column":43}},"2":{"start":{"line":17,"column":4},"end":{"line":17,"column":39}},"3":{"start":{"line":18,"column":4},"end":{"line":18,"column":61}},"4":{"start":{"line":22,"column":4},"end":{"line":22,"column":61}},"5":{"start":{"line":23,"column":4},"end":{"line":23,"column":675}},"6":{"start":{"line":24,"column":6},"end":{"line":24,"column":64}},"7":{"start":{"line":29,"column":4},"end":{"line":29,"column":44}},"8":{"start":{"line":33,"column":4},"end":{"line":33,"column":44}},"9":{"start":{"line":37,"column":4},"end":{"line":37,"column":51}},"10":{"start":{"line":41,"column":4},"end":{"line":41,"column":28}},"11":{"start":{"line":45,"column":4},"end":{"line":45,"column":40}},"12":{"start":{"line":49,"column":4},"end":{"line":49,"column":40}}},"branchMap":{}},
"contracts/introspection/erc165/mocks/ERC165Mock.sol":{"l":{"23":4,"24":3,"28":3},"path":"/Users/cyotee/Development/github-mimir-solutions/daosys/contracts/introspection/erc165/mocks/ERC165Mock.sol","s":{"1":4,"2":3,"3":3},"b":{},"f":{"1":4,"2":3},"fnMap":{"1":{"name":"addSupportedInterface","line":20,"loc":{"start":{"line":20,"column":2},"end":{"line":25,"column":2}}},"2":{"name":"supportsInterface","line":27,"loc":{"start":{"line":27,"column":2},"end":{"line":29,"column":2}}}},"statementMap":{"1":{"start":{"line":23,"column":4},"end":{"line":23,"column":38}},"2":{"start":{"line":24,"column":4},"end":{"line":24,"column":17}},"3":{"start":{"line":28,"column":4},"end":{"line":28,"column":53}}},"branchMap":{}},
"contracts/introspection/erc165/storage/ERC165Storage.sol":{"l":{},"path":"/Users/cyotee/Development/github-mimir-solutions/daosys/contracts/introspection/erc165/storage/ERC165Storage.sol","s":{},"b":{},"f":{},"fnMap":{},"statementMap":{},"branchMap":{}},
"contracts/introspection/erc165/storage/ERC165StorageBinder.sol":{"l":{"30":652,"31":652},"path":"/Users/cyotee/Development/github-mimir-solutions/daosys/contracts/introspection/erc165/storage/ERC165StorageBinder.sol","s":{"1":652},"b":{},"f":{"1":652},"fnMap":{"1":{"name":"_layout","line":29,"loc":{"start":{"line":29,"column":2},"end":{"line":32,"column":2}}}},"statementMap":{"1":{"start":{"line":30,"column":4},"end":{"line":30,"column":61}}},"branchMap":{}},
"contracts/introspection/erc165/storage/ERC165StorageUtils.sol":{"l":{"34":10,"41":642},"path":"/Users/cyotee/Development/github-mimir-solutions/daosys/contracts/introspection/erc165/storage/ERC165StorageUtils.sol","s":{"1":10,"2":642},"b":{},"f":{"1":10,"2":642},"fnMap":{"1":{"name":"_isSupportedInterface","line":30,"loc":{"start":{"line":30,"column":2},"end":{"line":35,"column":2}}},"2":{"name":"_addSupportedInterface","line":37,"loc":{"start":{"line":37,"column":2},"end":{"line":42,"column":2}}}},"statementMap":{"1":{"start":{"line":34,"column":4},"end":{"line":34,"column":49}},"2":{"start":{"line":41,"column":4},"end":{"line":41,"column":45}}},"branchMap":{}},
"contracts/introspection/erc165/storage/ERC16StorageRepository.sol":{"l":{"33":10,"42":643,"43":642},"path":"/Users/cyotee/Development/github-mimir-solutions/daosys/contracts/introspection/erc165/storage/ERC16StorageRepository.sol","s":{"1":10,"2":643,"3":642},"b":{"1":[642,1]},"f":{"1":10,"2":643},"fnMap":{"1":{"name":"_isSupportedInterface","line":29,"loc":{"start":{"line":29,"column":2},"end":{"line":36,"column":2}}},"2":{"name":"_addSupportedInterface","line":38,"loc":{"start":{"line":38,"column":2},"end":{"line":46,"column":2}}}},"statementMap":{"1":{"start":{"line":33,"column":4},"end":{"line":33,"column":1043}},"2":{"start":{"line":42,"column":4},"end":{"line":42,"column":79}},"3":{"start":{"line":43,"column":4},"end":{"line":43,"column":1354}}},"branchMap":{"1":{"line":42,"type":"if","locations":[{"start":{"line":42,"column":4},"end":{"line":42,"column":4}},{"start":{"line":42,"column":4},"end":{"line":42,"column":4}}]}}},
"contracts/security/immutable/Immutable.sol":{"l":{"16":16,"17":13,"18":13,"22":13},"path":"/Users/cyotee/Development/github-mimir-solutions/daosys/contracts/security/immutable/Immutable.sol","s":{"1":16,"2":13,"3":13},"b":{"1":[13,3]},"f":{"1":16,"2":13},"fnMap":{"1":{"name":"isNotImmutable","line":15,"loc":{"start":{"line":15,"column":2},"end":{"line":19,"column":2}}},"2":{"name":"_makeImmutable","line":21,"loc":{"start":{"line":21,"column":2},"end":{"line":23,"column":2}}}},"statementMap":{"1":{"start":{"line":16,"column":4},"end":{"line":16,"column":103}},"2":{"start":{"line":18,"column":4},"end":{"line":18,"column":35}},"3":{"start":{"line":22,"column":4},"end":{"line":22,"column":50}}},"branchMap":{"1":{"line":16,"type":"if","locations":[{"start":{"line":16,"column":4},"end":{"line":16,"column":4}},{"start":{"line":16,"column":4},"end":{"line":16,"column":4}}]}}},
"contracts/security/immutable/ImmutableLogic.sol":{"l":{"12":13,"16":16},"path":"/Users/cyotee/Development/github-mimir-solutions/daosys/contracts/security/immutable/ImmutableLogic.sol","s":{"1":13,"2":16},"b":{},"f":{"1":13,"2":16},"fnMap":{"1":{"name":"_makeImmutable","line":11,"loc":{"start":{"line":11,"column":2},"end":{"line":13,"column":2}}},"2":{"name":"_isImmutable","line":15,"loc":{"start":{"line":15,"column":2},"end":{"line":17,"column":2}}}},"statementMap":{"1":{"start":{"line":12,"column":4},"end":{"line":12,"column":62}},"2":{"start":{"line":16,"column":4},"end":{"line":16,"column":75}}},"branchMap":{}},
"contracts/security/immutable/mocks/ImmutableMock.sol":{"l":{"23":3},"path":"/Users/cyotee/Development/github-mimir-solutions/daosys/contracts/security/immutable/mocks/ImmutableMock.sol","s":{"1":3},"b":{},"f":{"1":3},"fnMap":{"1":{"name":"testImmutable","line":22,"loc":{"start":{"line":22,"column":2},"end":{"line":24,"column":2}}}},"statementMap":{"1":{"start":{"line":23,"column":4},"end":{"line":23,"column":17}}},"branchMap":{}},
"contracts/security/immutable/storage/ImmutableStorage.sol":{"l":{},"path":"/Users/cyotee/Development/github-mimir-solutions/daosys/contracts/security/immutable/storage/ImmutableStorage.sol","s":{},"b":{},"f":{},"fnMap":{},"statementMap":{},"branchMap":{}},
"contracts/security/immutable/storage/ImmutableStorageBinder.sol":{"l":{"31":29,"32":29},"path":"/Users/cyotee/Development/github-mimir-solutions/daosys/contracts/security/immutable/storage/ImmutableStorageBinder.sol","s":{"1":29},"b":{},"f":{"1":29},"fnMap":{"1":{"name":"_bindLayout","line":26,"loc":{"start":{"line":26,"column":2},"end":{"line":33,"column":2}}}},"statementMap":{"1":{"start":{"line":31,"column":4},"end":{"line":31,"column":62}}},"branchMap":{}},
"contracts/security/immutable/storage/ImmutableStorageRepository.sol":{"l":{"20":13,"24":16},"path":"/Users/cyotee/Development/github-mimir-solutions/daosys/contracts/security/immutable/storage/ImmutableStorageRepository.sol","s":{"1":13,"2":16},"b":{},"f":{"1":13,"2":16},"fnMap":{"1":{"name":"_makeImmutable","line":19,"loc":{"start":{"line":19,"column":2},"end":{"line":21,"column":2}}},"2":{"name":"_isImmutable","line":23,"loc":{"start":{"line":23,"column":2},"end":{"line":25,"column":2}}}},"statementMap":{"1":{"start":{"line":20,"column":4},"end":{"line":20,"column":69}},"2":{"start":{"line":24,"column":4},"end":{"line":24,"column":82}}},"branchMap":{}},
"contracts/security/immutable/storage/ImmutableStorageUtils.sol":{"l":{"24":13,"28":16},"path":"/Users/cyotee/Development/github-mimir-solutions/daosys/contracts/security/immutable/storage/ImmutableStorageUtils.sol","s":{"1":13,"2":16},"b":{},"f":{"1":13,"2":16},"fnMap":{"1":{"name":"_makeImmutable","line":23,"loc":{"start":{"line":23,"column":2},"end":{"line":25,"column":2}}},"2":{"name":"_isImmutable","line":27,"loc":{"start":{"line":27,"column":2},"end":{"line":29,"column":2}}}},"statementMap":{"1":{"start":{"line":24,"column":4},"end":{"line":24,"column":32}},"2":{"start":{"line":28,"column":4},"end":{"line":28,"column":43}}},"branchMap":{}},
"contracts/service/delegate/DelegateService.sol":{"l":{"31":133,"36":133,"40":133,"46":1,"52":2,"56":4,"60":2,"64":1},"path":"/Users/cyotee/Development/github-mimir-solutions/daosys/contracts/service/delegate/DelegateService.sol","s":{"1":133,"2":133,"3":133,"4":1,"5":2,"6":4,"7":2,"8":1},"b":{},"f":{"1":133,"2":133,"3":1,"4":2,"5":4,"6":2,"7":1},"fnMap":{"1":{"name":"constructor","line":30,"loc":{"start":{"line":30,"column":2},"end":{"line":32,"column":2}}},"2":{"name":"_initDelegateService","line":34,"loc":{"start":{"line":34,"column":2},"end":{"line":43,"column":2}}},"3":{"name":"getDelegateServiceRegistry","line":45,"loc":{"start":{"line":45,"column":2},"end":{"line":47,"column":2}}},"4":{"name":"setDeploymentSalt","line":51,"loc":{"start":{"line":49,"column":2},"end":{"line":53,"column":2}}},"5":{"name":"supportsInterface","line":55,"loc":{"start":{"line":55,"column":2},"end":{"line":57,"column":2}}},"6":{"name":"getCreate2Pedigree","line":59,"loc":{"start":{"line":59,"column":2},"end":{"line":61,"column":2}}},"7":{"name":"getServiceDefs","line":63,"loc":{"start":{"line":63,"column":2},"end":{"line":65,"column":2}}}},"statementMap":{"1":{"start":{"line":31,"column":4},"end":{"line":31,"column":25}},"2":{"start":{"line":36,"column":4},"end":{"line":36,"column":1043}},"3":{"start":{"line":40,"column":4},"end":{"line":40,"column":1200}},"4":{"start":{"line":46,"column":4},"end":{"line":46,"column":79}},"5":{"start":{"line":52,"column":4},"end":{"line":52,"column":52}},"6":{"start":{"line":56,"column":4},"end":{"line":56,"column":53}},"7":{"start":{"line":60,"column":4},"end":{"line":60,"column":40}},"8":{"start":{"line":64,"column":4},"end":{"line":64,"column":38}}},"branchMap":{}},
"contracts/service/delegate/DelegateServiceLogic.sol":{"l":{"29":133,"37":1,"46":0,"55":0,"63":0,"67":0,"72":0,"76":0,"77":0,"84":0},"path":"/Users/cyotee/Development/github-mimir-solutions/daosys/contracts/service/delegate/DelegateServiceLogic.sol","s":{"1":133,"2":1,"3":0,"4":0,"5":0,"6":0,"7":0,"8":0,"9":0,"10":0},"b":{},"f":{"1":133,"2":1,"3":0,"4":0,"5":0,"6":0,"7":0,"8":0,"9":0},"fnMap":{"1":{"name":"_setDelegateServiceRegistry","line":26,"loc":{"start":{"line":26,"column":2},"end":{"line":33,"column":2}}},"2":{"name":"_getDelegateServiceRegistry","line":35,"loc":{"start":{"line":35,"column":2},"end":{"line":38,"column":2}}},"3":{"name":"_addServiceDef","line":42,"loc":{"start":{"line":42,"column":2},"end":{"line":50,"column":2}}},"4":{"name":"_addServiceDef","line":52,"loc":{"start":{"line":52,"column":2},"end":{"line":58,"column":2}}},"5":{"name":"_setDeploymentSalt","line":60,"loc":{"start":{"line":60,"column":2},"end":{"line":64,"column":2}}},"6":{"name":"_getFactory","line":66,"loc":{"start":{"line":66,"column":2},"end":{"line":68,"column":2}}},"7":{"name":"_getDeploymentSalt","line":70,"loc":{"start":{"line":70,"column":2},"end":{"line":73,"column":2}}},"8":{"name":"_getPedigree","line":75,"loc":{"start":{"line":75,"column":2},"end":{"line":78,"column":2}}},"9":{"name":"_getServiceDefs","line":80,"loc":{"start":{"line":80,"column":2},"end":{"line":85,"column":2}}}},"statementMap":{"1":{"start":{"line":29,"column":4},"end":{"line":29,"column":981}},"2":{"start":{"line":37,"column":4},"end":{"line":37,"column":118}},"3":{"start":{"line":46,"column":4},"end":{"line":46,"column":1542}},"4":{"start":{"line":55,"column":4},"end":{"line":55,"column":1717}},"5":{"start":{"line":63,"column":4},"end":{"line":63,"column":50}},"6":{"start":{"line":67,"column":4},"end":{"line":67,"column":39}},"7":{"start":{"line":72,"column":4},"end":{"line":72,"column":53}},"8":{"start":{"line":76,"column":4},"end":{"line":76,"column":48}},"9":{"start":{"line":77,"column":4},"end":{"line":77,"column":62}},"10":{"start":{"line":84,"column":4},"end":{"line":84,"column":47}}},"branchMap":{}},
"contracts/service/delegate/IDelegateService.sol":{"l":{},"path":"/Users/cyotee/Development/github-mimir-solutions/daosys/contracts/service/delegate/IDelegateService.sol","s":{},"b":{},"f":{},"fnMap":{},"statementMap":{},"branchMap":{}},
"contracts/service/delegate/mocks/DelegateServiceContext.sol":{"l":{"14":119,"18":2,"19":2,"23":0,"24":0,"25":0,"30":2,"34":0,"38":96,"42":96,"46":120,"50":13},"path":"/Users/cyotee/Development/github-mimir-solutions/daosys/contracts/service/delegate/mocks/DelegateServiceContext.sol","s":{"1":119,"2":2,"3":2,"4":0,"5":0,"6":0,"7":2,"8":0,"9":96,"10":96,"11":120,"12":13},"b":{},"f":{"1":119,"2":2,"3":0,"4":2,"5":0,"6":96,"7":96,"8":120,"9":13},"fnMap":{"1":{"name":"interfaceId","line":13,"loc":{"start":{"line":13,"column":2},"end":{"line":15,"column":2}}},"2":{"name":"_functionSelectors","line":17,"loc":{"start":{"line":17,"column":2},"end":{"line":20,"column":2}}},"3":{"name":"calcInterfaceId","line":22,"loc":{"start":{"line":22,"column":2},"end":{"line":27,"column":2}}},"4":{"name":"functionSelectors","line":29,"loc":{"start":{"line":29,"column":2},"end":{"line":31,"column":2}}},"5":{"name":"creationCode","line":33,"loc":{"start":{"line":33,"column":2},"end":{"line":35,"column":2}}},"6":{"name":"codehash","line":37,"loc":{"start":{"line":37,"column":2},"end":{"line":39,"column":2}}},"7":{"name":"name","line":41,"loc":{"start":{"line":41,"column":2},"end":{"line":43,"column":2}}},"8":{"name":"instance","line":45,"loc":{"start":{"line":45,"column":2},"end":{"line":47,"column":2}}},"9":{"name":"mock","line":49,"loc":{"start":{"line":49,"column":2},"end":{"line":51,"column":2}}}},"statementMap":{"1":{"start":{"line":14,"column":4},"end":{"line":14,"column":52}},"2":{"start":{"line":18,"column":4},"end":{"line":18,"column":39}},"3":{"start":{"line":19,"column":4},"end":{"line":19,"column":79}},"4":{"start":{"line":23,"column":4},"end":{"line":23,"column":61}},"5":{"start":{"line":24,"column":4},"end":{"line":24,"column":767}},"6":{"start":{"line":25,"column":6},"end":{"line":25,"column":64}},"7":{"start":{"line":30,"column":4},"end":{"line":30,"column":44}},"8":{"start":{"line":34,"column":4},"end":{"line":34,"column":53}},"9":{"start":{"line":38,"column":4},"end":{"line":38,"column":60}},"10":{"start":{"line":42,"column":4},"end":{"line":42,"column":37}},"11":{"start":{"line":46,"column":4},"end":{"line":46,"column":49}},"12":{"start":{"line":50,"column":4},"end":{"line":50,"column":49}}},"branchMap":{}},
"contracts/service/delegate/mocks/DelegateServiceMock.sol":{"l":{"43":1,"47":0,"53":0,"57":0,"61":0,"65":1},"path":"/Users/cyotee/Development/github-mimir-solutions/daosys/contracts/service/delegate/mocks/DelegateServiceMock.sol","s":{"1":1,"2":0,"3":0,"4":0,"5":0,"6":1},"b":{},"f":{"1":1,"2":0,"3":0,"4":0,"5":0,"6":1},"fnMap":{"1":{"name":"addServiceDef","line":37,"loc":{"start":{"line":37,"column":2},"end":{"line":44,"column":2}}},"2":{"name":"getDelegateServiceRegistry","line":46,"loc":{"start":{"line":46,"column":2},"end":{"line":48,"column":2}}},"3":{"name":"setDeploymentSalt","line":52,"loc":{"start":{"line":50,"column":2},"end":{"line":54,"column":2}}},"4":{"name":"supportsInterface","line":56,"loc":{"start":{"line":56,"column":2},"end":{"line":58,"column":2}}},"5":{"name":"getCreate2Pedigree","line":60,"loc":{"start":{"line":60,"column":2},"end":{"line":62,"column":2}}},"6":{"name":"getServiceDefs","line":64,"loc":{"start":{"line":64,"column":2},"end":{"line":66,"column":2}}}},"statementMap":{"1":{"start":{"line":43,"column":4},"end":{"line":43,"column":64}},"2":{"start":{"line":47,"column":4},"end":{"line":47,"column":63}},"3":{"start":{"line":53,"column":4},"end":{"line":53,"column":52}},"4":{"start":{"line":57,"column":4},"end":{"line":57,"column":53}},"5":{"start":{"line":61,"column":4},"end":{"line":61,"column":40}},"6":{"start":{"line":65,"column":4},"end":{"line":65,"column":38}}},"branchMap":{}},
"contracts/service/delegate/storage/DelegateServiceRepository.sol":{"l":{"23":133,"32":1},"path":"/Users/cyotee/Development/github-mimir-solutions/daosys/contracts/service/delegate/storage/DelegateServiceRepository.sol","s":{"1":133,"2":1},"b":{},"f":{"1":133,"2":1},"fnMap":{"1":{"name":"_setDelegateServiceRegistry","line":19,"loc":{"start":{"line":19,"column":2},"end":{"line":27,"column":2}}},"2":{"name":"_getDelegateServiceRegistry","line":29,"loc":{"start":{"line":29,"column":2},"end":{"line":34,"column":2}}}},"statementMap":{"1":{"start":{"line":23,"column":4},"end":{"line":23,"column":837}},"2":{"start":{"line":32,"column":4},"end":{"line":32,"column":1140}}},"branchMap":{}},
"contracts/service/delegate/storage/DelegateServiceStorage.sol":{"l":{},"path":"/Users/cyotee/Development/github-mimir-solutions/daosys/contracts/service/delegate/storage/DelegateServiceStorage.sol","s":{},"b":{},"f":{},"fnMap":{},"statementMap":{},"branchMap":{}},
"contracts/service/delegate/storage/DelegateServiceStorageBinder.sol":{"l":{"24":134,"25":134},"path":"/Users/cyotee/Development/github-mimir-solutions/daosys/contracts/service/delegate/storage/DelegateServiceStorageBinder.sol","s":{"1":134},"b":{},"f":{"1":134},"fnMap":{"1":{"name":"_bindLayout","line":23,"loc":{"start":{"line":23,"column":2},"end":{"line":26,"column":2}}}},"statementMap":{"1":{"start":{"line":24,"column":4},"end":{"line":24,"column":62}}},"branchMap":{}},
"contracts/service/delegate/storage/DelegateServiceStorageUtils.sol":{"l":{"24":133,"30":1},"path":"/Users/cyotee/Development/github-mimir-solutions/daosys/contracts/service/delegate/storage/DelegateServiceStorageUtils.sol","s":{"1":133,"2":1},"b":{},"f":{"1":133,"2":1},"fnMap":{"1":{"name":"_setDelegateServiceRegistry","line":20,"loc":{"start":{"line":20,"column":2},"end":{"line":25,"column":2}}},"2":{"name":"_getDelegateServiceRegistry","line":27,"loc":{"start":{"line":27,"column":2},"end":{"line":31,"column":2}}}},"statementMap":{"1":{"start":{"line":24,"column":4},"end":{"line":24,"column":68}},"2":{"start":{"line":30,"column":4},"end":{"line":30,"column":71}}},"branchMap":{}},
"contracts/service/IService.sol":{"l":{},"path":"/Users/cyotee/Development/github-mimir-solutions/daosys/contracts/service/IService.sol","s":{},"b":{},"f":{},"fnMap":{},"statementMap":{},"branchMap":{}},
"contracts/service/mocks/ServiceContext.sol":{"l":{"13":210,"17":2,"18":2,"19":2,"20":2,"21":2,"25":0,"26":0,"27":0,"32":2,"36":0,"40":182,"44":182,"48":90,"52":15},"path":"/Users/cyotee/Development/github-mimir-solutions/daosys/contracts/service/mocks/ServiceContext.sol","s":{"1":210,"2":2,"3":2,"4":2,"5":2,"6":2,"7":0,"8":0,"9":0,"10":2,"11":0,"12":182,"13":182,"14":90,"15":15},"b":{},"f":{"1":210,"2":2,"3":0,"4":2,"5":0,"6":182,"7":182,"8":90,"9":15},"fnMap":{"1":{"name":"interfaceId","line":12,"loc":{"start":{"line":12,"column":2},"end":{"line":14,"column":2}}},"2":{"name":"_functionSelectors","line":16,"loc":{"start":{"line":16,"column":2},"end":{"line":22,"column":2}}},"3":{"name":"calcInterfaceId","line":24,"loc":{"start":{"line":24,"column":2},"end":{"line":29,"column":2}}},"4":{"name":"functionSelectors","line":31,"loc":{"start":{"line":31,"column":2},"end":{"line":33,"column":2}}},"5":{"name":"creationCode","line":35,"loc":{"start":{"line":35,"column":2},"end":{"line":37,"column":2}}},"6":{"name":"codehash","line":39,"loc":{"start":{"line":39,"column":2},"end":{"line":41,"column":2}}},"7":{"name":"name","line":43,"loc":{"start":{"line":43,"column":2},"end":{"line":45,"column":2}}},"8":{"name":"instance","line":47,"loc":{"start":{"line":47,"column":2},"end":{"line":49,"column":2}}},"9":{"name":"mock","line":51,"loc":{"start":{"line":51,"column":2},"end":{"line":53,"column":2}}}},"statementMap":{"1":{"start":{"line":13,"column":4},"end":{"line":13,"column":44}},"2":{"start":{"line":17,"column":4},"end":{"line":17,"column":39}},"3":{"start":{"line":18,"column":4},"end":{"line":18,"column":62}},"4":{"start":{"line":19,"column":4},"end":{"line":19,"column":63}},"5":{"start":{"line":20,"column":4},"end":{"line":20,"column":59}},"6":{"start":{"line":21,"column":4},"end":{"line":21,"column":62}},"7":{"start":{"line":25,"column":4},"end":{"line":25,"column":61}},"8":{"start":{"line":26,"column":4},"end":{"line":26,"column":862}},"9":{"start":{"line":27,"column":6},"end":{"line":27,"column":64}},"10":{"start":{"line":32,"column":4},"end":{"line":32,"column":44}},"11":{"start":{"line":36,"column":4},"end":{"line":36,"column":45}},"12":{"start":{"line":40,"column":4},"end":{"line":40,"column":52}},"13":{"start":{"line":44,"column":4},"end":{"line":44,"column":29}},"14":{"start":{"line":48,"column":4},"end":{"line":48,"column":41}},"15":{"start":{"line":52,"column":4},"end":{"line":52,"column":41}}},"branchMap":{}},
"contracts/service/mocks/ServiceMock.sol":{"l":{"33":2,"37":2,"43":0,"47":2},"path":"/Users/cyotee/Development/github-mimir-solutions/daosys/contracts/service/mocks/ServiceMock.sol","s":{"1":2,"2":2,"3":0,"4":2},"b":{},"f":{"1":2,"2":0,"3":2},"fnMap":{"1":{"name":"addServiceDef","line":29,"loc":{"start":{"line":29,"column":2},"end":{"line":38,"column":2}}},"2":{"name":"supportsInterface","line":40,"loc":{"start":{"line":40,"column":2},"end":{"line":44,"column":2}}},"3":{"name":"getServiceDefs","line":46,"loc":{"start":{"line":46,"column":2},"end":{"line":48,"column":2}}}},"statementMap":{"1":{"start":{"line":33,"column":4},"end":{"line":33,"column":934}},"2":{"start":{"line":37,"column":4},"end":{"line":37,"column":17}},"3":{"start":{"line":43,"column":4},"end":{"line":43,"column":53}},"4":{"start":{"line":47,"column":4},"end":{"line":47,"column":38}}},"branchMap":{}},
"contracts/service/Service.sol":{"l":{"30":238,"35":238,"39":238,"46":2,"55":0,"56":0,"64":4,"66":4,"72":4,"74":4,"78":7,"82":4,"83":4,"87":2},"path":"/Users/cyotee/Development/github-mimir-solutions/daosys/contracts/service/Service.sol","s":{"1":238,"2":238,"3":238,"4":2,"5":0,"6":0,"7":4,"8":4,"9":4,"10":4,"11":7,"12":4,"13":4,"14":2},"b":{},"f":{"1":238,"2":238,"3":2,"4":0,"5":4,"6":4,"7":7,"8":4,"9":2},"fnMap":{"1":{"name":"constructor","line":29,"loc":{"start":{"line":29,"column":2},"end":{"line":31,"column":2}}},"2":{"name":"_initService","line":33,"loc":{"start":{"line":33,"column":2},"end":{"line":40,"column":2}}},"3":{"name":"_addServiceDef","line":42,"loc":{"start":{"line":42,"column":2},"end":{"line":50,"column":2}}},"4":{"name":"_addServiceDef","line":52,"loc":{"start":{"line":52,"column":2},"end":{"line":59,"column":2}}},"5":{"name":"_setDeploymentSalt","line":63,"loc":{"start":{"line":61,"column":2},"end":{"line":67,"column":2}}},"6":{"name":"setDeploymentSalt","line":71,"loc":{"start":{"line":69,"column":2},"end":{"line":75,"column":2}}},"7":{"name":"supportsInterface","line":77,"loc":{"start":{"line":77,"column":2},"end":{"line":79,"column":2}}},"8":{"name":"getCreate2Pedigree","line":81,"loc":{"start":{"line":81,"column":2},"end":{"line":84,"column":2}}},"9":{"name":"getServiceDefs","line":86,"loc":{"start":{"line":86,"column":2},"end":{"line":88,"column":2}}}},"statementMap":{"1":{"start":{"line":30,"column":4},"end":{"line":30,"column":17}},"2":{"start":{"line":35,"column":4},"end":{"line":35,"column":903}},"3":{"start":{"line":39,"column":4},"end":{"line":39,"column":30}},"4":{"start":{"line":46,"column":4},"end":{"line":46,"column":1158}},"5":{"start":{"line":55,"column":4},"end":{"line":55,"column":52}},"6":{"start":{"line":56,"column":4},"end":{"line":56,"column":1388}},"7":{"start":{"line":64,"column":4},"end":{"line":64,"column":50}},"8":{"start":{"line":66,"column":4},"end":{"line":66,"column":17}},"9":{"start":{"line":72,"column":4},"end":{"line":72,"column":37}},"10":{"start":{"line":74,"column":4},"end":{"line":74,"column":17}},"11":{"start":{"line":78,"column":4},"end":{"line":78,"column":53}},"12":{"start":{"line":82,"column":4},"end":{"line":82,"column":48}},"13":{"start":{"line":83,"column":4},"end":{"line":83,"column":62}},"14":{"start":{"line":87,"column":4},"end":{"line":87,"column":46}}},"branchMap":{}},
"contracts/service/ServiceLogic.sol":{"l":{"23":238,"33":2,"47":0,"56":0,"69":4,"76":4,"81":4,"85":0,"86":0,"93":2,"98":0,"103":0},"path":"/Users/cyotee/Development/github-mimir-solutions/daosys/contracts/service/ServiceLogic.sol","s":{"1":238,"2":2,"3":0,"4":0,"5":4,"6":4,"7":4,"8":0,"9":0,"10":2,"11":0,"12":0},"b":{},"f":{"1":238,"2":2,"3":0,"4":0,"5":4,"6":4,"7":4,"8":0,"9":2,"10":0,"11":0},"fnMap":{"1":{"name":"_initService","line":22,"loc":{"start":{"line":22,"column":2},"end":{"line":27,"column":2}}},"2":{"name":"_addServiceDef","line":29,"loc":{"start":{"line":29,"column":2},"end":{"line":42,"column":2}}},"3":{"name":"_addServiceDef","line":44,"loc":{"start":{"line":44,"column":2},"end":{"line":51,"column":2}}},"4":{"name":"_setFactory","line":53,"loc":{"start":{"line":53,"column":2},"end":{"line":60,"column":2}}},"5":{"name":"_setDeploymentSalt","line":66,"loc":{"start":{"line":66,"column":2},"end":{"line":73,"column":2}}},"6":{"name":"_getFactory","line":75,"loc":{"start":{"line":75,"column":2},"end":{"line":77,"column":2}}},"7":{"name":"_getDeploymentSalt","line":79,"loc":{"start":{"line":79,"column":2},"end":{"line":82,"column":2}}},"8":{"name":"_getPedigree","line":84,"loc":{"start":{"line":84,"column":2},"end":{"line":87,"column":2}}},"9":{"name":"_getServiceDefs","line":89,"loc":{"start":{"line":89,"column":2},"end":{"line":94,"column":2}}},"10":{"name":"_getServiceInterfaceIds","line":96,"loc":{"start":{"line":96,"column":2},"end":{"line":99,"column":2}}},"11":{"name":"_getServiceFunctionSelectors","line":101,"loc":{"start":{"line":101,"column":2},"end":{"line":104,"column":2}}}},"statementMap":{"1":{"start":{"line":23,"column":4},"end":{"line":23,"column":762}},"2":{"start":{"line":33,"column":4},"end":{"line":33,"column":971}},"3":{"start":{"line":47,"column":4},"end":{"line":47,"column":1287}},"4":{"start":{"line":56,"column":4},"end":{"line":56,"column":1457}},"5":{"start":{"line":69,"column":4},"end":{"line":69,"column":1806}},"6":{"start":{"line":76,"column":4},"end":{"line":76,"column":77}},"7":{"start":{"line":81,"column":4},"end":{"line":81,"column":91}},"8":{"start":{"line":85,"column":4},"end":{"line":85,"column":86}},"9":{"start":{"line":86,"column":4},"end":{"line":86,"column":100}},"10":{"start":{"line":93,"column":4},"end":{"line":93,"column":85}},"11":{"start":{"line":98,"column":4},"end":{"line":98,"column":101}},"12":{"start":{"line":103,"column":4},"end":{"line":103,"column":104}}},"branchMap":{}},
"contracts/service/storage/ServiceDefSet.sol":{"l":{},"path":"/Users/cyotee/Development/github-mimir-solutions/daosys/contracts/service/storage/ServiceDefSet.sol","s":{},"b":{},"f":{},"fnMap":{},"statementMap":{},"branchMap":{}},
"contracts/service/storage/ServiceDefSetRepository.sol":{"l":{},"path":"/Users/cyotee/Development/github-mimir-solutions/daosys/contracts/service/storage/ServiceDefSetRepository.sol","s":{},"b":{},"f":{},"fnMap":{},"statementMap":{},"branchMap":{}},
"contracts/service/storage/ServiceDefSetStorage.sol":{"l":{},"path":"/Users/cyotee/Development/github-mimir-solutions/daosys/contracts/service/storage/ServiceDefSetStorage.sol","s":{},"b":{},"f":{},"fnMap":{},"statementMap":{},"branchMap":{}},
"contracts/service/storage/ServiceDefSetStorageBinder.sol":{"l":{"21":0,"22":0},"path":"/Users/cyotee/Development/github-mimir-solutions/daosys/contracts/service/storage/ServiceDefSetStorageBinder.sol","s":{"1":0},"b":{},"f":{"1":0},"fnMap":{"1":{"name":"_bindLayout","line":20,"loc":{"start":{"line":20,"column":2},"end":{"line":23,"column":2}}}},"statementMap":{"1":{"start":{"line":21,"column":4},"end":{"line":21,"column":62}}},"branchMap":{}},
"contracts/service/storage/ServiceDefSetStorageUtils.sol":{"l":{"27":0,"34":0,"40":0,"47":0,"54":0,"62":0},"path":"/Users/cyotee/Development/github-mimir-solutions/daosys/contracts/service/storage/ServiceDefSetStorageUtils.sol","s":{"1":0,"2":0,"3":0,"4":0,"5":0,"6":0},"b":{},"f":{"1":0,"2":0,"3":0,"4":0,"5":0,"6":0},"fnMap":{"1":{"name":"_contains","line":21,"loc":{"start":{"line":21,"column":2},"end":{"line":28,"column":2}}},"2":{"name":"_indexOf","line":30,"loc":{"start":{"line":30,"column":2},"end":{"line":35,"column":2}}},"3":{"name":"_length","line":37,"loc":{"start":{"line":37,"column":2},"end":{"line":41,"column":2}}},"4":{"name":"_add","line":43,"loc":{"start":{"line":43,"column":2},"end":{"line":48,"column":2}}},"5":{"name":"_remove","line":50,"loc":{"start":{"line":50,"column":2},"end":{"line":55,"column":2}}},"6":{"name":"_setAsArray","line":57,"loc":{"start":{"line":57,"column":2},"end":{"line":63,"column":2}}}},"statementMap":{"1":{"start":{"line":27,"column":4},"end":{"line":27,"column":58}},"2":{"start":{"line":34,"column":4},"end":{"line":34,"column":53}},"3":{"start":{"line":40,"column":4},"end":{"line":40,"column":42}},"4":{"start":{"line":47,"column":4},"end":{"line":47,"column":48}},"5":{"start":{"line":54,"column":4},"end":{"line":54,"column":48}},"6":{"start":{"line":62,"column":4},"end":{"line":62,"column":46}}},"branchMap":{}},
"contracts/service/storage/ServiceDefSetUtils.sol":{"l":{"26":2,"33":0,"34":0,"41":0,"48":2,"49":2,"50":2,"51":2,"53":0,"61":0,"63":0,"64":0,"65":0,"69":0,"70":0,"74":0,"75":0,"77":0,"79":0,"88":2},"path":"/Users/cyotee/Development/github-mimir-solutions/daosys/contracts/service/storage/ServiceDefSetUtils.sol","s":{"1":2,"2":0,"3":0,"4":2,"5":2,"6":2,"7":2,"8":0,"9":0,"10":0,"11":0,"12":0,"13":0,"14":0,"15":0,"16":0,"17":0,"18":2},"b":{"1":[2,0],"2":[0,0]},"f":{"1":2,"2":0,"3":0,"4":2,"5":0,"6":2},"fnMap":{"1":{"name":"_contains","line":20,"loc":{"start":{"line":20,"column":2},"end":{"line":27,"column":2}}},"2":{"name":"_indexOf","line":29,"loc":{"start":{"line":29,"column":2},"end":{"line":36,"column":2}}},"3":{"name":"_length","line":38,"loc":{"start":{"line":38,"column":2},"end":{"line":42,"column":2}}},"4":{"name":"_add","line":44,"loc":{"start":{"line":44,"column":2},"end":{"line":55,"column":2}}},"5":{"name":"_remove","line":57,"loc":{"start":{"line":57,"column":2},"end":{"line":81,"column":2}}},"6":{"name":"_setAsArray","line":83,"loc":{"start":{"line":83,"column":2},"end":{"line":89,"column":2}}}},"statementMap":{"1":{"start":{"line":26,"column":4},"end":{"line":26,"column":45}},"2":{"start":{"line":34,"column":6},"end":{"line":34,"column":42}},"3":{"start":{"line":41,"column":4},"end":{"line":41,"column":29}},"4":{"start":{"line":48,"column":4},"end":{"line":48,"column":1468}},"5":{"start":{"line":49,"column":6},"end":{"line":49,"column":28}},"6":{"start":{"line":50,"column":6},"end":{"line":50,"column":57}},"7":{"start":{"line":51,"column":6},"end":{"line":51,"column":17}},"8":{"start":{"line":53,"column":6},"end":{"line":53,"column":18}},"9":{"start":{"line":61,"column":4},"end":{"line":61,"column":41}},"10":{"start":{"line":63,"column":4},"end":{"line":63,"column":1821}},"11":{"start":{"line":64,"column":6},"end":{"line":64,"column":33}},"12":{"start":{"line":65,"column":6},"end":{"line":65,"column":76}},"13":{"start":{"line":69,"column":6},"end":{"line":69,"column":30}},"14":{"start":{"line":70,"column":6},"end":{"line":70,"column":47}},"15":{"start":{"line":74,"column":6},"end":{"line":74,"column":22}},"16":{"start":{"line":77,"column":6},"end":{"line":77,"column":17}},"17":{"start":{"line":79,"column":6},"end":{"line":79,"column":18}},"18":{"start":{"line":88,"column":4},"end":{"line":88,"column":23}}},"branchMap":{"1":{"line":48,"type":"if","locations":[{"start":{"line":48,"column":4},"end":{"line":48,"column":4}},{"start":{"line":48,"column":4},"end":{"line":48,"column":4}}]},"2":{"line":63,"type":"if","locations":[{"start":{"line":63,"column":4},"end":{"line":63,"column":4}},{"start":{"line":63,"column":4},"end":{"line":63,"column":4}}]}}},
"contracts/service/storage/ServiceStorage.sol":{"l":{},"path":"/Users/cyotee/Development/github-mimir-solutions/daosys/contracts/service/storage/ServiceStorage.sol","s":{},"b":{},"f":{},"fnMap":{},"statementMap":{},"branchMap":{}},
"contracts/service/storage/ServiceStorageBinder.sol":{"l":{"22":254,"23":254},"path":"/Users/cyotee/Development/github-mimir-solutions/daosys/contracts/service/storage/ServiceStorageBinder.sol","s":{"1":254},"b":{},"f":{"1":254},"fnMap":{"1":{"name":"_bindLayout","line":21,"loc":{"start":{"line":21,"column":2},"end":{"line":24,"column":2}}}},"statementMap":{"1":{"start":{"line":22,"column":4},"end":{"line":22,"column":62}}},"branchMap":{}},
"contracts/service/storage/ServiceStorageRepository.sol":{"l":{"26":238,"37":4,"45":4,"56":4,"64":2,"73":2,"80":0,"89":0},"path":"/Users/cyotee/Development/github-mimir-solutions/daosys/contracts/service/storage/ServiceStorageRepository.sol","s":{"1":238,"2":4,"3":4,"4":4,"5":2,"6":2,"7":0,"8":0},"b":{},"f":{"1":238,"2":4,"3":4,"4":4,"5":2,"6":2,"7":0,"8":0},"fnMap":{"1":{"name":"_setFactory","line":22,"loc":{"start":{"line":22,"column":2},"end":{"line":30,"column":2}}},"2":{"name":"_getFactory","line":32,"loc":{"start":{"line":32,"column":2},"end":{"line":39,"column":2}}},"3":{"name":"_setDeploymentSalt","line":41,"loc":{"start":{"line":41,"column":2},"end":{"line":49,"column":2}}},"4":{"name":"_getDeploymentSalt","line":51,"loc":{"start":{"line":51,"column":2},"end":{"line":58,"column":2}}},"5":{"name":"_addServiceDef","line":60,"loc":{"start":{"line":60,"column":2},"end":{"line":68,"column":2}}},"6":{"name":"_getServiceDefs","line":70,"loc":{"start":{"line":70,"column":2},"end":{"line":75,"column":2}}},"7":{"name":"_getServiceInterfaceIds","line":77,"loc":{"start":{"line":77,"column":2},"end":{"line":82,"column":2}}},"8":{"name":"_getServiceFunctionSelectors","line":84,"loc":{"start":{"line":84,"column":2},"end":{"line":91,"column":2}}}},"statementMap":{"1":{"start":{"line":26,"column":4},"end":{"line":26,"column":854}},"2":{"start":{"line":37,"column":4},"end":{"line":37,"column":1077}},"3":{"start":{"line":45,"column":4},"end":{"line":45,"column":1257}},"4":{"start":{"line":56,"column":4},"end":{"line":56,"column":1515}},"5":{"start":{"line":64,"column":4},"end":{"line":64,"column":1716}},"6":{"start":{"line":73,"column":4},"end":{"line":73,"column":1973}},"7":{"start":{"line":80,"column":4},"end":{"line":80,"column":2212}},"8":{"start":{"line":89,"column":4},"end":{"line":89,"column":2473}}},"branchMap":{}},
"contracts/service/storage/ServiceStorageUtils.sol":{"l":{"40":238,"48":4,"55":4,"63":4,"70":2,"74":2,"78":2,"79":5,"89":2,"97":0,"105":0},"path":"/Users/cyotee/Development/github-mimir-solutions/daosys/contracts/service/storage/ServiceStorageUtils.sol","s":{"1":238,"2":4,"3":4,"4":4,"5":2,"6":2,"7":2,"8":5,"9":2,"10":0,"11":0},"b":{"1":[2,0],"2":[2,0],"3":[5,0]},"f":{"1":238,"2":4,"3":4,"4":4,"5":2,"6":2,"7":0,"8":0},"fnMap":{"1":{"name":"_setFactory","line":36,"loc":{"start":{"line":36,"column":2},"end":{"line":41,"column":2}}},"2":{"name":"_getFactory","line":43,"loc":{"start":{"line":43,"column":2},"end":{"line":49,"column":2}}},"3":{"name":"_setDeploymentSalt","line":51,"loc":{"start":{"line":51,"column":2},"end":{"line":56,"column":2}}},"4":{"name":"_getDeploymentSalt","line":58,"loc":{"start":{"line":58,"column":2},"end":{"line":64,"column":2}}},"5":{"name":"_addServiceDef","line":66,"loc":{"start":{"line":66,"column":2},"end":{"line":84,"column":2}}},"6":{"name":"_getServiceDefs","line":86,"loc":{"start":{"line":86,"column":2},"end":{"line":90,"column":2}}},"7":{"name":"_getServiceInterfaceIds","line":92,"loc":{"start":{"line":92,"column":2},"end":{"line":98,"column":2}}},"8":{"name":"_getServiceFunctionSelectors","line":100,"loc":{"start":{"line":100,"column":2},"end":{"line":106,"column":2}}}},"statementMap":{"1":{"start":{"line":40,"column":4},"end":{"line":40,"column":36}},"2":{"start":{"line":48,"column":4},"end":{"line":48,"column":39}},"3":{"start":{"line":55,"column":4},"end":{"line":55,"column":50}},"4":{"start":{"line":63,"column":4},"end":{"line":63,"column":53}},"5":{"start":{"line":70,"column":4},"end":{"line":70,"column":1998}},"6":{"start":{"line":74,"column":4},"end":{"line":74,"column":2137}},"7":{"start":{"line":78,"column":4},"end":{"line":78,"column":2253}},"8":{"start":{"line":79,"column":6},"end":{"line":79,"column":2354}},"9":{"start":{"line":89,"column":4},"end":{"line":89,"column":63}},"10":{"start":{"line":97,"column":4},"end":{"line":97,"column":69}},"11":{"start":{"line":105,"column":4},"end":{"line":105,"column":87}}},"branchMap":{"1":{"line":70,"type":"if","locations":[{"start":{"line":70,"column":4},"end":{"line":70,"column":4}},{"start":{"line":70,"column":4},"end":{"line":70,"column":4}}]},"2":{"line":74,"type":"if","locations":[{"start":{"line":74,"column":4},"end":{"line":74,"column":4}},{"start":{"line":74,"column":4},"end":{"line":74,"column":4}}]},"3":{"line":79,"type":"if","locations":[{"start":{"line":79,"column":6},"end":{"line":79,"column":6}},{"start":{"line":79,"column":6},"end":{"line":79,"column":6}}]}}},
"contracts/storage/collections/sets/bytes/bytes4/Bytes4SetStorage.sol":{"l":{},"path":"/Users/cyotee/Development/github-mimir-solutions/daosys/contracts/storage/collections/sets/bytes/bytes4/Bytes4SetStorage.sol","s":{},"b":{},"f":{},"fnMap":{},"statementMap":{},"branchMap":{}},
"contracts/storage/collections/sets/bytes/bytes4/Bytes4SetStorageUtils.sol":{"l":{"30":0,"37":0,"38":0,"45":0,"52":0,"59":0,"67":0},"path":"/Users/cyotee/Development/github-mimir-solutions/daosys/contracts/storage/collections/sets/bytes/bytes4/Bytes4SetStorageUtils.sol","s":{"1":0,"2":0,"3":0,"4":0,"5":0,"6":0},"b":{},"f":{"1":0,"2":0,"3":0,"4":0,"5":0,"6":0},"fnMap":{"1":{"name":"_contains","line":22,"loc":{"start":{"line":22,"column":2},"end":{"line":31,"column":2}}},"2":{"name":"_indexOf","line":33,"loc":{"start":{"line":33,"column":2},"end":{"line":40,"column":2}}},"3":{"name":"_length","line":42,"loc":{"start":{"line":42,"column":2},"end":{"line":46,"column":2}}},"4":{"name":"_add","line":48,"loc":{"start":{"line":48,"column":2},"end":{"line":53,"column":2}}},"5":{"name":"_remove","line":55,"loc":{"start":{"line":55,"column":2},"end":{"line":60,"column":2}}},"6":{"name":"_setAsArray","line":62,"loc":{"start":{"line":62,"column":2},"end":{"line":68,"column":2}}}},"statementMap":{"1":{"start":{"line":30,"column":4},"end":{"line":30,"column":42}},"2":{"start":{"line":38,"column":6},"end":{"line":38,"column":39}},"3":{"start":{"line":45,"column":4},"end":{"line":45,"column":31}},"4":{"start":{"line":52,"column":4},"end":{"line":52,"column":33}},"5":{"start":{"line":59,"column":4},"end":{"line":59,"column":38}},"6":{"start":{"line":67,"column":4},"end":{"line":67,"column":36}}},"branchMap":{}},
"contracts/storage/primitives/address/AddressStorage.sol":{"l":{},"path":"/Users/cyotee/Development/github-mimir-solutions/daosys/contracts/storage/primitives/address/AddressStorage.sol","s":{},"b":{},"f":{},"fnMap":{},"statementMap":{},"branchMap":{}},
"contracts/storage/primitives/address/AddressStorageBinder.sol":{"l":{"29":21,"30":21},"path":"/Users/cyotee/Development/github-mimir-solutions/daosys/contracts/storage/primitives/address/AddressStorageBinder.sol","s":{"1":21},"b":{},"f":{"1":21},"fnMap":{"1":{"name":"_layout","line":24,"loc":{"start":{"line":24,"column":2},"end":{"line":31,"column":2}}}},"statementMap":{"1":{"start":{"line":29,"column":4},"end":{"line":29,"column":62}}},"branchMap":{}},
"contracts/storage/primitives/address/AddressStorageUtils.sol":{"l":{"26":377,"32":8,"38":12},"path":"/Users/cyotee/Development/github-mimir-solutions/daosys/contracts/storage/primitives/address/AddressStorageUtils.sol","s":{"1":377,"2":8},"b":{},"f":{"1":377,"2":8,"3":12},"fnMap":{"1":{"name":"_setValue","line":22,"loc":{"start":{"line":22,"column":2},"end":{"line":27,"column":2}}},"2":{"name":"_getValue","line":29,"loc":{"start":{"line":29,"column":2},"end":{"line":33,"column":2}}},"3":{"name":"_wipeValue","line":35,"loc":{"start":{"line":35,"column":2},"end":{"line":39,"column":2}}}},"statementMap":{"1":{"start":{"line":26,"column":4},"end":{"line":26,"column":26}},"2":{"start":{"line":32,"column":4},"end":{"line":32,"column":23}}},"branchMap":{}},
"contracts/storage/primitives/address/mocks/AddressStorageUtilsMock.sol":{"l":{"22":6,"25":6,"29":3,"35":12,"38":9},"path":"/Users/cyotee/Development/github-mimir-solutions/daosys/contracts/storage/primitives/address/mocks/AddressStorageUtilsMock.sol","s":{"1":6,"2":6,"3":3,"4":12,"5":9},"b":{},"f":{"1":6,"2":3,"3":12},"fnMap":{"1":{"name":"setValue","line":21,"loc":{"start":{"line":21,"column":2},"end":{"line":26,"column":2}}},"2":{"name":"getValue","line":28,"loc":{"start":{"line":28,"column":2},"end":{"line":32,"column":2}}},"3":{"name":"wipeValue","line":34,"loc":{"start":{"line":34,"column":2},"end":{"line":39,"column":2}}}},"statementMap":{"1":{"start":{"line":22,"column":4},"end":{"line":22,"column":849}},"2":{"start":{"line":25,"column":4},"end":{"line":25,"column":16}},"3":{"start":{"line":29,"column":4},"end":{"line":29,"column":1035}},"4":{"start":{"line":35,"column":4},"end":{"line":35,"column":1205}},"5":{"start":{"line":38,"column":4},"end":{"line":38,"column":16}}},"branchMap":{}},
"contracts/storage/primitives/bool/BoolStorage.sol":{"l":{},"path":"/Users/cyotee/Development/github-mimir-solutions/daosys/contracts/storage/primitives/bool/BoolStorage.sol","s":{},"b":{},"f":{},"fnMap":{},"statementMap":{},"branchMap":{}},
"contracts/storage/primitives/bool/BoolStorageBinder.sol":{"l":{"25":21,"26":21},"path":"/Users/cyotee/Development/github-mimir-solutions/daosys/contracts/storage/primitives/bool/BoolStorageBinder.sol","s":{"1":21},"b":{},"f":{"1":21},"fnMap":{"1":{"name":"_bindLayout","line":20,"loc":{"start":{"line":20,"column":2},"end":{"line":27,"column":2}}}},"statementMap":{"1":{"start":{"line":25,"column":4},"end":{"line":25,"column":62}}},"branchMap":{}},
"contracts/storage/primitives/bool/BoolStorageRepository.sol":{"l":{"23":6,"31":3,"37":12},"path":"/Users/cyotee/Development/github-mimir-solutions/daosys/contracts/storage/primitives/bool/BoolStorageRepository.sol","s":{"1":6,"2":3,"3":12},"b":{},"f":{"1":6,"2":3,"3":12},"fnMap":{"1":{"name":"_setValue","line":19,"loc":{"start":{"line":19,"column":2},"end":{"line":24,"column":2}}},"2":{"name":"_getValue","line":26,"loc":{"start":{"line":26,"column":2},"end":{"line":32,"column":2}}},"3":{"name":"_wipeValue","line":34,"loc":{"start":{"line":34,"column":2},"end":{"line":38,"column":2}}}},"statementMap":{"1":{"start":{"line":23,"column":4},"end":{"line":23,"column":69}},"2":{"start":{"line":31,"column":4},"end":{"line":31,"column":69}},"3":{"start":{"line":37,"column":4},"end":{"line":37,"column":62}}},"branchMap":{}},
"contracts/storage/primitives/bool/BoolStorageUtils.sol":{"l":{"21":661,"29":29,"35":12},"path":"/Users/cyotee/Development/github-mimir-solutions/daosys/contracts/storage/primitives/bool/BoolStorageUtils.sol","s":{"1":661,"2":29},"b":{},"f":{"1":661,"2":29,"3":12},"fnMap":{"1":{"name":"_setValue","line":17,"loc":{"start":{"line":17,"column":2},"end":{"line":22,"column":2}}},"2":{"name":"_getValue","line":24,"loc":{"start":{"line":24,"column":2},"end":{"line":30,"column":2}}},"3":{"name":"_wipeValue","line":32,"loc":{"start":{"line":32,"column":2},"end":{"line":36,"column":2}}}},"statementMap":{"1":{"start":{"line":21,"column":4},"end":{"line":21,"column":26}},"2":{"start":{"line":29,"column":4},"end":{"line":29,"column":23}}},"branchMap":{}},
"contracts/storage/primitives/bool/mocks/BoolStorageUtilsMock.sol":{"l":{"21":6,"25":6,"29":3,"33":12,"34":9},"path":"/Users/cyotee/Development/github-mimir-solutions/daosys/contracts/storage/primitives/bool/mocks/BoolStorageUtilsMock.sol","s":{"1":6,"2":6,"3":3,"4":12,"5":9},"b":{},"f":{"1":6,"2":3,"3":12},"fnMap":{"1":{"name":"setValue","line":20,"loc":{"start":{"line":20,"column":2},"end":{"line":26,"column":2}}},"2":{"name":"getValue","line":28,"loc":{"start":{"line":28,"column":2},"end":{"line":30,"column":2}}},"3":{"name":"wipeValue","line":32,"loc":{"start":{"line":32,"column":2},"end":{"line":35,"column":2}}}},"statementMap":{"1":{"start":{"line":21,"column":4},"end":{"line":21,"column":736}},"2":{"start":{"line":25,"column":4},"end":{"line":25,"column":17}},"3":{"start":{"line":29,"column":4},"end":{"line":29,"column":81}},"4":{"start":{"line":33,"column":4},"end":{"line":33,"column":74}},"5":{"start":{"line":34,"column":4},"end":{"line":34,"column":16}}},"branchMap":{}},
"contracts/storage/primitives/bytes/bytes32/Bytes32Storage.sol":{"l":{},"path":"/Users/cyotee/Development/github-mimir-solutions/daosys/contracts/storage/primitives/bytes/bytes32/Bytes32Storage.sol","s":{},"b":{},"f":{},"fnMap":{},"statementMap":{},"branchMap":{}},
"contracts/storage/primitives/bytes/bytes32/Bytes32StorageBinder.sol":{"l":{"22":21,"23":21},"path":"/Users/cyotee/Development/github-mimir-solutions/daosys/contracts/storage/primitives/bytes/bytes32/Bytes32StorageBinder.sol","s":{"1":21},"b":{},"f":{"1":21},"fnMap":{"1":{"name":"_bindLayout","line":21,"loc":{"start":{"line":21,"column":2},"end":{"line":24,"column":2}}}},"statementMap":{"1":{"start":{"line":22,"column":4},"end":{"line":22,"column":62}}},"branchMap":{}},
"contracts/storage/primitives/bytes/bytes32/Bytes32StorageRepository.sol":{"l":{"23":6,"29":3,"35":12},"path":"/Users/cyotee/Development/github-mimir-solutions/daosys/contracts/storage/primitives/bytes/bytes32/Bytes32StorageRepository.sol","s":{"1":6,"2":3,"3":12},"b":{},"f":{"1":6,"2":3,"3":12},"fnMap":{"1":{"name":"_setValue","line":19,"loc":{"start":{"line":19,"column":2},"end":{"line":24,"column":2}}},"2":{"name":"_getValue","line":26,"loc":{"start":{"line":26,"column":2},"end":{"line":30,"column":2}}},"3":{"name":"_wipeValue","line":32,"loc":{"start":{"line":32,"column":2},"end":{"line":36,"column":2}}}},"statementMap":{"1":{"start":{"line":23,"column":4},"end":{"line":23,"column":72}},"2":{"start":{"line":29,"column":4},"end":{"line":29,"column":72}},"3":{"start":{"line":35,"column":4},"end":{"line":35,"column":65}}},"branchMap":{}},
"contracts/storage/primitives/bytes/bytes32/Bytes32StorageUtils.sol":{"l":{"22":10,"28":7,"34":12},"path":"/Users/cyotee/Development/github-mimir-solutions/daosys/contracts/storage/primitives/bytes/bytes32/Bytes32StorageUtils.sol","s":{"1":10,"2":7},"b":{},"f":{"1":10,"2":7,"3":12},"fnMap":{"1":{"name":"_setValue","line":18,"loc":{"start":{"line":18,"column":2},"end":{"line":23,"column":2}}},"2":{"name":"_getValue","line":25,"loc":{"start":{"line":25,"column":2},"end":{"line":29,"column":2}}},"3":{"name":"_wipeValue","line":31,"loc":{"start":{"line":31,"column":2},"end":{"line":35,"column":2}}}},"statementMap":{"1":{"start":{"line":22,"column":4},"end":{"line":22,"column":26}},"2":{"start":{"line":28,"column":4},"end":{"line":28,"column":23}}},"branchMap":{}},
"contracts/storage/primitives/bytes/bytes32/mocks/Bytes32UtilsMock.sol":{"l":{"20":6,"24":6,"28":3,"34":12,"37":9},"path":"/Users/cyotee/Development/github-mimir-solutions/daosys/contracts/storage/primitives/bytes/bytes32/mocks/Bytes32UtilsMock.sol","s":{"1":6,"2":6,"3":3,"4":12,"5":9},"b":{},"f":{"1":6,"2":3,"3":12},"fnMap":{"1":{"name":"setValue","line":19,"loc":{"start":{"line":19,"column":2},"end":{"line":25,"column":2}}},"2":{"name":"getValue","line":27,"loc":{"start":{"line":27,"column":2},"end":{"line":31,"column":2}}},"3":{"name":"wipeValue","line":33,"loc":{"start":{"line":33,"column":2},"end":{"line":38,"column":2}}}},"statementMap":{"1":{"start":{"line":20,"column":4},"end":{"line":20,"column":701}},"2":{"start":{"line":24,"column":4},"end":{"line":24,"column":16}},"3":{"start":{"line":28,"column":4},"end":{"line":28,"column":897}},"4":{"start":{"line":34,"column":4},"end":{"line":34,"column":1060}},"5":{"start":{"line":37,"column":4},"end":{"line":37,"column":16}}},"branchMap":{}},
"contracts/storage/primitives/bytes/bytes4/Bytes4Storage.sol":{"l":{},"path":"/Users/cyotee/Development/github-mimir-solutions/daosys/contracts/storage/primitives/bytes/bytes4/Bytes4Storage.sol","s":{},"b":{},"f":{},"fnMap":{},"statementMap":{},"branchMap":{}},
"contracts/storage/primitives/bytes/bytes4/Bytes4StorageBinder.sol":{"l":{"19":21,"20":21},"path":"/Users/cyotee/Development/github-mimir-solutions/daosys/contracts/storage/primitives/bytes/bytes4/Bytes4StorageBinder.sol","s":{"1":21},"b":{},"f":{"1":21},"fnMap":{"1":{"name":"_bindLayout","line":18,"loc":{"start":{"line":18,"column":2},"end":{"line":21,"column":2}}}},"statementMap":{"1":{"start":{"line":19,"column":4},"end":{"line":19,"column":62}}},"branchMap":{}},
"contracts/storage/primitives/bytes/bytes4/Bytes4StorageRepository.sol":{"l":{"23":6,"29":3,"35":12},"path":"/Users/cyotee/Development/github-mimir-solutions/daosys/contracts/storage/primitives/bytes/bytes4/Bytes4StorageRepository.sol","s":{"1":6,"2":3,"3":12},"b":{},"f":{"1":6,"2":3,"3":12},"fnMap":{"1":{"name":"_setValue","line":19,"loc":{"start":{"line":19,"column":2},"end":{"line":24,"column":2}}},"2":{"name":"_getValue","line":26,"loc":{"start":{"line":26,"column":2},"end":{"line":30,"column":2}}},"3":{"name":"_wipeValue","line":32,"loc":{"start":{"line":32,"column":2},"end":{"line":36,"column":2}}}},"statementMap":{"1":{"start":{"line":23,"column":4},"end":{"line":23,"column":71}},"2":{"start":{"line":29,"column":4},"end":{"line":29,"column":71}},"3":{"start":{"line":35,"column":4},"end":{"line":35,"column":64}}},"branchMap":{}},
"contracts/storage/primitives/bytes/bytes4/Bytes4StorageUtils.sol":{"l":{"21":6,"27":3,"33":12},"path":"/Users/cyotee/Development/github-mimir-solutions/daosys/contracts/storage/primitives/bytes/bytes4/Bytes4StorageUtils.sol","s":{"1":6,"2":3},"b":{},"f":{"1":6,"2":3,"3":12},"fnMap":{"1":{"name":"_setValue","line":17,"loc":{"start":{"line":17,"column":2},"end":{"line":22,"column":2}}},"2":{"name":"_getValue","line":24,"loc":{"start":{"line":24,"column":2},"end":{"line":28,"column":2}}},"3":{"name":"_wipeValue","line":30,"loc":{"start":{"line":30,"column":2},"end":{"line":34,"column":2}}}},"statementMap":{"1":{"start":{"line":21,"column":4},"end":{"line":21,"column":26}},"2":{"start":{"line":27,"column":4},"end":{"line":27,"column":23}}},"branchMap":{}},
"contracts/storage/primitives/bytes/bytes4/mocks/Bytes4StorageUtilsMock.sol":{"l":{"21":6,"25":6,"29":3,"35":12,"37":9},"path":"/Users/cyotee/Development/github-mimir-solutions/daosys/contracts/storage/primitives/bytes/bytes4/mocks/Bytes4StorageUtilsMock.sol","s":{"1":6,"2":6,"3":3,"4":12,"5":9},"b":{},"f":{"1":6,"2":3,"3":12},"fnMap":{"1":{"name":"setValue","line":20,"loc":{"start":{"line":20,"column":2},"end":{"line":26,"column":2}}},"2":{"name":"getValue","line":28,"loc":{"start":{"line":28,"column":2},"end":{"line":31,"column":2}}},"3":{"name":"wipeValue","line":34,"loc":{"start":{"line":34,"column":2},"end":{"line":38,"column":2}}}},"statementMap":{"1":{"start":{"line":21,"column":4},"end":{"line":21,"column":786}},"2":{"start":{"line":25,"column":4},"end":{"line":25,"column":17}},"3":{"start":{"line":29,"column":4},"end":{"line":29,"column":1032}},"4":{"start":{"line":35,"column":4},"end":{"line":35,"column":1191}},"5":{"start":{"line":37,"column":4},"end":{"line":37,"column":17}}},"branchMap":{}},
"contracts/types/collections/sets/bytes/bytes4/Bytes4Set.sol":{"l":{},"path":"/Users/cyotee/Development/github-mimir-solutions/daosys/contracts/types/collections/sets/bytes/bytes4/Bytes4Set.sol","s":{},"b":{},"f":{},"fnMap":{},"statementMap":{},"branchMap":{}},
"contracts/types/collections/sets/bytes/bytes4/Bytes4SetUtils.sol":{"l":{"25":7,"32":0,"33":0,"40":0,"47":7,"48":7,"49":7,"50":7,"52":0,"60":0,"62":0,"63":0,"64":0,"68":0,"69":0,"73":0,"74":0,"76":0,"78":0,"83":0},"path":"/Users/cyotee/Development/github-mimir-solutions/daosys/contracts/types/collections/sets/bytes/bytes4/Bytes4SetUtils.sol","s":{"1":7,"2":0,"3":0,"4":7,"5":7,"6":7,"7":7,"8":0,"9":0,"10":0,"11":0,"12":0,"13":0,"14":0,"15":0,"16":0,"17":0,"18":0},"b":{"1":[7,0],"2":[0,0]},"f":{"1":7,"2":0,"3":0,"4":7,"5":0,"6":0},"fnMap":{"1":{"name":"_contains","line":17,"loc":{"start":{"line":17,"column":2},"end":{"line":26,"column":2}}},"2":{"name":"_indexOf","line":28,"loc":{"start":{"line":28,"column":2},"end":{"line":35,"column":2}}},"3":{"name":"_length","line":37,"loc":{"start":{"line":37,"column":2},"end":{"line":41,"column":2}}},"4":{"name":"_add","line":43,"loc":{"start":{"line":43,"column":2},"end":{"line":54,"column":2}}},"5":{"name":"_remove","line":56,"loc":{"start":{"line":56,"column":2},"end":{"line":80,"column":2}}},"6":{"name":"_setAsArray","line":82,"loc":{"start":{"line":82,"column":2},"end":{"line":84,"column":2}}}},"statementMap":{"1":{"start":{"line":25,"column":4},"end":{"line":25,"column":35}},"2":{"start":{"line":33,"column":6},"end":{"line":33,"column":36}},"3":{"start":{"line":40,"column":4},"end":{"line":40,"column":29}},"4":{"start":{"line":47,"column":4},"end":{"line":47,"column":1187}},"5":{"start":{"line":48,"column":6},"end":{"line":48,"column":28}},"6":{"start":{"line":49,"column":6},"end":{"line":49,"column":45}},"7":{"start":{"line":50,"column":6},"end":{"line":50,"column":17}},"8":{"start":{"line":52,"column":6},"end":{"line":52,"column":18}},"9":{"start":{"line":60,"column":4},"end":{"line":60,"column":41}},"10":{"start":{"line":62,"column":4},"end":{"line":62,"column":1512}},"11":{"start":{"line":63,"column":6},"end":{"line":63,"column":33}},"12":{"start":{"line":64,"column":6},"end":{"line":64,"column":55}},"13":{"start":{"line":68,"column":6},"end":{"line":68,"column":30}},"14":{"start":{"line":69,"column":6},"end":{"line":69,"column":35}},"15":{"start":{"line":73,"column":6},"end":{"line":73,"column":22}},"16":{"start":{"line":76,"column":6},"end":{"line":76,"column":17}},"17":{"start":{"line":78,"column":6},"end":{"line":78,"column":18}},"18":{"start":{"line":83,"column":4},"end":{"line":83,"column":23}}},"branchMap":{"1":{"line":47,"type":"if","locations":[{"start":{"line":47,"column":4},"end":{"line":47,"column":4}},{"start":{"line":47,"column":4},"end":{"line":47,"column":4}}]},"2":{"line":62,"type":"if","locations":[{"start":{"line":62,"column":4},"end":{"line":62,"column":4}},{"start":{"line":62,"column":4},"end":{"line":62,"column":4}}]}}},
"contracts/types/collections/sets/bytes/bytes4/Bytes4SetUtilsLink.sol":{"l":{},"path":"/Users/cyotee/Development/github-mimir-solutions/daosys/contracts/types/collections/sets/bytes/bytes4/Bytes4SetUtilsLink.sol","s":{},"b":{},"f":{},"fnMap":{},"statementMap":{},"branchMap":{}}}
