TN:
SF:/Users/cyotee/Development/github-mimir-solutions/daosys/contracts/introspection/erc165/ERC165.sol
FN:23,constructor
FN:30,_initERC165
FN:34,_addSupportedInterface
FN:40,supportsInterface
FNF:4
FNH:4
FNDA:30,constructor
FNDA:30,_initERC165
FNDA:34,_addSupportedInterface
FNDA:3,supportsInterface
DA:24,30
DA:31,30
DA:37,34
DA:41,3
LF:4
LH:4
BRF:0
BRH:0
end_of_record
TN:
SF:/Users/cyotee/Development/github-mimir-solutions/daosys/contracts/introspection/erc165/ERC165Logic.sol
FN:27,_isSupportedInterface
FN:36,_addSupportedInterface
FNF:2
FNH:2
FNDA:3,_isSupportedInterface
FNDA:34,_addSupportedInterface
DA:30,3
DA:39,34
LF:2
LH:2
BRF:0
BRH:0
end_of_record
TN:
SF:/Users/cyotee/Development/github-mimir-solutions/daosys/contracts/introspection/erc165/IERC165.sol
FNF:0
FNH:0
LF:0
LH:0
BRF:0
BRH:0
end_of_record
TN:
SF:/Users/cyotee/Development/github-mimir-solutions/daosys/contracts/introspection/erc165/mocks/ERC165Context.sol
FN:12,interfaceId
FN:16,_functionSelectors
FN:21,calcInterfaceId
FN:28,functionSelectors
FN:32,creationCode
FN:36,codehash
FN:40,name
FN:44,instance
FN:48,mock
FNF:9
FNH:9
FNDA:3,interfaceId
FNDA:2,_functionSelectors
FNDA:1,calcInterfaceId
FNDA:1,functionSelectors
FNDA:1,creationCode
FNDA:1,codehash
FNDA:1,name
FNDA:1,instance
FNDA:1,mock
DA:13,3
DA:17,2
DA:18,2
DA:22,1
DA:23,1
DA:24,1
DA:29,1
DA:33,1
DA:37,1
DA:41,1
DA:45,1
DA:49,1
LF:12
LH:12
BRF:0
BRH:0
end_of_record
TN:
SF:/Users/cyotee/Development/github-mimir-solutions/daosys/contracts/introspection/erc165/mocks/ERC165Mock.sol
FN:20,addSupportedInterface
FN:27,supportsInterface
FNF:2
FNH:2
FNDA:4,addSupportedInterface
FNDA:3,supportsInterface
DA:23,4
DA:24,3
DA:28,3
LF:3
LH:3
BRF:0
BRH:0
end_of_record
TN:
SF:/Users/cyotee/Development/github-mimir-solutions/daosys/contracts/introspection/erc165/storage/ERC165Storage.sol
FNF:0
FNH:0
LF:0
LH:0
BRF:0
BRH:0
end_of_record
TN:
SF:/Users/cyotee/Development/github-mimir-solutions/daosys/contracts/introspection/erc165/storage/ERC165StorageBinder.sol
FN:29,_layout
FNF:1
FNH:1
FNDA:36,_layout
DA:30,36
DA:31,36
LF:2
LH:2
BRF:0
BRH:0
end_of_record
TN:
SF:/Users/cyotee/Development/github-mimir-solutions/daosys/contracts/introspection/erc165/storage/ERC165StorageUtils.sol
FN:30,_isSupportedInterface
FN:37,_addSupportedInterface
FNF:2
FNH:2
FNDA:3,_isSupportedInterface
FNDA:33,_addSupportedInterface
DA:34,3
DA:41,33
LF:2
LH:2
BRF:0
BRH:0
end_of_record
TN:
SF:/Users/cyotee/Development/github-mimir-solutions/daosys/contracts/introspection/erc165/storage/ERC16StorageRepository.sol
FN:29,_isSupportedInterface
FN:38,_addSupportedInterface
FNF:2
FNH:2
FNDA:3,_isSupportedInterface
FNDA:34,_addSupportedInterface
DA:33,3
DA:42,34
DA:43,33
LF:3
LH:3
BRDA:42,1,0,33
BRDA:42,1,1,1
BRF:2
BRH:2
end_of_record
TN:
SF:/Users/cyotee/Development/github-mimir-solutions/daosys/contracts/service/IService.sol
FNF:0
FNH:0
LF:0
LH:0
BRF:0
BRH:0
end_of_record
TN:
SF:/Users/cyotee/Development/github-mimir-solutions/daosys/contracts/service/storage/ServiceDefSet.sol
FNF:0
FNH:0
LF:0
LH:0
BRF:0
BRH:0
end_of_record
TN:
SF:/Users/cyotee/Development/github-mimir-solutions/daosys/contracts/service/storage/ServiceDefSetStorage.sol
FNF:0
FNH:0
LF:0
LH:0
BRF:0
BRH:0
end_of_record
TN:
SF:/Users/cyotee/Development/github-mimir-solutions/daosys/contracts/service/storage/ServiceDefSetStorageUtils.sol
FN:21,_contains
FN:30,_indexOf
FN:37,_length
FN:43,_add
FN:50,_remove
FN:57,_setAsArray
FNF:6
FNH:0
FNDA:0,_contains
FNDA:0,_indexOf
FNDA:0,_length
FNDA:0,_add
FNDA:0,_remove
FNDA:0,_setAsArray
DA:27,0
DA:34,0
DA:40,0
DA:47,0
DA:54,0
DA:62,0
LF:6
LH:0
BRF:0
BRH:0
end_of_record
TN:
SF:/Users/cyotee/Development/github-mimir-solutions/daosys/contracts/service/storage/ServiceDefSetUtils.sol
FN:20,_contains
FN:29,_indexOf
FN:38,_length
FN:44,_add
FN:57,_remove
FN:83,_setAsArray
FNF:6
FNH:0
FNDA:0,_contains
FNDA:0,_indexOf
FNDA:0,_length
FNDA:0,_add
FNDA:0,_remove
FNDA:0,_setAsArray
DA:26,0
DA:33,0
DA:34,0
DA:41,0
DA:48,0
DA:49,0
DA:50,0
DA:51,0
DA:53,0
DA:61,0
DA:63,0
DA:64,0
DA:65,0
DA:69,0
DA:70,0
DA:74,0
DA:75,0
DA:77,0
DA:79,0
DA:88,0
LF:20
LH:0
BRDA:48,1,0,0
BRDA:48,1,1,0
BRDA:63,2,0,0
BRDA:63,2,1,0
BRF:4
BRH:0
end_of_record
TN:
SF:/Users/cyotee/Development/github-mimir-solutions/daosys/contracts/storage/primitives/address/AddressStorage.sol
FNF:0
FNH:0
LF:0
LH:0
BRF:0
BRH:0
end_of_record
TN:
SF:/Users/cyotee/Development/github-mimir-solutions/daosys/contracts/storage/primitives/address/AddressStorageBinder.sol
FN:24,_layout
FNF:1
FNH:1
FNDA:21,_layout
DA:29,21
DA:30,21
LF:2
LH:2
BRF:0
BRH:0
end_of_record
TN:
SF:/Users/cyotee/Development/github-mimir-solutions/daosys/contracts/storage/primitives/address/AddressStorageUtils.sol
FN:22,_setValue
FN:29,_getValue
FN:35,_wipeValue
FNF:3
FNH:3
FNDA:6,_setValue
FNDA:3,_getValue
FNDA:12,_wipeValue
DA:26,6
DA:32,3
DA:38,12
LF:3
LH:3
BRF:0
BRH:0
end_of_record
TN:
SF:/Users/cyotee/Development/github-mimir-solutions/daosys/contracts/storage/primitives/address/mocks/AddressStorageUtilsMock.sol
FN:21,setValue
FN:28,getValue
FN:34,wipeValue
FNF:3
FNH:3
FNDA:6,setValue
FNDA:3,getValue
FNDA:12,wipeValue
DA:22,6
DA:25,6
DA:29,3
DA:35,12
DA:38,9
LF:5
LH:5
BRF:0
BRH:0
end_of_record
TN:
SF:/Users/cyotee/Development/github-mimir-solutions/daosys/contracts/storage/primitives/bool/BoolStorage.sol
FNF:0
FNH:0
LF:0
LH:0
BRF:0
BRH:0
end_of_record
TN:
SF:/Users/cyotee/Development/github-mimir-solutions/daosys/contracts/storage/primitives/bool/BoolStorageBinder.sol
FN:20,_bindLayout
FNF:1
FNH:1
FNDA:21,_bindLayout
DA:25,21
DA:26,21
LF:2
LH:2
BRF:0
BRH:0
end_of_record
TN:
SF:/Users/cyotee/Development/github-mimir-solutions/daosys/contracts/storage/primitives/bool/BoolStorageRepository.sol
FN:19,_setValue
FN:26,_getValue
FN:34,_wipeValue
FNF:3
FNH:3
FNDA:6,_setValue
FNDA:3,_getValue
FNDA:12,_wipeValue
DA:23,6
DA:31,3
DA:37,12
LF:3
LH:3
BRF:0
BRH:0
end_of_record
TN:
SF:/Users/cyotee/Development/github-mimir-solutions/daosys/contracts/storage/primitives/bool/BoolStorageUtils.sol
FN:17,_setValue
FN:24,_getValue
FN:32,_wipeValue
FNF:3
FNH:3
FNDA:39,_setValue
FNDA:6,_getValue
FNDA:12,_wipeValue
DA:21,39
DA:29,6
DA:35,12
LF:3
LH:3
BRF:0
BRH:0
end_of_record
TN:
SF:/Users/cyotee/Development/github-mimir-solutions/daosys/contracts/storage/primitives/bool/mocks/BoolStorageUtilsMock.sol
FN:20,setValue
FN:28,getValue
FN:32,wipeValue
FNF:3
FNH:3
FNDA:6,setValue
FNDA:3,getValue
FNDA:12,wipeValue
DA:21,6
DA:25,6
DA:29,3
DA:33,12
DA:34,9
LF:5
LH:5
BRF:0
BRH:0
end_of_record
TN:
SF:/Users/cyotee/Development/github-mimir-solutions/daosys/contracts/storage/primitives/bytes/bytes32/Bytes32Storage.sol
FNF:0
FNH:0
LF:0
LH:0
BRF:0
BRH:0
end_of_record
TN:
SF:/Users/cyotee/Development/github-mimir-solutions/daosys/contracts/storage/primitives/bytes/bytes32/Bytes32StorageBinder.sol
FN:21,_bindLayout
FNF:1
FNH:1
FNDA:21,_bindLayout
DA:22,21
DA:23,21
LF:2
LH:2
BRF:0
BRH:0
end_of_record
TN:
SF:/Users/cyotee/Development/github-mimir-solutions/daosys/contracts/storage/primitives/bytes/bytes32/Bytes32StorageRepository.sol
FN:19,_setValue
FN:26,_getValue
FN:32,_wipeValue
FNF:3
FNH:3
FNDA:6,_setValue
FNDA:3,_getValue
FNDA:12,_wipeValue
DA:23,6
DA:29,3
DA:35,12
LF:3
LH:3
BRF:0
BRH:0
end_of_record
TN:
SF:/Users/cyotee/Development/github-mimir-solutions/daosys/contracts/storage/primitives/bytes/bytes32/Bytes32StorageUtils.sol
FN:18,_setValue
FN:25,_getValue
FN:31,_wipeValue
FNF:3
FNH:3
FNDA:6,_setValue
FNDA:3,_getValue
FNDA:12,_wipeValue
DA:22,6
DA:28,3
DA:34,12
LF:3
LH:3
BRF:0
BRH:0
end_of_record
TN:
SF:/Users/cyotee/Development/github-mimir-solutions/daosys/contracts/storage/primitives/bytes/bytes32/mocks/Bytes32UtilsMock.sol
FN:20,setValue
FN:28,getValue
FN:34,wipeValue
FNF:3
FNH:3
FNDA:6,setValue
FNDA:3,getValue
FNDA:12,wipeValue
DA:21,6
DA:25,6
DA:29,3
DA:35,12
DA:38,9
LF:5
LH:5
BRF:0
BRH:0
end_of_record
TN:
SF:/Users/cyotee/Development/github-mimir-solutions/daosys/contracts/storage/primitives/bytes/bytes4/Bytes4Storage.sol
FNF:0
FNH:0
LF:0
LH:0
BRF:0
BRH:0
end_of_record
TN:
SF:/Users/cyotee/Development/github-mimir-solutions/daosys/contracts/storage/primitives/bytes/bytes4/Bytes4StorageBinder.sol
FN:18,_bindLayout
FNF:1
FNH:1
FNDA:21,_bindLayout
DA:19,21
DA:20,21
LF:2
LH:2
BRF:0
BRH:0
end_of_record
TN:
SF:/Users/cyotee/Development/github-mimir-solutions/daosys/contracts/storage/primitives/bytes/bytes4/Bytes4StorageRepository.sol
FN:19,_setValue
FN:26,_getValue
FN:32,_wipeValue
FNF:3
FNH:3
FNDA:6,_setValue
FNDA:3,_getValue
FNDA:12,_wipeValue
DA:23,6
DA:29,3
DA:35,12
LF:3
LH:3
BRF:0
BRH:0
end_of_record
TN:
SF:/Users/cyotee/Development/github-mimir-solutions/daosys/contracts/storage/primitives/bytes/bytes4/Bytes4StorageUtils.sol
FN:17,_setValue
FN:24,_getValue
FN:30,_wipeValue
FNF:3
FNH:3
FNDA:6,_setValue
FNDA:3,_getValue
FNDA:12,_wipeValue
DA:21,6
DA:27,3
DA:33,12
LF:3
LH:3
BRF:0
BRH:0
end_of_record
TN:
SF:/Users/cyotee/Development/github-mimir-solutions/daosys/contracts/storage/primitives/bytes/bytes4/mocks/Bytes4StorageUtilsMock.sol
FN:20,setValue
FN:28,getValue
FN:34,wipeValue
FNF:3
FNH:3
FNDA:6,setValue
FNDA:3,getValue
FNDA:12,wipeValue
DA:21,6
DA:25,6
DA:29,3
DA:35,12
DA:37,9
LF:5
LH:5
BRF:0
BRH:0
end_of_record
