TN:
SF:/Users/cyotee/Development/github-mimir-solutions/daosys/contracts/ASE.sol
FN:26,constructor
FN:30,_deploy
FNF:2
FNH:2
FNDA:12,constructor
FNDA:12,_deploy
DA:27,12
DA:32,12
DA:37,12
DA:41,12
LF:4
LH:4
BRF:0
BRH:0
end_of_record
TN:
SF:/Users/cyotee/Development/github-mimir-solutions/daosys/contracts/ASEContext.sol
FNF:0
FNH:0
LF:0
LH:0
BRF:0
BRH:0
end_of_record
TN:
SF:/Users/cyotee/Development/github-mimir-solutions/daosys/contracts/Context.sol
FN:25,deployContext
FN:40,calculateContextAddress
FN:50,getInstance
FN:63,getMock
FNF:4
FNH:3
FNDA:286,deployContext
FNDA:0,calculateContextAddress
FNDA:187,getInstance
FNDA:135,getMock
DA:28,286
DA:34,260
DA:35,260
DA:36,260
DA:43,0
DA:53,187
DA:54,187
DA:55,187
DA:59,160
DA:66,135
DA:67,135
DA:68,135
DA:72,117
LF:13
LH:12
BRDA:54,1,0,187
BRDA:54,1,1,0
BRDA:67,2,0,135
BRDA:67,2,1,0
BRF:4
BRH:2
end_of_record
TN:
SF:/Users/cyotee/Development/github-mimir-solutions/daosys/contracts/evm/casting/type/interfaces/ITypeCasting.sol
FNF:0
FNH:0
LF:0
LH:0
BRF:0
BRH:0
end_of_record
TN:
SF:/Users/cyotee/Development/github-mimir-solutions/daosys/contracts/evm/casting/type/logic/TypeCastingLogic.sol
FN:10,_bytes4ToBytes32
FNF:1
FNH:1
FNDA:10,_bytes4ToBytes32
DA:13,10
LF:1
LH:1
BRF:0
BRH:0
end_of_record
TN:
SF:/Users/cyotee/Development/github-mimir-solutions/daosys/contracts/evm/casting/type/mocks/TypeCastingMock.sol
FN:17,bytes4ToBytes32
FNF:1
FNH:1
FNDA:10,bytes4ToBytes32
DA:20,10
LF:1
LH:1
BRF:0
BRH:0
end_of_record
TN:
SF:/Users/cyotee/Development/github-mimir-solutions/daosys/contracts/evm/casting/type/TypeCasting.sol
FNF:0
FNH:0
LF:0
LH:0
BRF:0
BRH:0
end_of_record
TN:
SF:/Users/cyotee/Development/github-mimir-solutions/daosys/contracts/evm/casting/type/utils/TypeCastingUtils.sol
FN:6,_bytes4ToBytes32
FNF:1
FNH:1
FNDA:10,_bytes4ToBytes32
DA:9,10
LF:1
LH:1
BRF:0
BRH:0
end_of_record
TN:
SF:/Users/cyotee/Development/github-mimir-solutions/daosys/contracts/evm/create/utils/CreateUtils.sol
FN:14,_deploy
FNF:1
FNH:1
FNDA:20,_deploy
DA:15,20
DA:21,20
LF:2
LH:2
BRDA:21,1,0,16
BRDA:21,1,1,4
BRF:2
BRH:2
end_of_record
TN:
SF:/Users/cyotee/Development/github-mimir-solutions/daosys/contracts/evm/create/utils/mocks/CreateUtilsMock.sol
FN:15,deploy
FNF:1
FNH:1
FNDA:16,deploy
DA:16,16
LF:1
LH:1
BRF:0
BRH:0
end_of_record
TN:
SF:/Users/cyotee/Development/github-mimir-solutions/daosys/contracts/evm/create2/utils/Create2Utils.sol
FN:16,_calculateDeploymentAddress
FN:43,_calculateInitCodeHash
FN:56,_deployWithSalt
FNF:3
FNH:3
FNDA:7,_calculateDeploymentAddress
FNDA:1,_calculateInitCodeHash
FNDA:716,_deployWithSalt
DA:21,7
DA:46,1
DA:57,716
DA:62,716
LF:4
LH:4
BRDA:62,1,0,626
BRDA:62,1,1,90
BRF:2
BRH:2
end_of_record
TN:
SF:/Users/cyotee/Development/github-mimir-solutions/daosys/contracts/evm/create2/utils/mocks/Create2UtilsMock.sol
FN:16,calculateDeploymentAddress
FN:28,calculateInitCodeHash
FN:41,deployWithSalt
FNF:3
FNH:3
FNDA:6,calculateDeploymentAddress
FNDA:1,calculateInitCodeHash
FNDA:65,deployWithSalt
DA:21,6
DA:31,1
DA:42,65
LF:3
LH:3
BRF:0
BRH:0
end_of_record
TN:
SF:/Users/cyotee/Development/github-mimir-solutions/daosys/contracts/factory/proxy/service/interfaces/IServiceProxyFactory.sol
FNF:0
FNH:0
LF:0
LH:0
BRF:0
BRH:0
end_of_record
TN:
SF:/Users/cyotee/Development/github-mimir-solutions/daosys/contracts/factory/proxy/service/logic/ServiceProxyFactoryLogic.sol
FNF:0
FNH:0
LF:0
LH:0
BRF:0
BRH:0
end_of_record
TN:
SF:/Users/cyotee/Development/github-mimir-solutions/daosys/contracts/factory/proxy/service/ServiceProxyFactory.sol
FN:35,constructor
FN:39,_calcServiceId
FN:60,deployService
FNF:3
FNH:3
FNDA:12,constructor
FNDA:15,_calcServiceId
FNDA:15,deployService
DA:43,15
DA:44,15
DA:46,15
DA:63,15
DA:73,15
LF:5
LH:5
BRF:0
BRH:0
end_of_record
TN:
SF:/Users/cyotee/Development/github-mimir-solutions/daosys/contracts/factory/service/delegate/DelegateServiceFactory.sol
FN:29,_deployDelegateService
FN:50,deployDelegateService
FNF:2
FNH:2
FNDA:20,_deployDelegateService
FNDA:8,deployDelegateService
DA:33,20
DA:38,20
DA:54,8
LF:3
LH:3
BRF:0
BRH:0
end_of_record
TN:
SF:/Users/cyotee/Development/github-mimir-solutions/daosys/contracts/factory/service/delegate/interfaces/IDelegateServiceFactory.sol
FNF:0
FNH:0
LF:0
LH:0
BRF:0
BRH:0
end_of_record
TN:
SF:/Users/cyotee/Development/github-mimir-solutions/daosys/contracts/factory/service/delegate/logic/DelegateServiceFactoryLogic.sol
FN:13,_deployDelegateService
FNF:1
FNH:1
FNDA:20,_deployDelegateService
DA:17,20
DA:21,20
DA:22,20
DA:23,20
DA:24,20
DA:25,20
LF:6
LH:6
BRDA:21,1,0,20
BRDA:21,1,1,0
BRDA:24,2,0,20
BRDA:24,2,1,0
BRDA:25,3,0,20
BRDA:25,3,1,0
BRF:6
BRH:3
end_of_record
TN:
SF:/Users/cyotee/Development/github-mimir-solutions/daosys/contracts/IASE.sol
FNF:0
FNH:0
LF:0
LH:0
BRF:0
BRH:0
end_of_record
TN:
SF:/Users/cyotee/Development/github-mimir-solutions/daosys/contracts/IContext.sol
FNF:0
FNH:0
LF:0
LH:0
BRF:0
BRH:0
end_of_record
TN:
SF:/Users/cyotee/Development/github-mimir-solutions/daosys/contracts/introspection/erc165/ERC165.sol
FN:19,constructor
FN:23,_erc165Init
FN:27,_addSupportedInterface
FN:33,supportsInterface
FNF:4
FNH:2
FNDA:305,constructor
FNDA:0,_erc165Init
FNDA:0,_addSupportedInterface
FNDA:2,supportsInterface
DA:20,305
DA:24,0
DA:30,0
DA:34,2
LF:4
LH:2
BRF:0
BRH:0
end_of_record
TN:
SF:/Users/cyotee/Development/github-mimir-solutions/daosys/contracts/introspection/erc165/ERC165Context.sol
FN:11,interfaceId
FN:15,_functionSelectors
FN:20,calcInterfaceId
FN:27,functionSelectors
FN:31,creationCode
FN:35,codehash
FN:39,name
FN:43,instance
FN:47,mock
FNF:9
FNH:4
FNDA:40,interfaceId
FNDA:0,_functionSelectors
FNDA:0,calcInterfaceId
FNDA:0,functionSelectors
FNDA:0,creationCode
FNDA:35,codehash
FNDA:35,name
FNDA:8,instance
FNDA:0,mock
DA:12,40
DA:16,0
DA:17,0
DA:21,0
DA:22,0
DA:23,0
DA:28,0
DA:32,0
DA:36,35
DA:40,35
DA:44,8
DA:48,0
LF:12
LH:4
BRF:0
BRH:0
end_of_record
TN:
SF:/Users/cyotee/Development/github-mimir-solutions/daosys/contracts/introspection/erc165/interfaces/IERC165.sol
FNF:0
FNH:0
LF:0
LH:0
BRF:0
BRH:0
end_of_record
TN:
SF:/Users/cyotee/Development/github-mimir-solutions/daosys/contracts/introspection/erc165/logic/ERC165Logic.sol
FN:30,_erc165Init
FN:36,_isSupportedInterface
FN:43,_addSupportedInterface
FNF:3
FNH:3
FNDA:305,_erc165Init
FNDA:8,_isSupportedInterface
FNDA:690,_addSupportedInterface
DA:31,305
DA:39,8
DA:46,690
LF:3
LH:3
BRF:0
BRH:0
end_of_record
TN:
SF:/Users/cyotee/Development/github-mimir-solutions/daosys/contracts/introspection/erc165/storage/ERC165Repository.sol
FN:28,_layout
FNF:1
FNH:1
FNDA:698,_layout
DA:29,698
DA:30,698
LF:2
LH:2
BRF:0
BRH:0
end_of_record
TN:
SF:/Users/cyotee/Development/github-mimir-solutions/daosys/contracts/introspection/erc165/storage/ERC165Storage.sol
FNF:0
FNH:0
LF:0
LH:0
BRF:0
BRH:0
end_of_record
TN:
SF:/Users/cyotee/Development/github-mimir-solutions/daosys/contracts/introspection/erc165/storage/ERC165StorageUtils.sol
FN:23,_isSupportedInterface
FN:30,_addSupportedInterface
FNF:2
FNH:2
FNDA:8,_isSupportedInterface
FNDA:690,_addSupportedInterface
DA:27,8
DA:34,690
DA:35,690
LF:3
LH:3
BRDA:34,1,0,690
BRDA:34,1,1,0
BRF:2
BRH:1
end_of_record
TN:
SF:/Users/cyotee/Development/github-mimir-solutions/daosys/contracts/proxies/minimal/generator/logic/MinimalProxyGeneratorLogic.sol
FN:62,_generateMinimalProxyInitCode
FNF:1
FNH:1
FNDA:30,_generateMinimalProxyInitCode
DA:65,30
LF:1
LH:1
BRF:0
BRH:0
end_of_record
TN:
SF:/Users/cyotee/Development/github-mimir-solutions/daosys/contracts/proxies/minimal/generator/mocks/MinimalProxyGeneratorMock.sol
FN:24,deployMinimalProxy
FN:35,deployMinimalProxyWithSalt
FN:45,_calculateMinimalProxyDeploymentAddress
FN:67,calculateMinimalProxyDeploymentAddress
FN:76,generateMinimalProxyInitCode
FNF:5
FNH:5
FNDA:4,deployMinimalProxy
FNDA:8,deployMinimalProxyWithSalt
FNDA:1,_calculateMinimalProxyDeploymentAddress
FNDA:1,calculateMinimalProxyDeploymentAddress
FNDA:2,generateMinimalProxyInitCode
DA:25,4
DA:36,8
DA:49,1
DA:68,1
DA:77,2
LF:5
LH:5
BRF:0
BRH:0
end_of_record
TN:
SF:/Users/cyotee/Development/github-mimir-solutions/daosys/contracts/proxies/Proxy.sol
FN:19,
FNF:1
FNH:1
FNDA:4,
DA:20,4
DA:22,4
LF:2
LH:2
BRF:0
BRH:0
end_of_record
TN:
SF:/Users/cyotee/Development/github-mimir-solutions/daosys/contracts/proxies/selector/interfaces/ISelectorProxy.sol
FNF:0
FNH:0
LF:0
LH:0
BRF:0
BRH:0
end_of_record
TN:
SF:/Users/cyotee/Development/github-mimir-solutions/daosys/contracts/proxies/selector/logic/SelectorProxyLogic.sol
FN:19,_mapImplementation
FN:30,_queryImplementation
FNF:2
FNH:2
FNDA:66,_mapImplementation
FNDA:6,_queryImplementation
DA:23,66
DA:33,6
LF:2
LH:2
BRF:0
BRH:0
end_of_record
TN:
SF:/Users/cyotee/Development/github-mimir-solutions/daosys/contracts/proxies/selector/mocks/SelectorProxyMock.sol
FN:23,mapImplementation
FN:34,ISelectorProxyInterfaceId
FN:38,queryImplementationFunctionSelector
FNF:3
FNH:3
FNDA:6,mapImplementation
FNDA:1,ISelectorProxyInterfaceId
FNDA:1,queryImplementationFunctionSelector
DA:27,6
DA:31,6
DA:35,1
DA:39,1
LF:4
LH:4
BRF:0
BRH:0
end_of_record
TN:
SF:/Users/cyotee/Development/github-mimir-solutions/daosys/contracts/proxies/selector/repository/SelectorProxyRepository.sol
FN:21,_structSlot
FN:25,_saltStorageSlot
FN:32,_layout
FNF:3
FNH:3
FNDA:72,_structSlot
FNDA:72,_saltStorageSlot
FNDA:72,_layout
DA:22,72
DA:28,72
DA:33,72
DA:34,72
LF:4
LH:4
BRF:0
BRH:0
end_of_record
TN:
SF:/Users/cyotee/Development/github-mimir-solutions/daosys/contracts/proxies/selector/SelectorProxy.sol
FN:19,_mapImplementation
FN:29,_mapImplementations
FN:41,_queryImplementation
FN:53,_getImplementation
FN:57,queryImplementation
FNF:5
FNH:5
FNDA:66,_mapImplementation
FNDA:30,_mapImplementations
FNDA:6,_queryImplementation
FNDA:4,_getImplementation
FNDA:2,queryImplementation
DA:23,66
DA:33,30
DA:34,60
DA:44,6
DA:54,4
DA:60,2
LF:6
LH:6
BRF:0
BRH:0
end_of_record
TN:
SF:/Users/cyotee/Development/github-mimir-solutions/daosys/contracts/proxies/selector/storage/SelectorProxyStorageUtils.sol
FN:32,_mapImplementation
FN:43,_queryImplementation
FNF:2
FNH:2
FNDA:66,_mapImplementation
FNDA:6,_queryImplementation
DA:37,66
DA:47,6
LF:2
LH:2
BRF:0
BRH:0
end_of_record
TN:
SF:/Users/cyotee/Development/github-mimir-solutions/daosys/contracts/proxies/selector/storage/type/SelectorProxyStorage.sol
FNF:0
FNH:0
LF:0
LH:0
BRF:0
BRH:0
end_of_record
TN:
SF:/Users/cyotee/Development/github-mimir-solutions/daosys/contracts/proxies/service/interfaces/IServiceProxy.sol
FNF:0
FNH:0
LF:0
LH:0
BRF:0
BRH:0
end_of_record
TN:
SF:/Users/cyotee/Development/github-mimir-solutions/daosys/contracts/proxies/service/mocks/ServiceProxyMock.sol
FNF:0
FNH:0
LF:0
LH:0
BRF:0
BRH:0
end_of_record
TN:
SF:/Users/cyotee/Development/github-mimir-solutions/daosys/contracts/proxies/service/ServiceProxy.sol
FN:32,constructor
FN:49,initServiceProxy
FN:56,_initServiceProxy
FN:79,queryImplementation
FN:88,supportsInterface
FNF:5
FNH:3
FNDA:12,constructor
FNDA:15,initServiceProxy
FNDA:15,_initServiceProxy
FNDA:0,queryImplementation
FNDA:0,supportsInterface
DA:33,12
DA:34,12
DA:35,12
DA:37,12
DA:43,12
DA:52,15
DA:53,15
DA:61,15
DA:64,15
DA:66,15
DA:67,15
DA:69,15
DA:70,30
DA:82,0
DA:89,0
LF:15
LH:13
BRF:0
BRH:0
end_of_record
TN:
SF:/Users/cyotee/Development/github-mimir-solutions/daosys/contracts/proxies/service/ServiceProxyContext.sol
FN:11,interfaceId
FN:26,codehash
FN:30,name
FNF:3
FNH:3
FNDA:48,interfaceId
FNDA:48,codehash
FNDA:48,name
DA:12,48
DA:27,48
DA:31,48
LF:3
LH:3
BRF:0
BRH:0
end_of_record
TN:
SF:/Users/cyotee/Development/github-mimir-solutions/daosys/contracts/registries/service/delegate/DelegateServiceRegistry.sol
FN:59,_registerDelegateService
FN:74,getAllDelegateServiceIds
FN:88,_queryDelegateService
FN:97,queryDelegateServiceAddress
FN:105,_bulkQueryDelegateServiceAddress
FNF:5
FNH:5
FNDA:20,_registerDelegateService
FNDA:3,getAllDelegateServiceIds
FNDA:18,_queryDelegateService
FNDA:3,queryDelegateServiceAddress
FNDA:15,_bulkQueryDelegateServiceAddress
DA:63,20
DA:75,3
DA:91,18
DA:100,3
DA:110,15
LF:5
LH:5
BRF:0
BRH:0
end_of_record
TN:
SF:/Users/cyotee/Development/github-mimir-solutions/daosys/contracts/registries/service/delegate/interfaces/IDelegateServiceRegistry.sol
FNF:0
FNH:0
LF:0
LH:0
BRF:0
BRH:0
end_of_record
TN:
SF:/Users/cyotee/Development/github-mimir-solutions/daosys/contracts/registries/service/delegate/logic/DelegateServiceRegistryLogic.sol
FN:21,_registerDelegateService
FN:32,_queryDelegateService
FN:41,_bulkQueryDelegateService
FN:55,_getAllDelegateServiceIds
FNF:4
FNH:4
FNDA:20,_registerDelegateService
FNDA:18,_queryDelegateService
FNDA:15,_bulkQueryDelegateService
FNDA:3,_getAllDelegateServiceIds
DA:25,20
DA:35,18
DA:45,15
DA:47,15
DA:48,15
DA:56,3
LF:6
LH:6
BRF:0
BRH:0
end_of_record
TN:
SF:/Users/cyotee/Development/github-mimir-solutions/daosys/contracts/registries/service/delegate/repository/DelegateServiceRepository.sol
FN:20,_structSlot
FN:24,_saltStorageSlot
FN:31,_layout
FNF:3
FNH:3
FNDA:56,_structSlot
FNDA:56,_saltStorageSlot
FNDA:56,_layout
DA:21,56
DA:27,56
DA:32,56
DA:33,56
LF:4
LH:4
BRF:0
BRH:0
end_of_record
TN:
SF:/Users/cyotee/Development/github-mimir-solutions/daosys/contracts/registries/service/delegate/storage/DelegateServiceRegistryStorageUtils.sol
FN:28,_mapDelegateServiceAddress
FN:41,_queryDelegateService
FN:60,_getAllDelegateServiceIds
FNF:3
FNH:3
FNDA:20,_mapDelegateServiceAddress
FNDA:33,_queryDelegateService
FNDA:3,_getAllDelegateServiceIds
DA:33,20
DA:37,20
DA:38,20
DA:45,33
DA:63,3
LF:5
LH:5
BRF:0
BRH:0
end_of_record
TN:
SF:/Users/cyotee/Development/github-mimir-solutions/daosys/contracts/registries/service/delegate/type/DelegateServiceRegistryStorage.sol
FNF:0
FNH:0
LF:0
LH:0
BRF:0
BRH:0
end_of_record
TN:
SF:/Users/cyotee/Development/github-mimir-solutions/daosys/contracts/repositories/collections/mappings/Bytes4ToAddressRepository.sol
FNF:0
FNH:0
LF:0
LH:0
BRF:0
BRH:0
end_of_record
TN:
SF:/Users/cyotee/Development/github-mimir-solutions/daosys/contracts/repositories/primitives/bytes/Bytes32Repository.sol
FNF:0
FNH:0
LF:0
LH:0
BRF:0
BRH:0
end_of_record
TN:
SF:/Users/cyotee/Development/github-mimir-solutions/daosys/contracts/security/access/immutable/Immutable.sol
FN:9,isNotImmutable
FNF:1
FNH:1
FNDA:46,isNotImmutable
DA:10,46
DA:11,40
DA:12,40
LF:3
LH:3
BRDA:10,1,0,40
BRDA:10,1,1,6
BRF:2
BRH:2
end_of_record
TN:
SF:/Users/cyotee/Development/github-mimir-solutions/daosys/contracts/security/access/immutable/logic/ImmutableLogic.sol
FN:11,_makeImmutable
FN:15,_isImmutable
FNF:2
FNH:2
FNDA:64,_makeImmutable
FNDA:46,_isImmutable
DA:12,64
DA:16,46
LF:2
LH:2
BRF:0
BRH:0
end_of_record
TN:
SF:/Users/cyotee/Development/github-mimir-solutions/daosys/contracts/security/access/immutable/mocks/ImmutableMock.sol
FN:20,testImmutable
FNF:1
FNH:1
FNDA:3,testImmutable
DA:21,3
LF:1
LH:1
BRF:0
BRH:0
end_of_record
TN:
SF:/Users/cyotee/Development/github-mimir-solutions/daosys/contracts/security/access/immutable/repository/ImmutableStorageRepository.sol
FN:13,_makeImmutable
FN:17,_isImmutable
FNF:2
FNH:2
FNDA:64,_makeImmutable
FNDA:46,_isImmutable
DA:14,64
DA:18,46
LF:2
LH:2
BRF:0
BRH:0
end_of_record
TN:
SF:/Users/cyotee/Development/github-mimir-solutions/daosys/contracts/security/access/immutable/storage/ImmutableStorageUtils.sol
FN:19,_structSlot
FN:24,_saltStorageSlot
FN:31,_layout
FN:36,_makeImmutable
FN:40,_isImmutable
FNF:5
FNH:5
FNDA:110,_structSlot
FNDA:110,_saltStorageSlot
FNDA:110,_layout
FNDA:64,_makeImmutable
FNDA:46,_isImmutable
DA:20,110
DA:27,110
DA:32,110
DA:33,110
DA:37,64
DA:41,46
LF:6
LH:6
BRF:0
BRH:0
end_of_record
TN:
SF:/Users/cyotee/Development/github-mimir-solutions/daosys/contracts/security/access/immutable/storage/type/ImmutableStorage.sol
FNF:0
FNH:0
LF:0
LH:0
BRF:0
BRH:0
end_of_record
TN:
SF:/Users/cyotee/Development/github-mimir-solutions/daosys/contracts/Seed.sol
FN:12,constructor
FNF:1
FNH:0
FNDA:0,constructor
LF:0
LH:0
BRF:0
BRH:0
end_of_record
TN:
SF:/Users/cyotee/Development/github-mimir-solutions/daosys/contracts/service/delegate/DelegateService.sol
FN:25,constructor
FN:32,_addServiceDef
FN:42,_addServiceDef
FN:52,setDeploymentSalt
FN:58,getDelegateServiceRegistry
FN:62,getServiceDefs
FN:66,getCreate2Pedigree
FN:71,supportsInterface
FNF:8
FNH:7
FNDA:44,constructor
FNDA:32,_addServiceDef
FNDA:15,_addServiceDef
FNDA:20,setDeploymentSalt
FNDA:21,getDelegateServiceRegistry
FNDA:18,getServiceDefs
FNDA:23,getCreate2Pedigree
FNDA:0,supportsInterface
DA:26,44
DA:27,44
DA:36,32
DA:45,15
DA:53,20
DA:55,20
DA:59,21
DA:63,18
DA:67,23
DA:72,0
LF:10
LH:9
BRF:0
BRH:0
end_of_record
TN:
SF:/Users/cyotee/Development/github-mimir-solutions/daosys/contracts/service/delegate/interfaces/IDelegateService.sol
FNF:0
FNH:0
LF:0
LH:0
BRF:0
BRH:0
end_of_record
TN:
SF:/Users/cyotee/Development/github-mimir-solutions/daosys/contracts/service/delegate/logic/DelegateServiceLogic.sol
FN:26,_initDelegateService
FN:34,_setDelegateServiceRegistry
FN:43,_getDelegateServiceRegistry
FN:50,_addServiceDef
FN:60,_addServiceDef
FN:68,_setDeploymentSalt
FN:74,_getFactory
FN:78,_getDeploymentSalt
FN:83,_getPedigree
FN:88,_getServiceDefs
FN:109,_supportsInterface
FNF:11
FNH:8
FNDA:44,_initDelegateService
FNDA:44,_setDelegateServiceRegistry
FNDA:21,_getDelegateServiceRegistry
FNDA:32,_addServiceDef
FNDA:15,_addServiceDef
FNDA:32,_setDeploymentSalt
FNDA:0,_getFactory
FNDA:0,_getDeploymentSalt
FNDA:23,_getPedigree
FNDA:18,_getServiceDefs
FNDA:0,_supportsInterface
DA:28,44
DA:29,44
DA:37,44
DA:45,21
DA:54,32
DA:63,15
DA:71,32
DA:75,0
DA:80,0
DA:84,23
DA:85,23
DA:92,18
DA:110,0
LF:13
LH:10
BRF:0
BRH:0
end_of_record
TN:
SF:/Users/cyotee/Development/github-mimir-solutions/daosys/contracts/service/delegate/mocks/DelegateServiceMock.sol
FNF:0
FNH:0
LF:0
LH:0
BRF:0
BRH:0
end_of_record
TN:
SF:/Users/cyotee/Development/github-mimir-solutions/daosys/contracts/service/delegate/repository/DelegateServiceRepository.sol
FN:13,_setDelegateServiceRegistry
FN:23,_getDelegateServiceRegistry
FNF:2
FNH:2
FNDA:44,_setDelegateServiceRegistry
FNDA:21,_getDelegateServiceRegistry
DA:17,44
DA:26,21
LF:2
LH:2
BRF:0
BRH:0
end_of_record
TN:
SF:/Users/cyotee/Development/github-mimir-solutions/daosys/contracts/service/delegate/storage/DelegateServiceStorageUtils.sol
FN:16,_structSlot
FN:20,_saltStorageSlot
FN:27,_layout
FN:32,_setDelegateServiceRegistry
FN:39,_getDelegateServiceRegistry
FNF:5
FNH:5
FNDA:65,_structSlot
FNDA:65,_saltStorageSlot
FNDA:65,_layout
FNDA:44,_setDelegateServiceRegistry
FNDA:21,_getDelegateServiceRegistry
DA:17,65
DA:23,65
DA:28,65
DA:29,65
DA:36,44
DA:42,21
LF:6
LH:6
BRF:0
BRH:0
end_of_record
TN:
SF:/Users/cyotee/Development/github-mimir-solutions/daosys/contracts/service/delegate/storage/type/DelegateServiceStorage.sol
FNF:0
FNH:0
LF:0
LH:0
BRF:0
BRH:0
end_of_record
TN:
SF:/Users/cyotee/Development/github-mimir-solutions/daosys/contracts/service/interfaces/IService.sol
FNF:0
FNH:0
LF:0
LH:0
BRF:0
BRH:0
end_of_record
TN:
SF:/Users/cyotee/Development/github-mimir-solutions/daosys/contracts/service/logic/ServiceLogic.sol
FN:27,_initService
FN:36,_addServiceDef
FN:50,_addServiceDef
FN:62,_setDeploymentSalt
FN:70,_getFactory
FN:74,_getDeploymentSalt
FN:86,_getServiceDefs
FN:109,_supportsInterface
FNF:8
FNH:8
FNDA:341,_initService
FNDA:33,_addServiceDef
FNDA:15,_addServiceDef
FNDA:34,_setDeploymentSalt
FNDA:25,_getFactory
FNDA:25,_getDeploymentSalt
FNDA:19,_getServiceDefs
FNDA:6,_supportsInterface
DA:28,341
DA:31,341
DA:40,33
DA:53,15
DA:65,34
DA:71,25
DA:76,25
DA:90,19
DA:110,6
LF:9
LH:9
BRF:0
BRH:0
end_of_record
TN:
SF:/Users/cyotee/Development/github-mimir-solutions/daosys/contracts/service/mocks/ServiceMock.sol
FN:29,addServiceDef
FN:40,supportsInterface
FN:44,getServiceDefs
FNF:3
FNH:3
FNDA:1,addServiceDef
FNDA:3,supportsInterface
FNDA:1,getServiceDefs
DA:33,1
DA:37,1
DA:41,3
DA:45,1
LF:4
LH:4
BRF:0
BRH:0
end_of_record
TN:
SF:/Users/cyotee/Development/github-mimir-solutions/daosys/contracts/service/Service.sol
FN:30,constructor
FN:34,_addServiceDef
FN:44,_addServiceDef
FN:54,setDeploymentSalt
FN:60,supportsInterface
FN:64,getCreate2Pedigree
FN:69,getServiceDefs
FNF:7
FNH:6
FNDA:297,constructor
FNDA:1,_addServiceDef
FNDA:0,_addServiceDef
FNDA:2,setDeploymentSalt
FNDA:6,supportsInterface
FNDA:2,getCreate2Pedigree
FNDA:1,getServiceDefs
DA:31,297
DA:38,1
DA:47,0
DA:55,2
DA:57,2
DA:61,6
DA:65,2
DA:66,2
DA:70,1
LF:9
LH:8
BRF:0
BRH:0
end_of_record
TN:
SF:/Users/cyotee/Development/github-mimir-solutions/daosys/contracts/service/ServiceContext.sol
FN:12,interfaceId
FN:16,_functionSelectors
FN:24,calcInterfaceId
FN:31,functionSelectors
FN:35,creationCode
FN:39,codehash
FN:43,name
FN:47,instance
FN:51,mock
FNF:9
FNH:7
FNDA:164,interfaceId
FNDA:2,_functionSelectors
FNDA:0,calcInterfaceId
FNDA:2,functionSelectors
FNDA:0,creationCode
FNDA:117,codehash
FNDA:117,name
FNDA:135,instance
FNDA:135,mock
DA:13,164
DA:17,2
DA:18,2
DA:19,2
DA:20,2
DA:21,2
DA:25,0
DA:26,0
DA:27,0
DA:32,2
DA:36,0
DA:40,117
DA:44,117
DA:48,135
DA:52,135
LF:15
LH:11
BRF:0
BRH:0
end_of_record
TN:
SF:/Users/cyotee/Development/github-mimir-solutions/daosys/contracts/service/storage/ServiceDefSet.sol
FNF:0
FNH:0
LF:0
LH:0
BRF:0
BRH:0
end_of_record
TN:
SF:/Users/cyotee/Development/github-mimir-solutions/daosys/contracts/service/storage/ServiceDefSetRepository.sol
FNF:0
FNH:0
LF:0
LH:0
BRF:0
BRH:0
end_of_record
TN:
SF:/Users/cyotee/Development/github-mimir-solutions/daosys/contracts/service/storage/ServiceDefSetUtils.sol
FN:20,_contains
FN:47,_add
FN:89,_setAsArray
FNF:3
FNH:3
FNDA:48,_contains
FNDA:48,_add
FNDA:19,_setAsArray
DA:26,48
DA:51,48
DA:52,48
DA:54,48
DA:55,48
DA:57,0
DA:90,19
LF:7
LH:6
BRDA:51,1,0,48
BRDA:51,1,1,0
BRF:2
BRH:1
end_of_record
TN:
SF:/Users/cyotee/Development/github-mimir-solutions/daosys/contracts/service/storage/ServiceRepository.sol
FN:17,_layout
FNF:1
FNH:1
FNDA:492,_layout
DA:18,492
DA:19,492
LF:2
LH:2
BRF:0
BRH:0
end_of_record
TN:
SF:/Users/cyotee/Development/github-mimir-solutions/daosys/contracts/service/storage/ServiceStorage.sol
FNF:0
FNH:0
LF:0
LH:0
BRF:0
BRH:0
end_of_record
TN:
SF:/Users/cyotee/Development/github-mimir-solutions/daosys/contracts/service/storage/ServiceStorageUtils.sol
FN:49,_setFactory
FN:56,_getFactory
FN:64,_setDeploymentSalt
FN:71,_getDeploymentSalt
FN:79,_addServiceDef
FN:99,_getServiceDefs
FN:105,_getServiceInterfaceIds
FN:113,_getServiceFunctionSelectors
FNF:8
FNH:6
FNDA:341,_setFactory
FNDA:25,_getFactory
FNDA:34,_setDeploymentSalt
FNDA:25,_getDeploymentSalt
FNDA:48,_addServiceDef
FNDA:19,_getServiceDefs
FNDA:0,_getServiceInterfaceIds
FNDA:0,_getServiceFunctionSelectors
DA:53,341
DA:61,25
DA:68,34
DA:76,25
DA:83,48
DA:87,48
DA:91,48
DA:92,98
DA:102,19
DA:110,0
DA:118,0
LF:11
LH:9
BRDA:83,1,0,48
BRDA:83,1,1,0
BRDA:87,2,0,48
BRDA:87,2,1,0
BRDA:92,3,0,98
BRDA:92,3,1,0
BRF:6
BRH:3
end_of_record
TN:
SF:/Users/cyotee/Development/github-mimir-solutions/daosys/contracts/storage/collections/mappings/Bytes4ToAddressUtils.sol
FN:41,_mapValue
FN:49,_queryValue
FNF:2
FNH:2
FNDA:86,_mapValue
FNDA:39,_queryValue
DA:46,86
DA:53,39
LF:2
LH:2
BRF:0
BRH:0
end_of_record
TN:
SF:/Users/cyotee/Development/github-mimir-solutions/daosys/contracts/storage/collections/sets/address/AddressSetUtils.sol
FN:48,_contains
FN:73,_add
FNF:2
FNH:2
FNDA:20,_contains
FNDA:20,_add
DA:52,20
DA:77,20
DA:78,20
DA:79,20
DA:80,20
DA:82,0
LF:6
LH:5
BRDA:77,1,0,20
BRDA:77,1,1,0
BRF:2
BRH:1
end_of_record
TN:
SF:/Users/cyotee/Development/github-mimir-solutions/daosys/contracts/storage/collections/sets/bytes/bytes4/repository/Bytes4SetRepository.sol
FNF:0
FNH:0
LF:0
LH:0
BRF:0
BRH:0
end_of_record
TN:
SF:/Users/cyotee/Development/github-mimir-solutions/daosys/contracts/storage/collections/sets/bytes/bytes4/type/Bytes4Set.sol
FNF:0
FNH:0
LF:0
LH:0
BRF:0
BRH:0
end_of_record
TN:
SF:/Users/cyotee/Development/github-mimir-solutions/daosys/contracts/storage/collections/sets/bytes/bytes4/utils/Bytes4SetUtils.sol
FN:15,_contains
FN:45,_add
FN:85,_setAsArray
FNF:3
FNH:3
FNDA:864,_contains
FNDA:856,_add
FNDA:3,_setAsArray
DA:23,864
DA:49,856
DA:50,856
DA:51,856
DA:52,856
DA:54,0
DA:86,3
LF:7
LH:6
BRDA:49,1,0,856
BRDA:49,1,1,0
BRF:2
BRH:1
end_of_record
TN:
SF:/Users/cyotee/Development/github-mimir-solutions/daosys/contracts/storage/collections/sets/bytes/mocks/Bytes4SetMock.sol
FNF:0
FNH:0
LF:0
LH:0
BRF:0
BRH:0
end_of_record
TN:
SF:/Users/cyotee/Development/github-mimir-solutions/daosys/contracts/storage/primitives/address/AddressUtils.sol
FN:17,_structSlot
FN:21,_saltStorageSlot
FN:28,_layout
FN:33,_setValue
FN:40,_getValue
FN:46,_wipeValue
FNF:6
FNH:6
FNDA:78,_structSlot
FNDA:39,_saltStorageSlot
FNDA:39,_layout
FNDA:495,_setValue
FNDA:88,_getValue
FNDA:12,_wipeValue
DA:18,78
DA:24,39
DA:29,39
DA:30,39
DA:37,495
DA:43,88
DA:49,12
LF:7
LH:7
BRF:0
BRH:0
end_of_record
TN:
SF:/Users/cyotee/Development/github-mimir-solutions/daosys/contracts/storage/primitives/address/mocks/AddressUtilsMock.sol
FN:19,setValue
FN:24,getValue
FN:28,wipeValue
FNF:3
FNH:3
FNDA:24,setValue
FNDA:3,getValue
FNDA:12,wipeValue
DA:20,24
DA:21,18
DA:25,3
DA:29,12
DA:30,9
LF:5
LH:5
BRF:0
BRH:0
end_of_record
TN:
SF:/Users/cyotee/Development/github-mimir-solutions/daosys/contracts/storage/primitives/bool/BoolUtils.sol
FN:15,_structSlot
FN:19,_saltStorageSlot
FN:32,_layout
FN:37,_setValue
FN:44,_getValue
FN:50,_wipeValue
FNF:6
FNH:5
FNDA:118,_structSlot
FNDA:4,_saltStorageSlot
FNDA:4,_layout
FNDA:67,_setValue
FNDA:47,_getValue
FNDA:0,_wipeValue
DA:16,118
DA:22,4
DA:33,4
DA:34,4
DA:41,67
DA:47,47
DA:53,0
LF:7
LH:6
BRF:0
BRH:0
end_of_record
TN:
SF:/Users/cyotee/Development/github-mimir-solutions/daosys/contracts/storage/primitives/bool/mocks/BoolUtilsMock.sol
FN:16,setValue
FN:21,getValue
FNF:2
FNH:2
FNDA:3,setValue
FNDA:1,getValue
DA:17,3
DA:18,3
DA:22,1
LF:3
LH:3
BRF:0
BRH:0
end_of_record
TN:
SF:/Users/cyotee/Development/github-mimir-solutions/daosys/contracts/storage/primitives/bytes/Bytes32Utils.sol
FN:37,_setValue
FN:44,_getValue
FNF:2
FNH:2
FNDA:34,_setValue
FNDA:25,_getValue
DA:41,34
DA:47,25
LF:2
LH:2
BRF:0
BRH:0
end_of_record
TN:
SF:/Users/cyotee/Development/github-mimir-solutions/daosys/contracts/storage/primitives/bytes/Bytes4Utils.sol
FN:12,_structSlot
FN:16,_saltStorageSlot
FN:23,_layout
FN:28,_setValue
FN:35,_getValue
FN:41,_wipeValue
FNF:6
FNH:5
FNDA:8,_structSlot
FNDA:4,_saltStorageSlot
FNDA:4,_layout
FNDA:3,_setValue
FNDA:1,_getValue
FNDA:0,_wipeValue
DA:13,8
DA:19,4
DA:24,4
DA:25,4
DA:32,3
DA:38,1
DA:44,0
LF:7
LH:6
BRF:0
BRH:0
end_of_record
TN:
SF:/Users/cyotee/Development/github-mimir-solutions/daosys/contracts/storage/primitives/bytes/mocks/Bytes32UtilsMock.sol
FNF:0
FNH:0
LF:0
LH:0
BRF:0
BRH:0
end_of_record
TN:
SF:/Users/cyotee/Development/github-mimir-solutions/daosys/contracts/storage/primitives/bytes/mocks/Bytes4UtilsMock.sol
FN:14,setValue
FN:19,getValue
FNF:2
FNH:2
FNDA:3,setValue
FNDA:1,getValue
DA:15,3
DA:16,3
DA:20,1
LF:3
LH:3
BRF:0
BRH:0
end_of_record
TN:
SF:/Users/cyotee/Development/github-mimir-solutions/daosys/contracts/storage/primitives/string/String.sol
FNF:0
FNH:0
LF:0
LH:0
BRF:0
BRH:0
end_of_record
TN:
SF:/Users/cyotee/Development/github-mimir-solutions/daosys/contracts/storage/primitives/string/StringMock.sol
FN:20,setValue
FN:25,getValue
FNF:2
FNH:2
FNDA:3,setValue
FNDA:1,getValue
DA:21,3
DA:22,3
DA:26,1
LF:3
LH:3
BRF:0
BRH:0
end_of_record
TN:
SF:/Users/cyotee/Development/github-mimir-solutions/daosys/contracts/storage/primitives/string/StringRepository.sol
FN:32,_layout
FNF:1
FNH:1
FNDA:4,_layout
DA:37,4
DA:38,4
LF:2
LH:2
BRF:0
BRH:0
end_of_record
TN:
SF:/Users/cyotee/Development/github-mimir-solutions/daosys/contracts/storage/primitives/string/StringUtils.sol
FN:24,_setValue
FN:36,_getValue
FN:48,_wipeValue
FNF:3
FNH:2
FNDA:6,_setValue
FNDA:4,_getValue
FNDA:0,_wipeValue
DA:28,6
DA:41,4
DA:51,0
LF:3
LH:2
BRF:0
BRH:0
end_of_record
TN:
SF:/Users/cyotee/Development/github-mimir-solutions/daosys/contracts/test/stubs/messenger/impls/service/delegate/MessengerDelegateService.sol
FN:20,constructor
FN:32,setMessage
FN:39,getMessage
FNF:3
FNH:3
FNDA:20,constructor
FNDA:6,setMessage
FNDA:4,getMessage
DA:22,20
DA:23,20
DA:24,20
DA:26,20
DA:35,6
DA:36,6
DA:40,4
LF:7
LH:7
BRF:0
BRH:0
end_of_record
TN:
SF:/Users/cyotee/Development/github-mimir-solutions/daosys/contracts/test/stubs/messenger/interfaces/IMessenger.sol
FNF:0
FNH:0
LF:0
LH:0
BRF:0
BRH:0
end_of_record
TN:
SF:/Users/cyotee/Development/github-mimir-solutions/daosys/contracts/test/stubs/messenger/logic/MessengerLogic.sol
FN:29,_setMessage
FN:40,_getMessage
FNF:2
FNH:2
FNDA:3,_setMessage
FNDA:3,_getMessage
DA:33,3
DA:37,3
DA:44,3
LF:3
LH:3
BRF:0
BRH:0
end_of_record
TN:
SF:/Users/cyotee/Development/github-mimir-solutions/daosys/contracts/test/stubs/messenger/Messenger.sol
FN:34,setMessage
FN:51,getMessage
FNF:2
FNH:2
FNDA:3,setMessage
FNDA:3,getMessage
DA:40,3
DA:41,3
DA:55,3
LF:3
LH:3
BRF:0
BRH:0
end_of_record
TN:
SF:/Users/cyotee/Development/github-mimir-solutions/daosys/contracts/test/stubs/messenger/MessengerContext.sol
FN:11,interfaceId
FN:15,_functionSelectors
FN:21,calcInterfaceId
FN:28,functionSelectors
FN:32,creationCode
FN:36,codehash
FN:40,name
FN:44,instance
FN:48,mock
FNF:9
FNH:9
FNDA:84,interfaceId
FNDA:3,_functionSelectors
FNDA:1,calcInterfaceId
FNDA:2,functionSelectors
FNDA:1,creationCode
FNDA:61,codehash
FNDA:61,name
FNDA:45,instance
FNDA:1,mock
DA:12,84
DA:16,3
DA:17,3
DA:18,3
DA:22,1
DA:23,1
DA:24,2
DA:29,2
DA:33,1
DA:37,61
DA:41,61
DA:45,45
DA:49,1
LF:13
LH:13
BRF:0
BRH:0
end_of_record
TN:
SF:/Users/cyotee/Development/github-mimir-solutions/daosys/contracts/test/stubs/messenger/mocks/MessengerMock.sol
FNF:0
FNH:0
LF:0
LH:0
BRF:0
BRH:0
end_of_record
TN:
SF:/Users/cyotee/Development/github-mimir-solutions/daosys/contracts/test/stubs/messenger/storage/MessengerRepository.sol
FN:30,_layout
FNF:1
FNH:1
FNDA:6,_layout
DA:35,6
DA:36,6
LF:2
LH:2
BRF:0
BRH:0
end_of_record
TN:
SF:/Users/cyotee/Development/github-mimir-solutions/daosys/contracts/test/stubs/messenger/storage/MessengerStorage.sol
FNF:0
FNH:0
LF:0
LH:0
BRF:0
BRH:0
end_of_record
TN:
SF:/Users/cyotee/Development/github-mimir-solutions/daosys/contracts/test/stubs/messenger/storage/MessengerStorageUtils.sol
FN:27,_setMessage
FN:39,_getMessage
FNF:2
FNH:2
FNDA:3,_setMessage
FNDA:3,_getMessage
DA:31,3
DA:44,3
LF:2
LH:2
BRF:0
BRH:0
end_of_record
TN:
SF:/Users/cyotee/Development/github-mimir-solutions/daosys/contracts/types/collections/mappings/Bytes4ToAddress.sol
FNF:0
FNH:0
LF:0
LH:0
BRF:0
BRH:0
end_of_record
TN:
SF:/Users/cyotee/Development/github-mimir-solutions/daosys/contracts/types/collections/sets/address/AddressSet.sol
FNF:0
FNH:0
LF:0
LH:0
BRF:0
BRH:0
end_of_record
TN:
SF:/Users/cyotee/Development/github-mimir-solutions/daosys/contracts/types/primitives/address/Address.sol
FNF:0
FNH:0
LF:0
LH:0
BRF:0
BRH:0
end_of_record
TN:
SF:/Users/cyotee/Development/github-mimir-solutions/daosys/contracts/types/primitives/bool/Bool.sol
FNF:0
FNH:0
LF:0
LH:0
BRF:0
BRH:0
end_of_record
TN:
SF:/Users/cyotee/Development/github-mimir-solutions/daosys/contracts/types/primitives/bytes/Bytes32.sol
FNF:0
FNH:0
LF:0
LH:0
BRF:0
BRH:0
end_of_record
TN:
SF:/Users/cyotee/Development/github-mimir-solutions/daosys/contracts/types/primitives/bytes/Bytes4.sol
FNF:0
FNH:0
LF:0
LH:0
BRF:0
BRH:0
end_of_record
